2024-05-29 13:46:41.823 -05:00 [INF] INICIO | UsuarioRepository - GetAllUsuariosAsync
2024-05-29 13:46:44.506 -05:00 [INF] FIN | Database - ExecuteReaderAsync
2024-05-29 13:46:44.506 -05:00 [INF] FIN | UsuarioRepository - GetAllUsuariosAsync
2024-05-29 13:47:15.426 -05:00 [INF] INICIO | UsuarioRepository - GetAllUsuariosAsync
2024-05-29 13:47:15.430 -05:00 [INF] FIN | Database - ExecuteReaderAsync
2024-05-29 13:47:15.430 -05:00 [INF] FIN | UsuarioRepository - GetAllUsuariosAsync
2024-05-29 13:47:45.864 -05:00 [INF] INICIO | UsuarioRepository - GetAllUsuariosAsync
2024-05-29 13:47:45.894 -05:00 [INF] FIN | Database - ExecuteReaderAsync
2024-05-29 13:47:45.894 -05:00 [INF] FIN | UsuarioRepository - GetAllUsuariosAsync
2024-05-29 13:50:21.458 -05:00 [INF] INICIO | UsuarioRepository - GetAllUsuariosAsync
2024-05-29 13:50:21.506 -05:00 [INF] FIN | Database - ExecuteReaderAsync
2024-05-29 13:50:21.506 -05:00 [INF] FIN | UsuarioRepository - GetAllUsuariosAsync
2024-05-29 13:54:20.827 -05:00 [INF] INICIO | UsuarioRepository - GetAllUsuariosAsync
2024-05-29 13:54:20.871 -05:00 [INF] FIN | Database - ExecuteReaderAsync
2024-05-29 13:54:20.871 -05:00 [INF] FIN | UsuarioRepository - GetAllUsuariosAsync
2024-05-29 13:54:57.094 -05:00 [INF] INICIO | UsuarioRepository - GetAllUsuariosAsync
2024-05-29 13:54:57.096 -05:00 [INF] FIN | Database - ExecuteReaderAsync
2024-05-29 13:54:57.096 -05:00 [INF] FIN | UsuarioRepository - GetAllUsuariosAsync
2024-05-29 13:55:55.915 -05:00 [INF] INICIO | UsuarioRepository - GetAllUsuariosAsync
2024-05-29 13:55:55.951 -05:00 [INF] FIN | Database - ExecuteReaderAsync
2024-05-29 13:55:55.951 -05:00 [INF] FIN | UsuarioRepository - GetAllUsuariosAsync
2024-05-29 19:27:47.507 -05:00 [INF] INICIO | UsuarioRepository - GetAllUsuariosAsync
2024-05-29 19:27:48.543 -05:00 [INF] FIN | Database - ExecuteReaderAsync
2024-05-29 19:27:48.544 -05:00 [INF] FIN | UsuarioRepository - GetAllUsuariosAsync
2024-05-29 19:28:39.971 -05:00 [INF] INICIO | UsuarioRepository - GetAllUsuariosAsync
2024-05-29 19:28:40.031 -05:00 [INF] FIN | Database - ExecuteReaderAsync
2024-05-29 19:28:40.032 -05:00 [INF] FIN | UsuarioRepository - GetAllUsuariosAsync
2024-05-29 19:31:19.667 -05:00 [INF] INICIO | UsuarioRepository - GetAllUsuariosAsync
2024-05-29 19:31:19.706 -05:00 [INF] FIN | Database - ExecuteReaderAsync
2024-05-29 19:31:19.706 -05:00 [INF] FIN | UsuarioRepository - GetAllUsuariosAsync
2024-05-29 19:33:41.657 -05:00 [INF] INICIO | UsuarioRepository - GetAllUsuariosAsync
2024-05-29 19:33:41.675 -05:00 [INF] FIN | Database - ExecuteReaderAsync
2024-05-29 19:33:41.675 -05:00 [INF] FIN | UsuarioRepository - GetAllUsuariosAsync
2024-05-29 19:34:54.991 -05:00 [INF] INICIO | UsuarioRepository - GetAllUsuariosAsync
2024-05-29 19:34:55.008 -05:00 [INF] FIN | Database - ExecuteReaderAsync
2024-05-29 19:34:55.008 -05:00 [INF] FIN | UsuarioRepository - GetAllUsuariosAsync
2024-05-29 19:35:08.532 -05:00 [INF] INICIO | UsuarioRepository - GetAllUsuariosAsync
2024-05-29 19:35:08.555 -05:00 [INF] FIN | Database - ExecuteReaderAsync
2024-05-29 19:35:08.555 -05:00 [INF] FIN | UsuarioRepository - GetAllUsuariosAsync
2024-05-29 19:35:50.365 -05:00 [INF] INICIO | UsuarioRepository - GetAllUsuariosAsync
2024-05-29 19:35:50.378 -05:00 [INF] FIN | Database - ExecuteReaderAsync
2024-05-29 19:35:50.378 -05:00 [INF] FIN | UsuarioRepository - GetAllUsuariosAsync
2024-05-29 19:39:54.064 -05:00 [INF] INICIO | UsuarioRepository - GetAllUsuariosAsync
2024-05-29 19:39:54.147 -05:00 [INF] FIN | Database - ExecuteReaderAsync
2024-05-29 19:39:54.147 -05:00 [INF] FIN | UsuarioRepository - GetAllUsuariosAsync
2024-05-29 19:45:44.175 -05:00 [INF] INICIO | UsuarioRepository - GetAllUsuariosAsync
2024-05-29 19:45:44.298 -05:00 [INF] FIN | Database - ExecuteReaderAsync
2024-05-29 19:45:44.298 -05:00 [INF] FIN | UsuarioRepository - GetAllUsuariosAsync
2024-05-29 19:47:22.469 -05:00 [INF] INICIO | UsuarioRepository - GetAllUsuariosAsync
2024-05-29 19:47:22.495 -05:00 [INF] FIN | Database - ExecuteReaderAsync
2024-05-29 19:47:22.495 -05:00 [INF] FIN | UsuarioRepository - GetAllUsuariosAsync
2024-05-29 19:51:38.074 -05:00 [INF] INICIO | UsuarioRepository - GetAllUsuariosAsync
2024-05-29 19:51:38.085 -05:00 [INF] FIN | Database - ExecuteReaderAsync
2024-05-29 19:51:38.085 -05:00 [INF] FIN | UsuarioRepository - GetAllUsuariosAsync
2024-05-29 19:51:48.663 -05:00 [INF] INICIO | UsuarioRepository - GetAllUsuariosAsync
2024-05-29 19:51:48.665 -05:00 [INF] FIN | Database - ExecuteReaderAsync
2024-05-29 19:51:48.665 -05:00 [INF] FIN | UsuarioRepository - GetAllUsuariosAsync
2024-05-29 19:52:25.260 -05:00 [INF] INICIO | UsuarioRepository - GetAllUsuariosAsync
2024-05-29 19:52:25.276 -05:00 [INF] FIN | Database - ExecuteReaderAsync
2024-05-29 19:52:25.276 -05:00 [INF] FIN | UsuarioRepository - GetAllUsuariosAsync
2024-05-29 19:53:22.123 -05:00 [INF] INICIO | UsuarioRepository - GetAllUsuariosAsync
2024-05-29 19:53:22.138 -05:00 [INF] FIN | Database - ExecuteReaderAsync
2024-05-29 19:53:22.138 -05:00 [INF] FIN | UsuarioRepository - GetAllUsuariosAsync
2024-05-29 19:54:34.318 -05:00 [INF] INICIO | UsuarioRepository - GetAllUsuariosAsync
2024-05-29 19:54:34.337 -05:00 [INF] FIN | Database - ExecuteReaderAsync
2024-05-29 19:54:34.338 -05:00 [INF] FIN | UsuarioRepository - GetAllUsuariosAsync
2024-05-29 20:14:55.558 -05:00 [INF] INICIO | UsuarioRepository - GetAllUsuariosAsync
2024-05-29 20:14:55.787 -05:00 [INF] FIN | Database - ExecuteReaderAsync
2024-05-29 20:14:55.787 -05:00 [INF] FIN | UsuarioRepository - GetAllUsuariosAsync
2024-05-29 20:15:45.238 -05:00 [INF] INICIO | UsuarioRepository - GetAllUsuariosAsync
2024-05-29 20:15:45.281 -05:00 [INF] FIN | Database - ExecuteReaderAsync
2024-05-29 20:15:45.281 -05:00 [INF] FIN | UsuarioRepository - GetAllUsuariosAsync
2024-05-29 20:16:10.570 -05:00 [INF] INICIO | UsuarioRepository - GetAllUsuariosAsync
2024-05-29 20:16:10.587 -05:00 [INF] FIN | Database - ExecuteReaderAsync
2024-05-29 20:16:10.587 -05:00 [INF] FIN | UsuarioRepository - GetAllUsuariosAsync
2024-05-29 20:19:20.566 -05:00 [INF] INICIO | UsuarioRepository - GetAllUsuariosAsync
2024-05-29 20:19:20.767 -05:00 [INF] FIN | Database - ExecuteReaderAsync
2024-05-29 20:19:20.767 -05:00 [INF] FIN | UsuarioRepository - GetAllUsuariosAsync
2024-05-29 20:19:25.235 -05:00 [INF] INICIO | UsuarioRepository - GetAllUsuariosAsync
2024-05-29 20:19:25.248 -05:00 [INF] FIN | Database - ExecuteReaderAsync
2024-05-29 20:19:25.248 -05:00 [INF] FIN | UsuarioRepository - GetAllUsuariosAsync
2024-05-29 20:21:17.264 -05:00 [INF] INICIO | UsuarioRepository - GetAllUsuariosAsync
2024-05-29 20:21:17.286 -05:00 [INF] FIN | Database - ExecuteReaderAsync
2024-05-29 20:21:17.287 -05:00 [INF] FIN | UsuarioRepository - GetAllUsuariosAsync
2024-05-29 20:22:12.735 -05:00 [INF] INICIO | UsuarioRepository - GetAllUsuariosAsync
2024-05-29 20:22:12.756 -05:00 [INF] FIN | Database - ExecuteReaderAsync
2024-05-29 20:22:12.756 -05:00 [INF] FIN | UsuarioRepository - GetAllUsuariosAsync
2024-05-29 20:24:38.975 -05:00 [INF] INICIO | UsuarioRepository - GetAllUsuariosAsync
2024-05-29 20:24:39.161 -05:00 [INF] FIN | Database - ExecuteReaderAsync
2024-05-29 20:24:39.162 -05:00 [INF] FIN | UsuarioRepository - GetAllUsuariosAsync
2024-05-29 20:27:14.464 -05:00 [INF] INICIO | UsuarioRepository - GetAllUsuariosAsync
2024-05-29 20:27:14.670 -05:00 [INF] FIN | Database - ExecuteReaderAsync
2024-05-29 20:27:14.670 -05:00 [INF] FIN | UsuarioRepository - GetAllUsuariosAsync
2024-05-29 20:51:23.598 -05:00 [INF] INICIO | UsuarioRepository - AddUsuarioAsync
2024-05-29 20:51:24.622 -05:00 [INF] INICIO | Database - ExecuteNonQueryAsync
2024-05-29 20:51:24.688 -05:00 [INF] FIN | Database - ExecuteNonQueryAsync
2024-05-29 20:51:24.694 -05:00 [INF] FIN | UsuarioRepository - AddUsuarioAsync
2024-05-29 20:52:41.712 -05:00 [INF] INICIO | UsuarioRepository - GetAllUsuariosAsync
2024-05-29 20:52:41.917 -05:00 [INF] FIN | Database - ExecuteReaderAsync
2024-05-29 20:52:41.917 -05:00 [INF] FIN | UsuarioRepository - GetAllUsuariosAsync
2024-05-29 20:52:49.044 -05:00 [INF] INICIO | UsuarioRepository - GetAllUsuariosAsync
2024-05-29 20:52:49.062 -05:00 [INF] FIN | Database - ExecuteReaderAsync
2024-05-29 20:52:49.062 -05:00 [INF] FIN | UsuarioRepository - GetAllUsuariosAsync
2024-05-29 20:52:51.367 -05:00 [INF] INICIO | UsuarioRepository - GetAllUsuariosAsync
2024-05-29 20:52:51.369 -05:00 [INF] FIN | Database - ExecuteReaderAsync
2024-05-29 20:52:51.369 -05:00 [INF] FIN | UsuarioRepository - GetAllUsuariosAsync
2024-05-29 20:55:33.922 -05:00 [INF] INICIO | UsuarioRepository - GetAllUsuariosAsync
2024-05-29 20:55:36.400 -05:00 [INF] FIN | Database - ExecuteReaderAsync
2024-05-29 20:55:36.400 -05:00 [INF] FIN | UsuarioRepository - GetAllUsuariosAsync
2024-05-29 20:57:05.554 -05:00 [INF] INICIO | UsuarioRepository - GetAllUsuariosAsync
2024-05-29 20:57:24.098 -05:00 [INF] FIN | Database - ExecuteReaderAsync
2024-05-29 20:57:24.099 -05:00 [INF] FIN | UsuarioRepository - GetAllUsuariosAsync
2024-05-29 20:58:05.737 -05:00 [INF] INICIO | UsuarioRepository - GetAllUsuariosAsync
2024-05-29 20:58:10.133 -05:00 [INF] FIN | Database - ExecuteReaderAsync
2024-05-29 20:58:10.133 -05:00 [INF] FIN | UsuarioRepository - GetAllUsuariosAsync
2024-05-29 20:58:25.723 -05:00 [INF] INICIO | UsuarioRepository - GetAllUsuariosAsync
2024-05-29 20:58:34.390 -05:00 [INF] FIN | Database - ExecuteReaderAsync
2024-05-29 20:58:34.390 -05:00 [INF] FIN | UsuarioRepository - GetAllUsuariosAsync
2024-05-29 21:00:14.356 -05:00 [INF] INICIO | UsuarioRepository - GetAllUsuariosAsync
2024-05-29 21:00:14.408 -05:00 [INF] FIN | Database - ExecuteReaderAsync
2024-05-29 21:00:14.408 -05:00 [INF] FIN | UsuarioRepository - GetAllUsuariosAsync
2024-05-29 21:01:09.981 -05:00 [INF] INICIO | UsuarioRepository - GetAllUsuariosAsync
2024-05-29 21:01:09.992 -05:00 [INF] FIN | Database - ExecuteReaderAsync
2024-05-29 21:01:09.992 -05:00 [INF] FIN | UsuarioRepository - GetAllUsuariosAsync
2024-05-29 21:01:23.217 -05:00 [INF] INICIO | UsuarioRepository - GetAllUsuariosAsync
2024-05-29 21:01:23.235 -05:00 [INF] FIN | Database - ExecuteReaderAsync
2024-05-29 21:01:23.235 -05:00 [INF] FIN | UsuarioRepository - GetAllUsuariosAsync
2024-05-29 21:01:44.898 -05:00 [INF] INICIO | UsuarioRepository - GetAllUsuariosAsync
2024-05-29 21:01:45.073 -05:00 [INF] FIN | Database - ExecuteReaderAsync
2024-05-29 21:01:45.073 -05:00 [INF] FIN | UsuarioRepository - GetAllUsuariosAsync
2024-05-29 21:02:05.499 -05:00 [INF] INICIO | UsuarioRepository - GetAllUsuariosAsync
2024-05-29 21:02:05.504 -05:00 [INF] FIN | Database - ExecuteReaderAsync
2024-05-29 21:02:05.504 -05:00 [INF] FIN | UsuarioRepository - GetAllUsuariosAsync
2024-05-29 21:02:08.026 -05:00 [INF] INICIO | UsuarioRepository - GetAllUsuariosAsync
2024-05-29 21:02:08.028 -05:00 [INF] FIN | Database - ExecuteReaderAsync
2024-05-29 21:02:08.028 -05:00 [INF] FIN | UsuarioRepository - GetAllUsuariosAsync
2024-05-29 21:02:51.015 -05:00 [INF] INICIO | UsuarioRepository - GetAllUsuariosAsync
2024-05-29 21:02:51.201 -05:00 [INF] FIN | Database - ExecuteReaderAsync
2024-05-29 21:02:51.202 -05:00 [INF] FIN | UsuarioRepository - GetAllUsuariosAsync
2024-05-29 21:03:32.048 -05:00 [INF] INICIO | UsuarioRepository - GetAllUsuariosAsync
2024-05-29 21:03:32.065 -05:00 [INF] FIN | Database - ExecuteReaderAsync
2024-05-29 21:03:32.065 -05:00 [INF] FIN | UsuarioRepository - GetAllUsuariosAsync
2024-05-29 21:05:35.468 -05:00 [INF] INICIO | UsuarioRepository - GetAllUsuariosAsync
2024-05-29 21:05:35.483 -05:00 [INF] FIN | Database - ExecuteReaderAsync
2024-05-29 21:05:35.483 -05:00 [INF] FIN | UsuarioRepository - GetAllUsuariosAsync
2024-05-29 21:05:49.427 -05:00 [INF] INICIO | UsuarioRepository - GetAllUsuariosAsync
2024-05-29 21:05:49.441 -05:00 [INF] FIN | Database - ExecuteReaderAsync
2024-05-29 21:05:49.441 -05:00 [INF] FIN | UsuarioRepository - GetAllUsuariosAsync
2024-05-29 21:06:15.980 -05:00 [INF] INICIO | UsuarioRepository - GetAllUsuariosAsync
2024-05-29 21:06:15.993 -05:00 [INF] FIN | Database - ExecuteReaderAsync
2024-05-29 21:06:15.993 -05:00 [INF] FIN | UsuarioRepository - GetAllUsuariosAsync
2024-05-29 21:15:46.816 -05:00 [INF] INICIO | UsuarioRepository - GetAllUsuariosAsync
2024-05-29 21:15:46.913 -05:00 [INF] FIN | Database - ExecuteReaderAsync
2024-05-29 21:15:46.914 -05:00 [INF] FIN | UsuarioRepository - GetAllUsuariosAsync
2024-05-29 21:18:05.734 -05:00 [INF] INICIO | UsuarioRepository - GetAllUsuariosAsync
2024-05-29 21:18:35.607 -05:00 [INF] FIN | Database - ExecuteReaderAsync
2024-05-29 21:18:35.607 -05:00 [INF] FIN | UsuarioRepository - GetAllUsuariosAsync
2024-05-29 21:18:40.844 -05:00 [INF] INICIO | UsuarioRepository - GetAllUsuariosAsync
2024-05-29 21:18:44.933 -05:00 [INF] FIN | Database - ExecuteReaderAsync
2024-05-29 21:18:44.933 -05:00 [INF] FIN | UsuarioRepository - GetAllUsuariosAsync
2024-05-29 21:19:01.339 -05:00 [INF] INICIO | UsuarioRepository - GetAllUsuariosAsync
2024-05-29 21:19:01.359 -05:00 [INF] FIN | Database - ExecuteReaderAsync
2024-05-29 21:19:01.359 -05:00 [INF] FIN | UsuarioRepository - GetAllUsuariosAsync
2024-05-29 21:22:31.313 -05:00 [INF] INICIO | UsuarioRepository - GetAllUsuariosAsync
2024-05-29 21:22:31.493 -05:00 [INF] FIN | Database - ExecuteReaderAsync
2024-05-29 21:22:31.493 -05:00 [INF] FIN | UsuarioRepository - GetAllUsuariosAsync
2024-05-29 21:22:47.774 -05:00 [INF] INICIO | UsuarioRepository - AddUsuarioAsync
2024-05-29 21:22:53.841 -05:00 [INF] INICIO | Database - ExecuteNonQueryAsync
2024-05-29 21:22:53.850 -05:00 [INF] FIN | Database - ExecuteNonQueryAsync
2024-05-29 21:22:53.855 -05:00 [INF] FIN | UsuarioRepository - AddUsuarioAsync
2024-05-29 21:22:54.114 -05:00 [INF] INICIO | UsuarioRepository - GetAllUsuariosAsync
2024-05-29 21:22:54.117 -05:00 [INF] FIN | Database - ExecuteReaderAsync
2024-05-29 21:22:54.117 -05:00 [INF] FIN | UsuarioRepository - GetAllUsuariosAsync
2024-05-29 21:27:58.012 -05:00 [INF] INICIO | UsuarioRepository - GetAllUsuariosAsync
2024-05-29 21:27:58.024 -05:00 [INF] FIN | Database - ExecuteReaderAsync
2024-05-29 21:27:58.024 -05:00 [INF] FIN | UsuarioRepository - GetAllUsuariosAsync
2024-05-29 21:28:16.734 -05:00 [INF] INICIO | UsuarioRepository - GetAllUsuariosAsync
2024-05-29 21:28:16.735 -05:00 [INF] FIN | Database - ExecuteReaderAsync
2024-05-29 21:28:16.735 -05:00 [INF] FIN | UsuarioRepository - GetAllUsuariosAsync
2024-05-29 21:28:29.290 -05:00 [INF] INICIO | UsuarioRepository - AddUsuarioAsync
2024-05-29 21:28:29.290 -05:00 [INF] INICIO | Database - ExecuteNonQueryAsync
2024-05-29 21:28:29.292 -05:00 [INF] FIN | Database - ExecuteNonQueryAsync
2024-05-29 21:28:29.294 -05:00 [INF] FIN | UsuarioRepository - AddUsuarioAsync
2024-05-29 21:28:30.874 -05:00 [INF] INICIO | UsuarioRepository - GetAllUsuariosAsync
2024-05-29 21:28:30.875 -05:00 [INF] FIN | Database - ExecuteReaderAsync
2024-05-29 21:28:30.876 -05:00 [INF] FIN | UsuarioRepository - GetAllUsuariosAsync
2024-05-29 21:28:40.723 -05:00 [INF] INICIO | UsuarioRepository - DeleteUsuarioAsync
2024-05-29 21:28:40.723 -05:00 [INF] INICIO | Database - ExecuteNonQueryAsync
2024-05-29 21:28:40.742 -05:00 [INF] FIN | Database - ExecuteNonQueryAsync
2024-05-29 21:28:40.742 -05:00 [INF] FIN | UsuarioRepository - DeleteUsuarioAsync
2024-05-29 21:28:40.746 -05:00 [INF] INICIO | UsuarioRepository - GetAllUsuariosAsync
2024-05-29 21:28:40.748 -05:00 [INF] FIN | Database - ExecuteReaderAsync
2024-05-29 21:28:40.748 -05:00 [INF] FIN | UsuarioRepository - GetAllUsuariosAsync
2024-05-29 21:28:44.916 -05:00 [INF] INICIO | UsuarioRepository - DeleteUsuarioAsync
2024-05-29 21:28:44.917 -05:00 [INF] INICIO | Database - ExecuteNonQueryAsync
2024-05-29 21:28:44.930 -05:00 [INF] FIN | Database - ExecuteNonQueryAsync
2024-05-29 21:28:44.930 -05:00 [INF] FIN | UsuarioRepository - DeleteUsuarioAsync
2024-05-29 21:28:44.933 -05:00 [INF] INICIO | UsuarioRepository - GetAllUsuariosAsync
2024-05-29 21:28:44.935 -05:00 [INF] FIN | Database - ExecuteReaderAsync
2024-05-29 21:28:44.935 -05:00 [INF] FIN | UsuarioRepository - GetAllUsuariosAsync
2024-05-29 21:29:09.709 -05:00 [INF] INICIO | UsuarioRepository - GetAllUsuariosAsync
2024-05-29 21:29:09.722 -05:00 [INF] FIN | Database - ExecuteReaderAsync
2024-05-29 21:29:09.722 -05:00 [INF] FIN | UsuarioRepository - GetAllUsuariosAsync
2024-05-29 21:29:12.151 -05:00 [INF] INICIO | UsuarioRepository - GetAllUsuariosAsync
2024-05-29 21:29:12.152 -05:00 [INF] FIN | Database - ExecuteReaderAsync
2024-05-29 21:29:12.153 -05:00 [INF] FIN | UsuarioRepository - GetAllUsuariosAsync
2024-05-29 21:29:19.418 -05:00 [INF] INICIO | UsuarioRepository - GetAllUsuariosAsync
2024-05-29 21:29:19.419 -05:00 [INF] FIN | Database - ExecuteReaderAsync
2024-05-29 21:29:19.419 -05:00 [INF] FIN | UsuarioRepository - GetAllUsuariosAsync
2024-05-29 21:29:34.315 -05:00 [INF] INICIO | UsuarioRepository - AddUsuarioAsync
2024-05-29 21:29:34.315 -05:00 [INF] INICIO | Database - ExecuteNonQueryAsync
2024-05-29 21:29:34.317 -05:00 [INF] FIN | Database - ExecuteNonQueryAsync
2024-05-29 21:29:34.320 -05:00 [INF] FIN | UsuarioRepository - AddUsuarioAsync
2024-05-29 21:29:34.503 -05:00 [INF] INICIO | UsuarioRepository - GetAllUsuariosAsync
2024-05-29 21:29:34.504 -05:00 [INF] FIN | Database - ExecuteReaderAsync
2024-05-29 21:29:34.504 -05:00 [INF] FIN | UsuarioRepository - GetAllUsuariosAsync
2024-05-29 21:29:37.476 -05:00 [INF] INICIO | UsuarioRepository - GetAllUsuariosAsync
2024-05-29 21:29:37.477 -05:00 [INF] FIN | Database - ExecuteReaderAsync
2024-05-29 21:29:37.477 -05:00 [INF] FIN | UsuarioRepository - GetAllUsuariosAsync
2024-05-29 21:29:38.578 -05:00 [INF] INICIO | UsuarioRepository - GetAllUsuariosAsync
2024-05-29 21:29:38.580 -05:00 [INF] FIN | Database - ExecuteReaderAsync
2024-05-29 21:29:38.580 -05:00 [INF] FIN | UsuarioRepository - GetAllUsuariosAsync
2024-05-29 21:29:39.644 -05:00 [INF] INICIO | UsuarioRepository - GetAllUsuariosAsync
2024-05-29 21:29:39.645 -05:00 [INF] FIN | Database - ExecuteReaderAsync
2024-05-29 21:29:39.646 -05:00 [INF] FIN | UsuarioRepository - GetAllUsuariosAsync
2024-05-29 21:30:30.717 -05:00 [INF] INICIO | UsuarioRepository - GetAllUsuariosAsync
2024-05-29 21:30:30.733 -05:00 [INF] FIN | Database - ExecuteReaderAsync
2024-05-29 21:30:30.733 -05:00 [INF] FIN | UsuarioRepository - GetAllUsuariosAsync
2024-05-29 21:30:38.658 -05:00 [INF] INICIO | UsuarioRepository - AddUsuarioAsync
2024-05-29 21:30:38.658 -05:00 [INF] INICIO | Database - ExecuteNonQueryAsync
2024-05-29 21:30:38.660 -05:00 [INF] FIN | Database - ExecuteNonQueryAsync
2024-05-29 21:30:38.662 -05:00 [INF] FIN | UsuarioRepository - AddUsuarioAsync
2024-05-29 21:30:39.041 -05:00 [INF] INICIO | UsuarioRepository - GetAllUsuariosAsync
2024-05-29 21:30:39.042 -05:00 [INF] FIN | Database - ExecuteReaderAsync
2024-05-29 21:30:39.043 -05:00 [INF] FIN | UsuarioRepository - GetAllUsuariosAsync
2024-05-29 21:30:51.552 -05:00 [INF] INICIO | UsuarioRepository - DeleteUsuarioAsync
2024-05-29 21:30:51.552 -05:00 [INF] INICIO | Database - ExecuteNonQueryAsync
2024-05-29 21:30:51.568 -05:00 [INF] FIN | Database - ExecuteNonQueryAsync
2024-05-29 21:30:51.568 -05:00 [INF] FIN | UsuarioRepository - DeleteUsuarioAsync
2024-05-29 21:30:51.571 -05:00 [INF] INICIO | UsuarioRepository - GetAllUsuariosAsync
2024-05-29 21:30:51.572 -05:00 [INF] FIN | Database - ExecuteReaderAsync
2024-05-29 21:30:51.572 -05:00 [INF] FIN | UsuarioRepository - GetAllUsuariosAsync
2024-05-29 21:35:21.984 -05:00 [INF] INICIO | UsuarioRepository - GetAllUsuariosAsync
2024-05-29 21:35:22.007 -05:00 [INF] FIN | Database - ExecuteReaderAsync
2024-05-29 21:35:22.007 -05:00 [INF] FIN | UsuarioRepository - GetAllUsuariosAsync
2024-05-29 21:35:55.483 -05:00 [INF] INICIO | UsuarioRepository - GetAllUsuariosAsync
2024-05-29 21:35:55.493 -05:00 [INF] FIN | Database - ExecuteReaderAsync
2024-05-29 21:35:55.493 -05:00 [INF] FIN | UsuarioRepository - GetAllUsuariosAsync
2024-05-29 23:25:20.264 -05:00 [INF] INICIO | UsuarioRepository - DeleteUsuarioAsync
2024-05-29 23:25:20.264 -05:00 [INF] INICIO | Database - ExecuteNonQueryAsync
2024-05-29 23:25:20.285 -05:00 [INF] FIN | Database - ExecuteNonQueryAsync
2024-05-29 23:25:20.285 -05:00 [INF] FIN | UsuarioRepository - DeleteUsuarioAsync
2024-05-29 23:25:20.289 -05:00 [INF] INICIO | UsuarioRepository - GetAllUsuariosAsync
2024-05-29 23:25:20.290 -05:00 [INF] FIN | Database - ExecuteReaderAsync
2024-05-29 23:25:20.290 -05:00 [INF] FIN | UsuarioRepository - GetAllUsuariosAsync
2024-05-29 23:25:41.384 -05:00 [INF] INICIO | UsuarioRepository - GetAllUsuariosAsync
2024-05-29 23:25:41.407 -05:00 [INF] FIN | Database - ExecuteReaderAsync
2024-05-29 23:25:41.407 -05:00 [INF] FIN | UsuarioRepository - GetAllUsuariosAsync
2024-05-29 23:25:44.114 -05:00 [INF] INICIO | UsuarioRepository - DeleteUsuarioAsync
2024-05-29 23:25:44.114 -05:00 [INF] INICIO | Database - ExecuteNonQueryAsync
2024-05-29 23:25:44.115 -05:00 [INF] FIN | Database - ExecuteNonQueryAsync
2024-05-29 23:25:44.115 -05:00 [INF] FIN | UsuarioRepository - DeleteUsuarioAsync
2024-05-29 23:25:44.131 -05:00 [INF] INICIO | UsuarioRepository - GetAllUsuariosAsync
2024-05-29 23:25:44.132 -05:00 [INF] FIN | Database - ExecuteReaderAsync
2024-05-29 23:25:44.132 -05:00 [INF] FIN | UsuarioRepository - GetAllUsuariosAsync
2024-05-29 23:25:47.997 -05:00 [INF] INICIO | UsuarioRepository - GetAllUsuariosAsync
2024-05-29 23:25:47.999 -05:00 [INF] FIN | Database - ExecuteReaderAsync
2024-05-29 23:25:47.999 -05:00 [INF] FIN | UsuarioRepository - GetAllUsuariosAsync
2024-05-29 23:31:05.997 -05:00 [INF] INICIO | UsuarioRepository - GetAllUsuariosAsync
2024-05-29 23:31:06.011 -05:00 [INF] FIN | Database - ExecuteReaderAsync
2024-05-29 23:31:06.011 -05:00 [INF] FIN | UsuarioRepository - GetAllUsuariosAsync
2024-05-29 23:31:09.550 -05:00 [INF] INICIO | UsuarioRepository - GetAllUsuariosAsync
2024-05-29 23:31:09.561 -05:00 [INF] FIN | Database - ExecuteReaderAsync
2024-05-29 23:31:09.561 -05:00 [INF] FIN | UsuarioRepository - GetAllUsuariosAsync
2024-05-29 23:31:24.855 -05:00 [INF] INICIO | UsuarioRepository - GetAllUsuariosAsync
2024-05-29 23:31:24.856 -05:00 [INF] FIN | Database - ExecuteReaderAsync
2024-05-29 23:31:24.857 -05:00 [INF] FIN | UsuarioRepository - GetAllUsuariosAsync
2024-05-29 23:31:32.977 -05:00 [INF] INICIO | UsuarioRepository - GetAllUsuariosAsync
2024-05-29 23:31:32.979 -05:00 [INF] FIN | Database - ExecuteReaderAsync
2024-05-29 23:31:32.979 -05:00 [INF] FIN | UsuarioRepository - GetAllUsuariosAsync
2024-05-29 23:31:35.609 -05:00 [INF] INICIO | UsuarioRepository - GetAllUsuariosAsync
2024-05-29 23:31:35.610 -05:00 [INF] FIN | Database - ExecuteReaderAsync
2024-05-29 23:31:35.610 -05:00 [INF] FIN | UsuarioRepository - GetAllUsuariosAsync
2024-05-29 23:34:47.238 -05:00 [INF] INICIO | UsuarioRepository - GetAllUsuariosAsync
2024-05-29 23:34:47.248 -05:00 [INF] FIN | Database - ExecuteReaderAsync
2024-05-29 23:34:47.248 -05:00 [INF] FIN | UsuarioRepository - GetAllUsuariosAsync
2024-05-29 23:41:58.526 -05:00 [INF] INICIO | UsuarioRepository - GetAllUsuariosAsync
2024-05-29 23:41:58.592 -05:00 [INF] FIN | Database - ExecuteReaderAsync
2024-05-29 23:41:58.592 -05:00 [INF] FIN | UsuarioRepository - GetAllUsuariosAsync
2024-05-29 23:43:09.454 -05:00 [INF] INICIO | UsuarioRepository - GetAllUsuariosAsync
2024-05-29 23:43:09.472 -05:00 [INF] FIN | Database - ExecuteReaderAsync
2024-05-29 23:43:09.472 -05:00 [INF] FIN | UsuarioRepository - GetAllUsuariosAsync
2024-05-29 23:45:54.827 -05:00 [INF] INICIO | UsuarioRepository - GetAllUsuariosAsync
2024-05-29 23:45:54.844 -05:00 [INF] FIN | Database - ExecuteReaderAsync
2024-05-29 23:45:54.844 -05:00 [INF] FIN | UsuarioRepository - GetAllUsuariosAsync
2024-05-29 23:48:54.086 -05:00 [INF] INICIO | UsuarioRepository - GetAllUsuariosAsync
2024-05-29 23:48:54.102 -05:00 [INF] FIN | Database - ExecuteReaderAsync
2024-05-29 23:48:54.102 -05:00 [INF] FIN | UsuarioRepository - GetAllUsuariosAsync
2024-05-29 23:49:23.663 -05:00 [INF] INICIO | UsuarioRepository - GetAllUsuariosAsync
2024-05-29 23:49:23.665 -05:00 [INF] FIN | Database - ExecuteReaderAsync
2024-05-29 23:49:23.665 -05:00 [INF] FIN | UsuarioRepository - GetAllUsuariosAsync
2024-05-29 23:49:37.624 -05:00 [INF] INICIO | UsuarioRepository - AddUsuarioAsync
2024-05-29 23:49:37.624 -05:00 [INF] INICIO | Database - ExecuteNonQueryAsync
2024-05-29 23:49:37.637 -05:00 [INF] FIN | Database - ExecuteNonQueryAsync
2024-05-29 23:49:37.643 -05:00 [INF] FIN | UsuarioRepository - AddUsuarioAsync
2024-05-29 23:49:39.157 -05:00 [INF] INICIO | UsuarioRepository - AddUsuarioAsync
2024-05-29 23:49:39.157 -05:00 [INF] INICIO | Database - ExecuteNonQueryAsync
2024-05-29 23:50:19.187 -05:00 [WRN] SqlException | Database - ExecuteNonQueryAsync:
Cannot roll back THROW. No transaction or savepoint of that name was found.
Transaction count after EXECUTE indicates a mismatching number of BEGIN and COMMIT statements. Previous count = 0, current count = 1.
2024-05-29 23:50:19.204 -05:00 [INF] FIN | Database - ExecuteNonQueryAsync
2024-05-29 23:50:26.846 -05:00 [INF] INICIO | UsuarioRepository - AddUsuarioAsync
2024-05-29 23:50:26.846 -05:00 [INF] INICIO | Database - ExecuteNonQueryAsync
2024-05-29 23:50:37.233 -05:00 [WRN] SqlException | Database - ExecuteNonQueryAsync:
Cannot roll back THROW. No transaction or savepoint of that name was found.
Transaction count after EXECUTE indicates a mismatching number of BEGIN and COMMIT statements. Previous count = 0, current count = 1.
2024-05-29 23:50:37.246 -05:00 [INF] FIN | Database - ExecuteNonQueryAsync
2024-05-29 23:50:42.150 -05:00 [INF] INICIO | UsuarioRepository - AddUsuarioAsync
2024-05-29 23:50:42.150 -05:00 [INF] INICIO | Database - ExecuteNonQueryAsync
2024-05-29 23:50:42.174 -05:00 [WRN] SqlException | Database - ExecuteNonQueryAsync:
Cannot roll back THROW. No transaction or savepoint of that name was found.
Transaction count after EXECUTE indicates a mismatching number of BEGIN and COMMIT statements. Previous count = 0, current count = 1.
2024-05-29 23:50:42.188 -05:00 [INF] FIN | Database - ExecuteNonQueryAsync
2024-05-29 23:51:07.082 -05:00 [INF] INICIO | UsuarioRepository - GetAllUsuariosAsync
2024-05-29 23:51:07.099 -05:00 [INF] FIN | Database - ExecuteReaderAsync
2024-05-29 23:51:07.099 -05:00 [INF] FIN | UsuarioRepository - GetAllUsuariosAsync
2024-05-29 23:51:07.174 -05:00 [INF] INICIO | UsuarioRepository - GetAllUsuariosAsync
2024-05-29 23:51:07.174 -05:00 [INF] FIN | Database - ExecuteReaderAsync
2024-05-29 23:51:07.175 -05:00 [INF] FIN | UsuarioRepository - GetAllUsuariosAsync
2024-05-29 23:51:21.939 -05:00 [INF] INICIO | UsuarioRepository - GetAllUsuariosAsync
2024-05-29 23:51:21.940 -05:00 [INF] FIN | Database - ExecuteReaderAsync
2024-05-29 23:51:21.940 -05:00 [INF] FIN | UsuarioRepository - GetAllUsuariosAsync
2024-05-29 23:51:22.880 -05:00 [INF] INICIO | UsuarioRepository - GetAllUsuariosAsync
2024-05-29 23:51:22.881 -05:00 [INF] FIN | Database - ExecuteReaderAsync
2024-05-29 23:51:22.881 -05:00 [INF] FIN | UsuarioRepository - GetAllUsuariosAsync
2024-05-29 23:51:23.677 -05:00 [INF] INICIO | UsuarioRepository - GetAllUsuariosAsync
2024-05-29 23:51:23.678 -05:00 [INF] FIN | Database - ExecuteReaderAsync
2024-05-29 23:51:23.678 -05:00 [INF] FIN | UsuarioRepository - GetAllUsuariosAsync
