2024-06-12 21:30:50.062 -05:00 [INF] INICIO | UsuarioRepository - AddUsuarioAsync
2024-06-12 21:30:50.255 -05:00 [INF] INICIO | Database - ExecuteScalarAsync
2024-06-12 21:30:50.842 -05:00 [WRN] SqlException | Database - ExecuteScalarAsync:
Cannot roll back THROW. No transaction or savepoint of that name was found.
Transaction count after EXECUTE indicates a mismatching number of BEGIN and COMMIT statements. Previous count = 0, current count = 1.
2024-06-12 21:30:50.855 -05:00 [INF] FIN | Database - ExecuteScalarAsync
2024-06-12 21:33:21.010 -05:00 [INF] INICIO | UsuarioRepository - AddUsuarioAsync
2024-06-12 21:33:21.010 -05:00 [INF] INICIO | Database - ExecuteScalarAsync
2024-06-12 21:33:21.035 -05:00 [INF] FIN | Database - ExecuteScalarAsync
2024-06-12 21:47:18.809 -05:00 [INF] FIN | UsuarioRepository - AddUsuarioAsync
2024-06-12 21:47:45.827 -05:00 [INF] INICIO | UsuarioRepository - AddUsuarioAsync
2024-06-12 21:47:45.827 -05:00 [INF] INICIO | Database - ExecuteScalarAsync
2024-06-12 21:47:45.872 -05:00 [WRN] SqlException | Database - ExecuteScalarAsync:
Cannot roll back THROW. No transaction or savepoint of that name was found.
Transaction count after EXECUTE indicates a mismatching number of BEGIN and COMMIT statements. Previous count = 0, current count = 1.
2024-06-12 21:47:45.885 -05:00 [INF] FIN | Database - ExecuteScalarAsync
2024-06-12 22:12:50.089 -05:00 [INF] INICIO | UsuarioRepository - GetAllUsuariosAsync
2024-06-12 22:12:50.247 -05:00 [INF] FIN | Database - ExecuteReaderAsync
2024-06-12 22:12:50.247 -05:00 [INF] FIN | UsuarioRepository - GetAllUsuariosAsync
2024-06-12 22:12:52.189 -05:00 [INF] INICIO | UsuarioRepository - GetAllUsuariosAsync
2024-06-12 22:12:52.192 -05:00 [INF] FIN | Database - ExecuteReaderAsync
2024-06-12 22:12:52.194 -05:00 [INF] FIN | UsuarioRepository - GetAllUsuariosAsync
2024-06-12 22:12:55.236 -05:00 [INF] INICIO | UsuarioRepository - GetAllUsuariosAsync
2024-06-12 22:12:55.255 -05:00 [INF] FIN | Database - ExecuteReaderAsync
2024-06-12 22:12:55.255 -05:00 [INF] FIN | UsuarioRepository - GetAllUsuariosAsync
2024-06-12 22:14:04.177 -05:00 [INF] INICIO | UsuarioRepository - GetAllUsuariosAsync
2024-06-12 22:14:04.194 -05:00 [INF] FIN | Database - ExecuteReaderAsync
2024-06-12 22:14:04.194 -05:00 [INF] FIN | UsuarioRepository - GetAllUsuariosAsync
2024-06-12 22:14:04.199 -05:00 [INF] INICIO | UsuarioRepository - GetAllUsuariosAsync
2024-06-12 22:14:04.200 -05:00 [INF] FIN | Database - ExecuteReaderAsync
2024-06-12 22:14:04.200 -05:00 [INF] FIN | UsuarioRepository - GetAllUsuariosAsync
2024-06-12 22:14:04.203 -05:00 [INF] INICIO | UsuarioRepository - GetAllUsuariosAsync
2024-06-12 22:14:04.204 -05:00 [INF] FIN | Database - ExecuteReaderAsync
2024-06-12 22:14:04.204 -05:00 [INF] FIN | UsuarioRepository - GetAllUsuariosAsync
2024-06-12 22:17:51.173 -05:00 [INF] INICIO | UsuarioRepository - GetAllUsuariosAsync
2024-06-12 22:17:51.197 -05:00 [INF] FIN | Database - ExecuteReaderAsync
2024-06-12 22:17:51.197 -05:00 [INF] FIN | UsuarioRepository - GetAllUsuariosAsync
2024-06-12 22:17:51.205 -05:00 [INF] INICIO | UsuarioRepository - GetAllUsuariosAsync
2024-06-12 22:17:51.206 -05:00 [INF] FIN | Database - ExecuteReaderAsync
2024-06-12 22:17:51.206 -05:00 [INF] FIN | UsuarioRepository - GetAllUsuariosAsync
2024-06-12 22:17:51.208 -05:00 [INF] INICIO | UsuarioRepository - GetAllUsuariosAsync
2024-06-12 22:17:51.210 -05:00 [INF] FIN | Database - ExecuteReaderAsync
2024-06-12 22:17:51.210 -05:00 [INF] FIN | UsuarioRepository - GetAllUsuariosAsync
2024-06-12 22:20:20.313 -05:00 [INF] INICIO | UsuarioRepository - GetAllUsuariosAsync
2024-06-12 22:20:20.328 -05:00 [INF] FIN | Database - ExecuteReaderAsync
2024-06-12 22:20:20.328 -05:00 [INF] FIN | UsuarioRepository - GetAllUsuariosAsync
2024-06-12 22:20:20.334 -05:00 [INF] INICIO | UsuarioRepository - GetAllUsuariosAsync
2024-06-12 22:20:20.335 -05:00 [INF] FIN | Database - ExecuteReaderAsync
2024-06-12 22:20:20.335 -05:00 [INF] FIN | UsuarioRepository - GetAllUsuariosAsync
2024-06-12 22:20:20.337 -05:00 [INF] INICIO | UsuarioRepository - GetAllUsuariosAsync
2024-06-12 22:20:20.338 -05:00 [INF] FIN | Database - ExecuteReaderAsync
2024-06-12 22:20:20.339 -05:00 [INF] FIN | UsuarioRepository - GetAllUsuariosAsync
2024-06-12 22:22:18.982 -05:00 [INF] INICIO | UsuarioRepository - GetAllUsuariosAsync
2024-06-12 22:22:18.999 -05:00 [INF] FIN | Database - ExecuteReaderAsync
2024-06-12 22:22:18.999 -05:00 [INF] FIN | UsuarioRepository - GetAllUsuariosAsync
2024-06-12 22:22:19.004 -05:00 [INF] INICIO | UsuarioRepository - GetAllUsuariosAsync
2024-06-12 22:22:19.005 -05:00 [INF] FIN | Database - ExecuteReaderAsync
2024-06-12 22:22:19.005 -05:00 [INF] FIN | UsuarioRepository - GetAllUsuariosAsync
2024-06-12 22:22:19.008 -05:00 [INF] INICIO | UsuarioRepository - GetAllUsuariosAsync
2024-06-12 22:22:19.009 -05:00 [INF] FIN | Database - ExecuteReaderAsync
2024-06-12 22:22:19.009 -05:00 [INF] FIN | UsuarioRepository - GetAllUsuariosAsync
2024-06-12 22:28:12.097 -05:00 [INF] INICIO | UsuarioRepository - GetAllUsuariosAsync
2024-06-12 22:28:12.143 -05:00 [INF] FIN | Database - ExecuteReaderAsync
2024-06-12 22:28:12.143 -05:00 [INF] FIN | UsuarioRepository - GetAllUsuariosAsync
2024-06-12 22:28:12.149 -05:00 [INF] INICIO | UsuarioRepository - GetAllUsuariosAsync
2024-06-12 22:28:12.150 -05:00 [INF] FIN | Database - ExecuteReaderAsync
2024-06-12 22:28:12.151 -05:00 [INF] FIN | UsuarioRepository - GetAllUsuariosAsync
2024-06-12 22:28:12.155 -05:00 [INF] INICIO | UsuarioRepository - GetAllUsuariosAsync
2024-06-12 22:28:12.158 -05:00 [INF] FIN | Database - ExecuteReaderAsync
2024-06-12 22:28:12.158 -05:00 [INF] FIN | UsuarioRepository - GetAllUsuariosAsync
2024-06-12 22:29:11.107 -05:00 [INF] INICIO | UsuarioRepository - GetAllUsuariosAsync
2024-06-12 22:29:11.145 -05:00 [INF] FIN | Database - ExecuteReaderAsync
2024-06-12 22:29:11.145 -05:00 [INF] FIN | UsuarioRepository - GetAllUsuariosAsync
2024-06-12 22:29:11.150 -05:00 [INF] INICIO | UsuarioRepository - GetAllUsuariosAsync
2024-06-12 22:29:11.151 -05:00 [INF] FIN | Database - ExecuteReaderAsync
2024-06-12 22:29:11.151 -05:00 [INF] FIN | UsuarioRepository - GetAllUsuariosAsync
2024-06-12 22:29:11.153 -05:00 [INF] INICIO | UsuarioRepository - GetAllUsuariosAsync
2024-06-12 22:29:11.155 -05:00 [INF] FIN | Database - ExecuteReaderAsync
2024-06-12 22:29:11.155 -05:00 [INF] FIN | UsuarioRepository - GetAllUsuariosAsync
2024-06-12 22:31:08.019 -05:00 [INF] INICIO | UsuarioRepository - GetAllUsuariosAsync
2024-06-12 22:31:08.051 -05:00 [INF] FIN | Database - ExecuteReaderAsync
2024-06-12 22:31:08.051 -05:00 [INF] FIN | UsuarioRepository - GetAllUsuariosAsync
2024-06-12 22:31:08.056 -05:00 [INF] INICIO | UsuarioRepository - GetAllUsuariosAsync
2024-06-12 22:31:08.057 -05:00 [INF] FIN | Database - ExecuteReaderAsync
2024-06-12 22:31:08.057 -05:00 [INF] FIN | UsuarioRepository - GetAllUsuariosAsync
2024-06-12 22:31:08.060 -05:00 [INF] INICIO | UsuarioRepository - GetAllUsuariosAsync
2024-06-12 22:31:08.061 -05:00 [INF] FIN | Database - ExecuteReaderAsync
2024-06-12 22:31:08.061 -05:00 [INF] FIN | UsuarioRepository - GetAllUsuariosAsync
2024-06-12 22:31:37.417 -05:00 [INF] INICIO | UsuarioRepository - GetAllUsuariosAsync
2024-06-12 22:31:37.419 -05:00 [INF] FIN | Database - ExecuteReaderAsync
2024-06-12 22:31:37.419 -05:00 [INF] FIN | UsuarioRepository - GetAllUsuariosAsync
2024-06-12 22:31:37.421 -05:00 [INF] INICIO | UsuarioRepository - GetAllUsuariosAsync
2024-06-12 22:31:37.422 -05:00 [INF] FIN | Database - ExecuteReaderAsync
2024-06-12 22:31:37.422 -05:00 [INF] FIN | UsuarioRepository - GetAllUsuariosAsync
2024-06-12 22:31:37.424 -05:00 [INF] INICIO | UsuarioRepository - GetAllUsuariosAsync
2024-06-12 22:31:37.425 -05:00 [INF] FIN | Database - ExecuteReaderAsync
2024-06-12 22:31:37.425 -05:00 [INF] FIN | UsuarioRepository - GetAllUsuariosAsync
2024-06-12 22:31:53.411 -05:00 [INF] INICIO | UsuarioRepository - GetAllUsuariosAsync
2024-06-12 22:31:53.413 -05:00 [INF] FIN | Database - ExecuteReaderAsync
2024-06-12 22:31:53.413 -05:00 [INF] FIN | UsuarioRepository - GetAllUsuariosAsync
2024-06-12 22:31:53.415 -05:00 [INF] INICIO | UsuarioRepository - GetAllUsuariosAsync
2024-06-12 22:31:53.416 -05:00 [INF] FIN | Database - ExecuteReaderAsync
2024-06-12 22:31:53.416 -05:00 [INF] FIN | UsuarioRepository - GetAllUsuariosAsync
2024-06-12 22:31:53.418 -05:00 [INF] INICIO | UsuarioRepository - GetAllUsuariosAsync
2024-06-12 22:31:53.419 -05:00 [INF] FIN | Database - ExecuteReaderAsync
2024-06-12 22:31:53.419 -05:00 [INF] FIN | UsuarioRepository - GetAllUsuariosAsync
2024-06-12 22:31:56.721 -05:00 [INF] INICIO | UsuarioRepository - GetAllUsuariosAsync
2024-06-12 22:31:56.722 -05:00 [INF] FIN | Database - ExecuteReaderAsync
2024-06-12 22:31:56.722 -05:00 [INF] FIN | UsuarioRepository - GetAllUsuariosAsync
2024-06-12 22:31:56.725 -05:00 [INF] INICIO | UsuarioRepository - GetAllUsuariosAsync
2024-06-12 22:31:56.726 -05:00 [INF] FIN | Database - ExecuteReaderAsync
2024-06-12 22:31:56.726 -05:00 [INF] FIN | UsuarioRepository - GetAllUsuariosAsync
2024-06-12 22:31:56.728 -05:00 [INF] INICIO | UsuarioRepository - GetAllUsuariosAsync
2024-06-12 22:31:56.728 -05:00 [INF] FIN | Database - ExecuteReaderAsync
2024-06-12 22:31:56.729 -05:00 [INF] FIN | UsuarioRepository - GetAllUsuariosAsync
2024-06-12 22:33:03.785 -05:00 [INF] INICIO | UsuarioRepository - AddUsuarioAsync
2024-06-12 22:33:03.785 -05:00 [INF] INICIO | Database - ExecuteScalarAsync
2024-06-12 22:33:03.800 -05:00 [INF] FIN | Database - ExecuteScalarAsync
2024-06-12 22:33:03.800 -05:00 [INF] FIN | UsuarioRepository - AddUsuarioAsync
2024-06-12 22:33:53.253 -05:00 [INF] INICIO | UsuarioRepository - AddUsuarioAsync
2024-06-12 22:33:53.253 -05:00 [INF] INICIO | Database - ExecuteScalarAsync
2024-06-12 22:33:55.176 -05:00 [INF] FIN | Database - ExecuteScalarAsync
2024-06-12 22:33:55.176 -05:00 [INF] FIN | UsuarioRepository - AddUsuarioAsync
2024-06-12 23:30:16.294 -05:00 [INF] INICIO | UsuarioRepository - GetAllUsuariosAsync
2024-06-12 23:30:16.350 -05:00 [INF] FIN | Database - ExecuteReaderAsync
2024-06-12 23:30:16.350 -05:00 [INF] FIN | UsuarioRepository - GetAllUsuariosAsync
2024-06-12 23:30:16.352 -05:00 [INF] INICIO | UsuarioRepository - GetAllUsuariosAsync
2024-06-12 23:30:16.353 -05:00 [INF] FIN | Database - ExecuteReaderAsync
2024-06-12 23:30:16.353 -05:00 [INF] FIN | UsuarioRepository - GetAllUsuariosAsync
2024-06-12 23:30:16.355 -05:00 [INF] INICIO | UsuarioRepository - GetAllUsuariosAsync
2024-06-12 23:30:16.356 -05:00 [INF] FIN | Database - ExecuteReaderAsync
2024-06-12 23:30:16.356 -05:00 [INF] FIN | UsuarioRepository - GetAllUsuariosAsync
2024-06-12 23:34:41.946 -05:00 [INF] INICIO | UsuarioRepository - GetAllUsuariosAsync
2024-06-12 23:34:41.995 -05:00 [INF] FIN | Database - ExecuteReaderAsync
2024-06-12 23:34:41.995 -05:00 [INF] FIN | UsuarioRepository - GetAllUsuariosAsync
2024-06-12 23:34:41.999 -05:00 [INF] INICIO | UsuarioRepository - GetAllUsuariosAsync
2024-06-12 23:34:42.000 -05:00 [INF] FIN | Database - ExecuteReaderAsync
2024-06-12 23:34:42.000 -05:00 [INF] FIN | UsuarioRepository - GetAllUsuariosAsync
2024-06-12 23:34:42.005 -05:00 [INF] INICIO | UsuarioRepository - GetAllUsuariosAsync
2024-06-12 23:34:42.006 -05:00 [INF] FIN | Database - ExecuteReaderAsync
2024-06-12 23:34:42.007 -05:00 [INF] FIN | UsuarioRepository - GetAllUsuariosAsync
2024-06-12 23:35:05.574 -05:00 [INF] INICIO | UsuarioRepository - GetAllUsuariosAsync
2024-06-12 23:35:05.616 -05:00 [INF] FIN | Database - ExecuteReaderAsync
2024-06-12 23:35:05.616 -05:00 [INF] FIN | UsuarioRepository - GetAllUsuariosAsync
2024-06-12 23:35:05.623 -05:00 [INF] INICIO | UsuarioRepository - GetAllUsuariosAsync
2024-06-12 23:35:05.624 -05:00 [INF] FIN | Database - ExecuteReaderAsync
2024-06-12 23:35:05.625 -05:00 [INF] FIN | UsuarioRepository - GetAllUsuariosAsync
2024-06-12 23:35:05.627 -05:00 [INF] INICIO | UsuarioRepository - GetAllUsuariosAsync
2024-06-12 23:35:05.628 -05:00 [INF] FIN | Database - ExecuteReaderAsync
2024-06-12 23:35:05.628 -05:00 [INF] FIN | UsuarioRepository - GetAllUsuariosAsync
2024-06-12 23:36:53.312 -05:00 [INF] INICIO | UsuarioRepository - GetAllUsuariosAsync
2024-06-12 23:36:53.344 -05:00 [INF] FIN | Database - ExecuteReaderAsync
2024-06-12 23:36:53.344 -05:00 [INF] FIN | UsuarioRepository - GetAllUsuariosAsync
2024-06-12 23:36:53.346 -05:00 [INF] INICIO | UsuarioRepository - GetAllUsuariosAsync
2024-06-12 23:36:53.347 -05:00 [INF] FIN | Database - ExecuteReaderAsync
2024-06-12 23:36:53.348 -05:00 [INF] FIN | UsuarioRepository - GetAllUsuariosAsync
2024-06-12 23:36:53.350 -05:00 [INF] INICIO | UsuarioRepository - GetAllUsuariosAsync
2024-06-12 23:36:53.351 -05:00 [INF] FIN | Database - ExecuteReaderAsync
2024-06-12 23:36:53.351 -05:00 [INF] FIN | UsuarioRepository - GetAllUsuariosAsync
2024-06-12 23:37:22.692 -05:00 [INF] INICIO | UsuarioRepository - GetAllUsuariosAsync
2024-06-12 23:37:22.717 -05:00 [INF] FIN | Database - ExecuteReaderAsync
2024-06-12 23:37:22.717 -05:00 [INF] FIN | UsuarioRepository - GetAllUsuariosAsync
2024-06-12 23:37:22.719 -05:00 [INF] INICIO | UsuarioRepository - GetAllUsuariosAsync
2024-06-12 23:37:22.720 -05:00 [INF] FIN | Database - ExecuteReaderAsync
2024-06-12 23:37:22.720 -05:00 [INF] FIN | UsuarioRepository - GetAllUsuariosAsync
2024-06-12 23:37:22.722 -05:00 [INF] INICIO | UsuarioRepository - GetAllUsuariosAsync
2024-06-12 23:37:22.723 -05:00 [INF] FIN | Database - ExecuteReaderAsync
2024-06-12 23:37:22.723 -05:00 [INF] FIN | UsuarioRepository - GetAllUsuariosAsync
2024-06-12 23:39:51.207 -05:00 [INF] INICIO | UsuarioRepository - GetAllUsuariosAsync
2024-06-12 23:39:51.246 -05:00 [INF] FIN | Database - ExecuteReaderAsync
2024-06-12 23:39:51.246 -05:00 [INF] FIN | UsuarioRepository - GetAllUsuariosAsync
2024-06-12 23:39:51.285 -05:00 [INF] INICIO | UsuarioRepository - GetAllUsuariosAsync
2024-06-12 23:39:51.287 -05:00 [INF] FIN | Database - ExecuteReaderAsync
2024-06-12 23:39:51.287 -05:00 [INF] FIN | UsuarioRepository - GetAllUsuariosAsync
2024-06-12 23:39:51.289 -05:00 [INF] INICIO | UsuarioRepository - GetAllUsuariosAsync
2024-06-12 23:39:51.290 -05:00 [INF] FIN | Database - ExecuteReaderAsync
2024-06-12 23:39:51.290 -05:00 [INF] FIN | UsuarioRepository - GetAllUsuariosAsync
2024-06-12 23:40:25.006 -05:00 [INF] INICIO | UsuarioRepository - GetAllUsuariosAsync
2024-06-12 23:40:25.052 -05:00 [INF] FIN | Database - ExecuteReaderAsync
2024-06-12 23:40:25.052 -05:00 [INF] FIN | UsuarioRepository - GetAllUsuariosAsync
2024-06-12 23:40:25.054 -05:00 [INF] INICIO | UsuarioRepository - GetAllUsuariosAsync
2024-06-12 23:40:25.055 -05:00 [INF] FIN | Database - ExecuteReaderAsync
2024-06-12 23:40:25.055 -05:00 [INF] FIN | UsuarioRepository - GetAllUsuariosAsync
2024-06-12 23:40:25.057 -05:00 [INF] INICIO | UsuarioRepository - GetAllUsuariosAsync
2024-06-12 23:40:25.058 -05:00 [INF] FIN | Database - ExecuteReaderAsync
2024-06-12 23:40:25.058 -05:00 [INF] FIN | UsuarioRepository - GetAllUsuariosAsync
2024-06-12 23:40:46.512 -05:00 [INF] INICIO | UsuarioRepository - GetAllUsuariosAsync
2024-06-12 23:40:46.514 -05:00 [INF] FIN | Database - ExecuteReaderAsync
2024-06-12 23:40:46.514 -05:00 [INF] FIN | UsuarioRepository - GetAllUsuariosAsync
2024-06-12 23:40:46.516 -05:00 [INF] INICIO | UsuarioRepository - GetAllUsuariosAsync
2024-06-12 23:40:46.517 -05:00 [INF] FIN | Database - ExecuteReaderAsync
2024-06-12 23:40:46.517 -05:00 [INF] FIN | UsuarioRepository - GetAllUsuariosAsync
2024-06-12 23:40:46.519 -05:00 [INF] INICIO | UsuarioRepository - GetAllUsuariosAsync
2024-06-12 23:40:46.520 -05:00 [INF] FIN | Database - ExecuteReaderAsync
2024-06-12 23:40:46.520 -05:00 [INF] FIN | UsuarioRepository - GetAllUsuariosAsync
2024-06-12 23:41:17.738 -05:00 [INF] INICIO | UsuarioRepository - GetAllUsuariosAsync
2024-06-12 23:41:17.741 -05:00 [INF] FIN | Database - ExecuteReaderAsync
2024-06-12 23:41:17.741 -05:00 [INF] FIN | UsuarioRepository - GetAllUsuariosAsync
2024-06-12 23:41:17.745 -05:00 [INF] INICIO | UsuarioRepository - GetAllUsuariosAsync
2024-06-12 23:41:17.749 -05:00 [INF] FIN | Database - ExecuteReaderAsync
2024-06-12 23:41:17.749 -05:00 [INF] FIN | UsuarioRepository - GetAllUsuariosAsync
2024-06-12 23:41:17.751 -05:00 [INF] INICIO | UsuarioRepository - GetAllUsuariosAsync
2024-06-12 23:41:17.753 -05:00 [INF] FIN | Database - ExecuteReaderAsync
2024-06-12 23:41:17.753 -05:00 [INF] FIN | UsuarioRepository - GetAllUsuariosAsync
