2024-05-16 00:00:32.675 -05:00 [INF] INICIO | ClienteRepository - DeleteClienteAsync
2024-05-16 00:00:49.225 -05:00 [INF] INICIO | Database - ExecuteNonQueryAsync
2024-05-16 00:00:49.360 -05:00 [INF] FIN | Database - ExecuteNonQueryAsync
2024-05-16 00:00:49.360 -05:00 [INF] FIN | ClienteRepository - DeleteClienteAsync
2024-05-16 13:42:06.520 -05:00 [INF] FIN | Database - ExecuteReaderAsync
2024-05-16 14:00:19.357 -05:00 [INF] INICIO | Database - ExecuteScalarAsync
2024-05-16 14:00:19.572 -05:00 [ERR] Exception | Database - ExecuteScalarAsync:
Object must implement IConvertible.
2024-05-16 14:00:19.586 -05:00 [INF] FIN | Database - ExecuteScalarAsync
2024-05-16 14:01:11.854 -05:00 [INF] INICIO | Database - ExecuteScalarAsync
2024-05-16 14:03:50.081 -05:00 [ERR] Exception | Database - ExecuteScalarAsync:
Object must implement IConvertible.
2024-05-16 14:03:50.096 -05:00 [INF] FIN | Database - ExecuteScalarAsync
2024-05-16 14:04:03.146 -05:00 [INF] INICIO | Database - ExecuteScalarAsync
2024-05-16 14:18:32.246 -05:00 [INF] INICIO | Database - ExecuteScalarAsync
2024-05-16 14:18:32.393 -05:00 [INF] FIN | Database - ExecuteScalarAsync
2024-05-16 14:20:56.927 -05:00 [INF] INICIO | Database - ExecuteScalarAsync
2024-05-16 14:20:56.955 -05:00 [INF] FIN | Database - ExecuteScalarAsync
2024-05-16 14:22:30.691 -05:00 [INF] INICIO | Database - ExecuteScalarAsync
2024-05-16 14:22:30.718 -05:00 [INF] FIN | Database - ExecuteScalarAsync
2024-05-16 14:39:13.202 -05:00 [INF] INICIO | Database - ExecuteNonQueryAsync
2024-05-16 14:39:13.376 -05:00 [INF] FIN | Database - ExecuteNonQueryAsync
2024-05-16 14:39:31.594 -05:00 [INF] INICIO | Database - ExecuteNonQueryAsync
2024-05-16 14:39:31.598 -05:00 [INF] FIN | Database - ExecuteNonQueryAsync
2024-05-16 14:39:47.203 -05:00 [INF] INICIO | Database - ExecuteNonQueryAsync
2024-05-16 14:39:47.204 -05:00 [INF] FIN | Database - ExecuteNonQueryAsync
2024-05-16 14:40:58.799 -05:00 [INF] INICIO | Database - ExecuteScalarAsync
2024-05-16 14:40:58.818 -05:00 [INF] FIN | Database - ExecuteScalarAsync
2024-05-16 14:41:08.422 -05:00 [INF] FIN | Database - ExecuteReaderAsync
2024-05-16 14:41:56.693 -05:00 [INF] INICIO | ClienteRepository - AddClienteAsync
2024-05-16 14:42:17.702 -05:00 [INF] INICIO | Database - ExecuteNonQueryAsync
2024-05-16 14:42:17.709 -05:00 [INF] FIN | Database - ExecuteNonQueryAsync
2024-05-16 14:42:17.709 -05:00 [INF] FIN | ClienteRepository - AddClienteAsync
2024-05-16 14:42:39.517 -05:00 [INF] FIN | Database - ExecuteReaderAsync
2024-05-16 14:42:59.315 -05:00 [INF] INICIO | Database - ExecuteScalarAsync
2024-05-16 14:42:59.317 -05:00 [INF] FIN | Database - ExecuteScalarAsync
2024-05-16 14:43:08.689 -05:00 [INF] INICIO | Database - ExecuteScalarAsync
2024-05-16 14:43:08.702 -05:00 [INF] FIN | Database - ExecuteScalarAsync
2024-05-16 14:43:28.389 -05:00 [INF] INICIO | Database - ExecuteNonQueryAsync
2024-05-16 14:43:28.396 -05:00 [INF] FIN | Database - ExecuteNonQueryAsync
2024-05-16 14:44:17.609 -05:00 [INF] INICIO | ClienteRepository - DeleteClienteAsync
2024-05-16 14:44:18.774 -05:00 [INF] INICIO | Database - ExecuteNonQueryAsync
2024-05-16 14:44:18.782 -05:00 [INF] FIN | Database - ExecuteNonQueryAsync
2024-05-16 14:44:18.782 -05:00 [INF] FIN | ClienteRepository - DeleteClienteAsync
2024-05-16 14:52:59.760 -05:00 [INF] INICIO | ClienteRepository - AddClienteAsync
2024-05-16 14:53:03.651 -05:00 [ERR] Exception | ClienteRepository - AddClienteAsync:
El campo DNI debe contener solo números.
2024-05-16 14:53:03.673 -05:00 [INF] FIN | ClienteRepository - AddClienteAsync
2024-05-16 14:53:18.227 -05:00 [INF] INICIO | ClienteRepository - AddClienteAsync
2024-05-16 14:53:18.259 -05:00 [ERR] Exception | ClienteRepository - AddClienteAsync:
El campo DNI debe contener solo números.
2024-05-16 14:53:18.282 -05:00 [INF] FIN | ClienteRepository - AddClienteAsync
2024-05-16 14:54:03.679 -05:00 [INF] INICIO | ClienteRepository - AddClienteAsync
2024-05-16 14:54:51.773 -05:00 [ERR] Exception | ClienteRepository - AddClienteAsync:
El campo DNI debe contener solo números.
2024-05-16 14:57:54.756 -05:00 [INF] INICIO | ClienteRepository - AddClienteAsync
2024-05-16 14:57:57.728 -05:00 [ERR] Exception | ClienteRepository - AddClienteAsync:
El campo DNI debe contener solo números.
2024-05-16 14:57:57.728 -05:00 [INF] FIN | ClienteRepository - AddClienteAsync
2024-05-16 15:16:37.136 -05:00 [INF] INICIO | ClienteRepository - AddClienteAsync
2024-05-16 22:19:19.020 -05:00 [INF] INICIO | UsuarioRepository - GetAllUsuariosAsync
2024-05-16 22:19:19.521 -05:00 [WRN] SqlException | Database - ExecuteReaderAsync:
@TipoUsuario is not a parameter for procedure SP_USUARIO_CRUD.
2024-05-16 22:19:19.539 -05:00 [INF] FIN | Database - ExecuteReaderAsync
2024-05-16 22:21:52.740 -05:00 [INF] INICIO | UsuarioRepository - GetAllUsuariosAsync
2024-05-16 22:21:52.775 -05:00 [INF] FIN | Database - ExecuteReaderAsync
2024-05-16 22:21:52.775 -05:00 [INF] FIN | UsuarioRepository - GetAllUsuariosAsync
2024-05-16 22:22:02.180 -05:00 [INF] INICIO | UsuarioRepository - GetAllUsuariosAsync
2024-05-16 22:22:02.182 -05:00 [INF] FIN | Database - ExecuteReaderAsync
2024-05-16 22:22:02.182 -05:00 [INF] FIN | UsuarioRepository - GetAllUsuariosAsync
2024-05-16 22:25:10.202 -05:00 [INF] INICIO | UsuarioRepository - GetAllUsuariosAsync
2024-05-16 22:25:10.237 -05:00 [INF] FIN | Database - ExecuteReaderAsync
2024-05-16 22:25:10.237 -05:00 [INF] FIN | UsuarioRepository - GetAllUsuariosAsync
2024-05-16 22:25:18.701 -05:00 [INF] INICIO | UsuarioRepository - GetAllUsuariosAsync
2024-05-16 22:25:18.702 -05:00 [INF] FIN | Database - ExecuteReaderAsync
2024-05-16 22:25:18.703 -05:00 [INF] FIN | UsuarioRepository - GetAllUsuariosAsync
2024-05-16 22:25:27.007 -05:00 [INF] INICIO | UsuarioRepository - GetAllUsuariosAsync
2024-05-16 22:25:27.014 -05:00 [INF] FIN | Database - ExecuteReaderAsync
2024-05-16 22:25:27.014 -05:00 [INF] FIN | UsuarioRepository - GetAllUsuariosAsync
2024-05-16 22:49:29.011 -05:00 [INF] INICIO | UsuarioRepository - AddUsuarioAsync
2024-05-16 22:49:37.298 -05:00 [INF] INICIO | UsuarioRepository - AddUsuarioAsync
2024-05-16 22:49:53.907 -05:00 [INF] INICIO | UsuarioRepository - AddUsuarioAsync
2024-05-16 22:49:53.909 -05:00 [INF] INICIO | Database - ExecuteNonQueryAsync
2024-05-16 22:49:53.971 -05:00 [INF] FIN | Database - ExecuteNonQueryAsync
2024-05-16 22:49:53.971 -05:00 [INF] FIN | UsuarioRepository - AddUsuarioAsync
2024-05-16 22:50:02.732 -05:00 [INF] INICIO | UsuarioRepository - GetAllUsuariosAsync
2024-05-16 22:50:02.733 -05:00 [INF] FIN | Database - ExecuteReaderAsync
2024-05-16 22:50:02.733 -05:00 [INF] FIN | UsuarioRepository - GetAllUsuariosAsync
2024-05-16 22:50:04.258 -05:00 [INF] INICIO | UsuarioRepository - GetAllUsuariosAsync
2024-05-16 22:50:04.260 -05:00 [INF] FIN | Database - ExecuteReaderAsync
2024-05-16 22:50:04.260 -05:00 [INF] FIN | UsuarioRepository - GetAllUsuariosAsync
2024-05-16 22:50:04.929 -05:00 [INF] INICIO | UsuarioRepository - GetAllUsuariosAsync
2024-05-16 22:50:04.931 -05:00 [INF] FIN | Database - ExecuteReaderAsync
2024-05-16 22:50:04.931 -05:00 [INF] FIN | UsuarioRepository - GetAllUsuariosAsync
2024-05-16 22:50:34.299 -05:00 [INF] INICIO | UsuarioRepository - GetAllUsuariosAsync
2024-05-16 22:50:34.318 -05:00 [INF] FIN | Database - ExecuteReaderAsync
2024-05-16 22:50:34.318 -05:00 [INF] FIN | UsuarioRepository - GetAllUsuariosAsync
2024-05-16 22:51:16.306 -05:00 [INF] INICIO | UsuarioRepository - GetAllUsuariosAsync
2024-05-16 22:51:56.276 -05:00 [INF] FIN | Database - ExecuteReaderAsync
2024-05-16 22:53:48.262 -05:00 [INF] FIN | UsuarioRepository - GetAllUsuariosAsync
2024-05-16 22:56:48.273 -05:00 [INF] INICIO | UsuarioRepository - GetAllUsuariosAsync
2024-05-16 22:57:02.240 -05:00 [INF] FIN | Database - ExecuteReaderAsync
2024-05-16 22:57:02.240 -05:00 [INF] FIN | UsuarioRepository - GetAllUsuariosAsync
2024-05-16 22:58:01.771 -05:00 [INF] INICIO | UsuarioRepository - GetAllUsuariosAsync
2024-05-16 22:58:11.299 -05:00 [INF] FIN | Database - ExecuteReaderAsync
2024-05-16 22:58:11.299 -05:00 [INF] FIN | UsuarioRepository - GetAllUsuariosAsync
2024-05-16 22:58:51.960 -05:00 [INF] INICIO | UsuarioRepository - GetAllUsuariosAsync
2024-05-16 22:58:54.656 -05:00 [INF] FIN | Database - ExecuteReaderAsync
2024-05-16 22:58:54.657 -05:00 [INF] FIN | UsuarioRepository - GetAllUsuariosAsync
2024-05-16 23:00:28.210 -05:00 [INF] INICIO | UsuarioRepository - AddUsuarioAsync
2024-05-16 23:00:38.271 -05:00 [INF] INICIO | Database - ExecuteNonQueryAsync
2024-05-16 23:00:38.296 -05:00 [INF] FIN | Database - ExecuteNonQueryAsync
2024-05-16 23:00:38.296 -05:00 [INF] FIN | UsuarioRepository - AddUsuarioAsync
2024-05-16 23:03:34.935 -05:00 [INF] INICIO | UsuarioRepository - GetAllUsuariosAsync
2024-05-16 23:03:36.329 -05:00 [INF] FIN | Database - ExecuteReaderAsync
2024-05-16 23:03:36.329 -05:00 [INF] FIN | UsuarioRepository - GetAllUsuariosAsync
2024-05-16 23:03:44.558 -05:00 [INF] INICIO | UsuarioRepository - GetAllUsuariosAsync
2024-05-16 23:03:45.855 -05:00 [INF] FIN | Database - ExecuteReaderAsync
2024-05-16 23:03:45.855 -05:00 [INF] FIN | UsuarioRepository - GetAllUsuariosAsync
2024-05-16 23:03:52.001 -05:00 [INF] INICIO | UsuarioRepository - GetAllUsuariosAsync
2024-05-16 23:03:53.383 -05:00 [INF] FIN | Database - ExecuteReaderAsync
2024-05-16 23:03:53.383 -05:00 [INF] FIN | UsuarioRepository - GetAllUsuariosAsync
2024-05-16 23:13:23.113 -05:00 [INF] INICIO | UsuarioRepository - GetAllUsuariosAsync
2024-05-16 23:13:26.937 -05:00 [INF] FIN | Database - ExecuteReaderAsync
2024-05-16 23:13:26.937 -05:00 [INF] FIN | UsuarioRepository - GetAllUsuariosAsync
2024-05-16 23:13:36.941 -05:00 [INF] INICIO | UsuarioRepository - GetAllUsuariosAsync
2024-05-16 23:13:36.956 -05:00 [INF] FIN | Database - ExecuteReaderAsync
2024-05-16 23:13:36.956 -05:00 [INF] FIN | UsuarioRepository - GetAllUsuariosAsync
2024-05-16 23:13:37.948 -05:00 [INF] INICIO | UsuarioRepository - GetAllUsuariosAsync
2024-05-16 23:13:37.950 -05:00 [INF] FIN | Database - ExecuteReaderAsync
2024-05-16 23:13:37.950 -05:00 [INF] FIN | UsuarioRepository - GetAllUsuariosAsync
2024-05-16 23:17:44.524 -05:00 [INF] INICIO | UsuarioRepository - AddUsuarioAsync
2024-05-16 23:18:09.569 -05:00 [INF] INICIO | UsuarioRepository - AddUsuarioAsync
2024-05-16 23:18:09.570 -05:00 [INF] INICIO | Database - ExecuteNonQueryAsync
2024-05-16 23:18:09.587 -05:00 [INF] FIN | Database - ExecuteNonQueryAsync
2024-05-16 23:18:09.587 -05:00 [INF] FIN | UsuarioRepository - AddUsuarioAsync
2024-05-16 23:18:16.695 -05:00 [INF] INICIO | UsuarioRepository - GetAllUsuariosAsync
2024-05-16 23:18:16.709 -05:00 [INF] FIN | Database - ExecuteReaderAsync
2024-05-16 23:18:16.709 -05:00 [INF] FIN | UsuarioRepository - GetAllUsuariosAsync
2024-05-16 23:18:25.994 -05:00 [INF] INICIO | UsuarioRepository - GetAllUsuariosAsync
2024-05-16 23:18:26.006 -05:00 [INF] FIN | Database - ExecuteReaderAsync
2024-05-16 23:18:26.006 -05:00 [INF] FIN | UsuarioRepository - GetAllUsuariosAsync
2024-05-16 23:18:39.019 -05:00 [INF] INICIO | UsuarioRepository - GetAllUsuariosAsync
2024-05-16 23:18:39.031 -05:00 [INF] FIN | Database - ExecuteReaderAsync
2024-05-16 23:18:39.031 -05:00 [INF] FIN | UsuarioRepository - GetAllUsuariosAsync
2024-05-16 23:18:39.926 -05:00 [INF] INICIO | UsuarioRepository - GetAllUsuariosAsync
2024-05-16 23:18:39.937 -05:00 [INF] FIN | Database - ExecuteReaderAsync
2024-05-16 23:18:39.937 -05:00 [INF] FIN | UsuarioRepository - GetAllUsuariosAsync
2024-05-16 23:19:17.526 -05:00 [INF] INICIO | UsuarioRepository - AddUsuarioAsync
2024-05-16 23:19:17.526 -05:00 [INF] INICIO | Database - ExecuteNonQueryAsync
2024-05-16 23:19:43.808 -05:00 [WRN] SqlException | Database - ExecuteNonQueryAsync:
Cannot roll back THROW. No transaction or savepoint of that name was found.
Transaction count after EXECUTE indicates a mismatching number of BEGIN and COMMIT statements. Previous count = 0, current count = 1.
Cliente con este DNI ya existe.
2024-05-16 23:19:43.826 -05:00 [INF] FIN | Database - ExecuteNonQueryAsync
2024-05-16 23:24:07.360 -05:00 [INF] INICIO | UsuarioRepository - AddUsuarioAsync
2024-05-16 23:24:07.360 -05:00 [INF] INICIO | Database - ExecuteNonQueryAsync
2024-05-16 23:24:07.385 -05:00 [INF] FIN | Database - ExecuteNonQueryAsync
2024-05-16 23:24:07.386 -05:00 [INF] FIN | UsuarioRepository - AddUsuarioAsync
2024-05-16 23:24:48.489 -05:00 [INF] INICIO | UsuarioRepository - GetAllUsuariosAsync
2024-05-16 23:24:48.506 -05:00 [INF] FIN | Database - ExecuteReaderAsync
2024-05-16 23:24:48.506 -05:00 [INF] FIN | UsuarioRepository - GetAllUsuariosAsync
2024-05-16 23:24:50.854 -05:00 [INF] INICIO | UsuarioRepository - GetAllUsuariosAsync
2024-05-16 23:24:50.867 -05:00 [INF] FIN | Database - ExecuteReaderAsync
2024-05-16 23:24:50.867 -05:00 [INF] FIN | UsuarioRepository - GetAllUsuariosAsync
2024-05-16 23:24:53.604 -05:00 [INF] INICIO | UsuarioRepository - GetAllUsuariosAsync
2024-05-16 23:24:53.615 -05:00 [INF] FIN | Database - ExecuteReaderAsync
2024-05-16 23:24:53.615 -05:00 [INF] FIN | UsuarioRepository - GetAllUsuariosAsync
2024-05-16 23:24:54.299 -05:00 [INF] INICIO | UsuarioRepository - GetAllUsuariosAsync
2024-05-16 23:24:54.313 -05:00 [INF] FIN | Database - ExecuteReaderAsync
2024-05-16 23:24:54.313 -05:00 [INF] FIN | UsuarioRepository - GetAllUsuariosAsync
2024-05-16 23:24:54.552 -05:00 [INF] INICIO | UsuarioRepository - GetAllUsuariosAsync
2024-05-16 23:24:54.569 -05:00 [INF] FIN | Database - ExecuteReaderAsync
2024-05-16 23:24:54.569 -05:00 [INF] FIN | UsuarioRepository - GetAllUsuariosAsync
2024-05-16 23:24:57.309 -05:00 [INF] INICIO | UsuarioRepository - GetAllUsuariosAsync
2024-05-16 23:24:57.322 -05:00 [INF] FIN | Database - ExecuteReaderAsync
2024-05-16 23:24:57.322 -05:00 [INF] FIN | UsuarioRepository - GetAllUsuariosAsync
2024-05-16 23:25:06.199 -05:00 [INF] INICIO | UsuarioRepository - GetAllUsuariosAsync
2024-05-16 23:25:06.218 -05:00 [INF] FIN | Database - ExecuteReaderAsync
2024-05-16 23:25:06.218 -05:00 [INF] FIN | UsuarioRepository - GetAllUsuariosAsync
2024-05-16 23:25:10.983 -05:00 [INF] INICIO | UsuarioRepository - GetAllUsuariosAsync
2024-05-16 23:25:11.000 -05:00 [INF] FIN | Database - ExecuteReaderAsync
2024-05-16 23:25:11.000 -05:00 [INF] FIN | UsuarioRepository - GetAllUsuariosAsync
2024-05-16 23:25:17.092 -05:00 [INF] INICIO | UsuarioRepository - GetAllUsuariosAsync
2024-05-16 23:25:17.108 -05:00 [INF] FIN | Database - ExecuteReaderAsync
2024-05-16 23:25:17.108 -05:00 [INF] FIN | UsuarioRepository - GetAllUsuariosAsync
2024-05-16 23:26:15.196 -05:00 [INF] INICIO | UsuarioRepository - GetAllUsuariosAsync
2024-05-16 23:26:15.211 -05:00 [INF] FIN | Database - ExecuteReaderAsync
2024-05-16 23:26:15.211 -05:00 [INF] FIN | UsuarioRepository - GetAllUsuariosAsync
2024-05-16 23:26:24.086 -05:00 [INF] INICIO | UsuarioRepository - GetAllUsuariosAsync
2024-05-16 23:26:24.098 -05:00 [INF] FIN | Database - ExecuteReaderAsync
2024-05-16 23:26:24.098 -05:00 [INF] FIN | UsuarioRepository - GetAllUsuariosAsync
2024-05-16 23:27:43.525 -05:00 [INF] INICIO | UsuarioRepository - AddUsuarioAsync
2024-05-16 23:27:43.525 -05:00 [INF] INICIO | Database - ExecuteNonQueryAsync
2024-05-16 23:27:43.551 -05:00 [INF] FIN | Database - ExecuteNonQueryAsync
2024-05-16 23:27:43.551 -05:00 [INF] FIN | UsuarioRepository - AddUsuarioAsync
2024-05-16 23:28:43.879 -05:00 [INF] INICIO | UsuarioRepository - GetAllUsuariosAsync
2024-05-16 23:28:43.896 -05:00 [INF] FIN | Database - ExecuteReaderAsync
2024-05-16 23:28:43.896 -05:00 [INF] FIN | UsuarioRepository - GetAllUsuariosAsync
2024-05-16 23:29:10.872 -05:00 [INF] INICIO | UsuarioRepository - GetUsuarioByIdAsync
2024-05-16 23:29:10.874 -05:00 [INF] INICIO | Database - ExecuteScalarAsync
2024-05-16 23:29:10.884 -05:00 [INF] FIN | Database - ExecuteScalarAsync
2024-05-16 23:29:10.884 -05:00 [INF] FIN | UsuarioRepository - GetUsuarioByIdAsync
2024-05-16 23:30:07.984 -05:00 [INF] INICIO | UsuarioRepository - GetAllUsuariosAsync
2024-05-16 23:30:07.998 -05:00 [INF] FIN | Database - ExecuteReaderAsync
2024-05-16 23:30:07.998 -05:00 [INF] FIN | UsuarioRepository - GetAllUsuariosAsync
2024-05-16 23:30:09.266 -05:00 [INF] INICIO | UsuarioRepository - GetAllUsuariosAsync
2024-05-16 23:30:09.267 -05:00 [INF] FIN | Database - ExecuteReaderAsync
2024-05-16 23:30:09.267 -05:00 [INF] FIN | UsuarioRepository - GetAllUsuariosAsync
2024-05-16 23:30:14.473 -05:00 [INF] INICIO | UsuarioRepository - GetUsuarioByIdAsync
2024-05-16 23:30:14.473 -05:00 [INF] INICIO | Database - ExecuteScalarAsync
2024-05-16 23:30:14.474 -05:00 [INF] FIN | Database - ExecuteScalarAsync
2024-05-16 23:30:14.475 -05:00 [INF] FIN | UsuarioRepository - GetUsuarioByIdAsync
2024-05-16 23:30:15.569 -05:00 [INF] INICIO | UsuarioRepository - GetUsuarioByIdAsync
2024-05-16 23:30:15.569 -05:00 [INF] INICIO | Database - ExecuteScalarAsync
2024-05-16 23:30:15.570 -05:00 [INF] FIN | Database - ExecuteScalarAsync
2024-05-16 23:30:15.570 -05:00 [INF] FIN | UsuarioRepository - GetUsuarioByIdAsync
2024-05-16 23:30:38.063 -05:00 [INF] INICIO | UsuarioRepository - GetAllUsuariosAsync
2024-05-16 23:30:38.065 -05:00 [INF] FIN | Database - ExecuteReaderAsync
2024-05-16 23:30:38.065 -05:00 [INF] FIN | UsuarioRepository - GetAllUsuariosAsync
2024-05-16 23:30:38.963 -05:00 [INF] INICIO | UsuarioRepository - GetAllUsuariosAsync
2024-05-16 23:30:38.964 -05:00 [INF] FIN | Database - ExecuteReaderAsync
2024-05-16 23:30:38.964 -05:00 [INF] FIN | UsuarioRepository - GetAllUsuariosAsync
2024-05-16 23:30:49.783 -05:00 [INF] INICIO | UsuarioRepository - GetAllUsuariosAsync
2024-05-16 23:30:49.785 -05:00 [INF] FIN | Database - ExecuteReaderAsync
2024-05-16 23:30:49.785 -05:00 [INF] FIN | UsuarioRepository - GetAllUsuariosAsync
2024-05-16 23:30:52.476 -05:00 [INF] INICIO | UsuarioRepository - GetAllUsuariosAsync
2024-05-16 23:30:52.478 -05:00 [INF] FIN | Database - ExecuteReaderAsync
2024-05-16 23:30:52.478 -05:00 [INF] FIN | UsuarioRepository - GetAllUsuariosAsync
2024-05-16 23:30:52.936 -05:00 [INF] INICIO | UsuarioRepository - GetAllUsuariosAsync
2024-05-16 23:30:52.937 -05:00 [INF] FIN | Database - ExecuteReaderAsync
2024-05-16 23:30:52.937 -05:00 [INF] FIN | UsuarioRepository - GetAllUsuariosAsync
2024-05-16 23:30:53.354 -05:00 [INF] INICIO | UsuarioRepository - GetAllUsuariosAsync
2024-05-16 23:30:53.355 -05:00 [INF] FIN | Database - ExecuteReaderAsync
2024-05-16 23:30:53.355 -05:00 [INF] FIN | UsuarioRepository - GetAllUsuariosAsync
2024-05-16 23:30:53.540 -05:00 [INF] INICIO | UsuarioRepository - GetAllUsuariosAsync
2024-05-16 23:30:53.543 -05:00 [INF] FIN | Database - ExecuteReaderAsync
2024-05-16 23:30:53.543 -05:00 [INF] FIN | UsuarioRepository - GetAllUsuariosAsync
2024-05-16 23:32:22.308 -05:00 [INF] INICIO | UsuarioRepository - GetAllUsuariosAsync
2024-05-16 23:33:51.980 -05:00 [INF] FIN | Database - ExecuteReaderAsync
2024-05-16 23:33:54.001 -05:00 [INF] FIN | UsuarioRepository - GetAllUsuariosAsync
2024-05-16 23:34:05.926 -05:00 [INF] FIN | Database - ExecuteReaderAsync
2024-05-16 23:35:22.062 -05:00 [ERR] Exception | Database - ExecuteReaderAsync:
Object reference not set to an instance of an object.
2024-05-16 23:35:22.080 -05:00 [INF] FIN | Database - ExecuteReaderAsync
2024-05-16 23:35:27.107 -05:00 [INF] INICIO | UsuarioRepository - GetAllUsuariosAsync
2024-05-16 23:36:25.141 -05:00 [ERR] Exception | Database - ExecuteReaderAsync:
Invalid attempt to read when no data is present.
2024-05-16 23:36:25.157 -05:00 [INF] FIN | Database - ExecuteReaderAsync
2024-05-16 23:37:18.762 -05:00 [INF] INICIO | UsuarioRepository - GetAllUsuariosAsync
2024-05-16 23:37:29.348 -05:00 [ERR] Exception | Database - ExecuteReaderAsync:
Invalid attempt to read when no data is present.
2024-05-16 23:37:29.364 -05:00 [INF] FIN | Database - ExecuteReaderAsync
2024-05-16 23:37:58.708 -05:00 [INF] INICIO | UsuarioRepository - GetAllUsuariosAsync
2024-05-16 23:38:02.406 -05:00 [INF] FIN | Database - ExecuteReaderAsync
2024-05-16 23:38:02.407 -05:00 [INF] FIN | UsuarioRepository - GetAllUsuariosAsync
2024-05-16 23:40:17.698 -05:00 [INF] INICIO | UsuarioRepository - GetAllUsuariosAsync
2024-05-16 23:40:28.712 -05:00 [INF] FIN | Database - ExecuteReaderAsync
2024-05-16 23:40:28.712 -05:00 [INF] FIN | UsuarioRepository - GetAllUsuariosAsync
2024-05-16 23:56:59.858 -05:00 [INF] INICIO | UsuarioRepository - GetAllUsuariosAsync
2024-05-16 23:57:00.043 -05:00 [INF] FIN | Database - ExecuteReaderAsync
2024-05-16 23:57:00.043 -05:00 [INF] FIN | UsuarioRepository - GetAllUsuariosAsync
2024-05-16 23:57:15.426 -05:00 [INF] INICIO | UsuarioRepository - GetAllUsuariosAsync
2024-05-16 23:57:15.439 -05:00 [INF] FIN | Database - ExecuteReaderAsync
2024-05-16 23:57:15.439 -05:00 [INF] FIN | UsuarioRepository - GetAllUsuariosAsync
2024-05-16 23:57:18.355 -05:00 [INF] INICIO | UsuarioRepository - GetAllUsuariosAsync
2024-05-16 23:57:18.358 -05:00 [INF] FIN | Database - ExecuteReaderAsync
2024-05-16 23:57:18.358 -05:00 [INF] FIN | UsuarioRepository - GetAllUsuariosAsync
2024-05-16 23:57:25.986 -05:00 [INF] INICIO | UsuarioRepository - GetAllUsuariosAsync
2024-05-16 23:57:26.005 -05:00 [INF] FIN | Database - ExecuteReaderAsync
2024-05-16 23:57:26.005 -05:00 [INF] FIN | UsuarioRepository - GetAllUsuariosAsync
2024-05-16 23:58:59.315 -05:00 [INF] INICIO | UsuarioRepository - GetAllUsuariosAsync
2024-05-16 23:58:59.331 -05:00 [INF] FIN | Database - ExecuteReaderAsync
2024-05-16 23:58:59.331 -05:00 [INF] FIN | UsuarioRepository - GetAllUsuariosAsync
2024-05-16 23:59:06.301 -05:00 [INF] INICIO | UsuarioRepository - GetAllUsuariosAsync
2024-05-16 23:59:06.304 -05:00 [INF] FIN | Database - ExecuteReaderAsync
2024-05-16 23:59:06.306 -05:00 [INF] FIN | UsuarioRepository - GetAllUsuariosAsync
