2024-05-28 15:41:40.987 -05:00 [INF] INICIO | UsuarioRepository - GetAllUsuariosAsync
2024-05-28 15:41:42.002 -05:00 [INF] FIN | Database - ExecuteReaderAsync
2024-05-28 15:41:42.003 -05:00 [INF] FIN | UsuarioRepository - GetAllUsuariosAsync
2024-05-28 15:57:31.982 -05:00 [INF] INICIO | UsuarioRepository - GetAllUsuariosAsync
2024-05-28 15:57:33.229 -05:00 [INF] FIN | Database - ExecuteReaderAsync
2024-05-28 15:57:33.229 -05:00 [INF] FIN | UsuarioRepository - GetAllUsuariosAsync
2024-05-28 15:58:06.681 -05:00 [INF] INICIO | UsuarioRepository - GetAllUsuariosAsync
2024-05-28 15:58:06.725 -05:00 [INF] FIN | Database - ExecuteReaderAsync
2024-05-28 15:58:06.743 -05:00 [INF] FIN | UsuarioRepository - GetAllUsuariosAsync
2024-05-28 16:00:47.379 -05:00 [INF] INICIO | UsuarioRepository - GetAllUsuariosAsync
2024-05-28 16:00:47.414 -05:00 [INF] FIN | Database - ExecuteReaderAsync
2024-05-28 16:00:47.414 -05:00 [INF] FIN | UsuarioRepository - GetAllUsuariosAsync
2024-05-28 16:01:01.145 -05:00 [INF] INICIO | UsuarioRepository - GetAllUsuariosAsync
2024-05-28 16:01:01.159 -05:00 [INF] FIN | Database - ExecuteReaderAsync
2024-05-28 16:01:01.159 -05:00 [INF] FIN | UsuarioRepository - GetAllUsuariosAsync
2024-05-28 16:02:57.760 -05:00 [INF] INICIO | UsuarioRepository - GetAllUsuariosAsync
2024-05-28 16:02:57.788 -05:00 [INF] FIN | Database - ExecuteReaderAsync
2024-05-28 16:02:57.788 -05:00 [INF] FIN | UsuarioRepository - GetAllUsuariosAsync
2024-05-28 16:03:11.576 -05:00 [INF] INICIO | UsuarioRepository - GetAllUsuariosAsync
2024-05-28 16:03:11.589 -05:00 [INF] FIN | Database - ExecuteReaderAsync
2024-05-28 16:03:11.589 -05:00 [INF] FIN | UsuarioRepository - GetAllUsuariosAsync
2024-05-28 16:03:36.798 -05:00 [INF] INICIO | UsuarioRepository - GetAllUsuariosAsync
2024-05-28 16:03:36.811 -05:00 [INF] FIN | Database - ExecuteReaderAsync
2024-05-28 16:03:36.811 -05:00 [INF] FIN | UsuarioRepository - GetAllUsuariosAsync
2024-05-28 16:03:49.765 -05:00 [INF] INICIO | UsuarioRepository - GetAllUsuariosAsync
2024-05-28 16:03:49.777 -05:00 [INF] FIN | Database - ExecuteReaderAsync
2024-05-28 16:03:49.777 -05:00 [INF] FIN | UsuarioRepository - GetAllUsuariosAsync
2024-05-28 16:04:37.157 -05:00 [INF] INICIO | UsuarioRepository - GetAllUsuariosAsync
2024-05-28 16:04:37.179 -05:00 [INF] FIN | Database - ExecuteReaderAsync
2024-05-28 16:04:37.179 -05:00 [INF] FIN | UsuarioRepository - GetAllUsuariosAsync
2024-05-28 16:04:46.038 -05:00 [INF] INICIO | UsuarioRepository - GetAllUsuariosAsync
2024-05-28 16:04:46.049 -05:00 [INF] FIN | Database - ExecuteReaderAsync
2024-05-28 16:04:46.049 -05:00 [INF] FIN | UsuarioRepository - GetAllUsuariosAsync
2024-05-28 16:05:06.296 -05:00 [INF] INICIO | UsuarioRepository - GetAllUsuariosAsync
2024-05-28 16:05:07.023 -05:00 [INF] FIN | Database - ExecuteReaderAsync
2024-05-28 16:05:07.023 -05:00 [INF] FIN | UsuarioRepository - GetAllUsuariosAsync
2024-05-28 16:05:12.998 -05:00 [INF] INICIO | UsuarioRepository - GetAllUsuariosAsync
2024-05-28 16:05:13.005 -05:00 [INF] FIN | Database - ExecuteReaderAsync
2024-05-28 16:05:13.005 -05:00 [INF] FIN | UsuarioRepository - GetAllUsuariosAsync
2024-05-28 16:07:25.818 -05:00 [INF] INICIO | UsuarioRepository - GetAllUsuariosAsync
2024-05-28 16:07:26.764 -05:00 [INF] FIN | Database - ExecuteReaderAsync
2024-05-28 16:07:26.764 -05:00 [INF] FIN | UsuarioRepository - GetAllUsuariosAsync
2024-05-28 16:11:26.041 -05:00 [INF] INICIO | UsuarioRepository - GetAllUsuariosAsync
2024-05-28 16:11:29.371 -05:00 [INF] FIN | Database - ExecuteReaderAsync
2024-05-28 16:11:29.372 -05:00 [INF] FIN | UsuarioRepository - GetAllUsuariosAsync
2024-05-28 16:11:47.829 -05:00 [INF] INICIO | UsuarioRepository - GetAllUsuariosAsync
2024-05-28 16:11:47.851 -05:00 [INF] FIN | Database - ExecuteReaderAsync
2024-05-28 16:11:47.852 -05:00 [INF] FIN | UsuarioRepository - GetAllUsuariosAsync
2024-05-28 16:37:10.137 -05:00 [INF] INICIO | UsuarioRepository - GetAllUsuariosAsync
2024-05-28 16:37:10.196 -05:00 [INF] FIN | Database - ExecuteReaderAsync
2024-05-28 16:37:10.196 -05:00 [INF] FIN | UsuarioRepository - GetAllUsuariosAsync
2024-05-28 16:37:21.215 -05:00 [INF] INICIO | UsuarioRepository - GetAllUsuariosAsync
2024-05-28 16:37:21.217 -05:00 [INF] FIN | Database - ExecuteReaderAsync
2024-05-28 16:37:21.217 -05:00 [INF] FIN | UsuarioRepository - GetAllUsuariosAsync
2024-05-28 16:39:29.872 -05:00 [INF] INICIO | UsuarioRepository - GetAllUsuariosAsync
2024-05-28 16:39:29.925 -05:00 [INF] FIN | Database - ExecuteReaderAsync
2024-05-28 16:39:29.926 -05:00 [INF] FIN | UsuarioRepository - GetAllUsuariosAsync
2024-05-28 16:39:52.361 -05:00 [INF] INICIO | UsuarioRepository - GetAllUsuariosAsync
2024-05-28 16:39:52.420 -05:00 [INF] FIN | Database - ExecuteReaderAsync
2024-05-28 16:39:52.420 -05:00 [INF] FIN | UsuarioRepository - GetAllUsuariosAsync
2024-05-28 16:41:00.262 -05:00 [INF] INICIO | UsuarioRepository - GetAllUsuariosAsync
2024-05-28 16:41:00.306 -05:00 [INF] FIN | Database - ExecuteReaderAsync
2024-05-28 16:41:00.307 -05:00 [INF] FIN | UsuarioRepository - GetAllUsuariosAsync
2024-05-28 16:41:08.385 -05:00 [INF] INICIO | UsuarioRepository - GetAllUsuariosAsync
2024-05-28 16:41:08.387 -05:00 [INF] FIN | Database - ExecuteReaderAsync
2024-05-28 16:41:08.387 -05:00 [INF] FIN | UsuarioRepository - GetAllUsuariosAsync
2024-05-28 16:43:52.630 -05:00 [INF] INICIO | UsuarioRepository - GetAllUsuariosAsync
2024-05-28 16:43:52.683 -05:00 [INF] FIN | Database - ExecuteReaderAsync
2024-05-28 16:43:52.683 -05:00 [INF] FIN | UsuarioRepository - GetAllUsuariosAsync
2024-05-28 16:45:02.666 -05:00 [INF] INICIO | UsuarioRepository - GetAllUsuariosAsync
2024-05-28 16:45:02.714 -05:00 [INF] FIN | Database - ExecuteReaderAsync
2024-05-28 16:45:02.714 -05:00 [INF] FIN | UsuarioRepository - GetAllUsuariosAsync
2024-05-28 16:46:10.025 -05:00 [INF] INICIO | UsuarioRepository - GetAllUsuariosAsync
2024-05-28 16:46:10.085 -05:00 [INF] FIN | Database - ExecuteReaderAsync
2024-05-28 16:46:10.085 -05:00 [INF] FIN | UsuarioRepository - GetAllUsuariosAsync
2024-05-28 16:47:21.630 -05:00 [INF] INICIO | UsuarioRepository - GetAllUsuariosAsync
2024-05-28 16:47:21.678 -05:00 [INF] FIN | Database - ExecuteReaderAsync
2024-05-28 16:47:21.678 -05:00 [INF] FIN | UsuarioRepository - GetAllUsuariosAsync
2024-05-28 16:47:39.256 -05:00 [INF] INICIO | UsuarioRepository - GetAllUsuariosAsync
2024-05-28 16:47:39.309 -05:00 [INF] FIN | Database - ExecuteReaderAsync
2024-05-28 16:47:39.309 -05:00 [INF] FIN | UsuarioRepository - GetAllUsuariosAsync
2024-05-28 16:48:12.630 -05:00 [INF] INICIO | UsuarioRepository - GetAllUsuariosAsync
2024-05-28 16:48:12.651 -05:00 [INF] FIN | Database - ExecuteReaderAsync
2024-05-28 16:48:12.651 -05:00 [INF] FIN | UsuarioRepository - GetAllUsuariosAsync
2024-05-28 16:48:19.247 -05:00 [INF] INICIO | UsuarioRepository - GetAllUsuariosAsync
2024-05-28 16:48:19.267 -05:00 [INF] FIN | Database - ExecuteReaderAsync
2024-05-28 16:48:19.267 -05:00 [INF] FIN | UsuarioRepository - GetAllUsuariosAsync
2024-05-28 16:49:04.931 -05:00 [INF] INICIO | UsuarioRepository - GetAllUsuariosAsync
2024-05-28 16:49:04.944 -05:00 [INF] FIN | Database - ExecuteReaderAsync
2024-05-28 16:49:04.944 -05:00 [INF] FIN | UsuarioRepository - GetAllUsuariosAsync
2024-05-28 16:49:08.504 -05:00 [INF] INICIO | UsuarioRepository - GetAllUsuariosAsync
2024-05-28 16:49:08.521 -05:00 [INF] FIN | Database - ExecuteReaderAsync
2024-05-28 16:49:08.521 -05:00 [INF] FIN | UsuarioRepository - GetAllUsuariosAsync
2024-05-28 16:49:23.401 -05:00 [INF] INICIO | UsuarioRepository - GetAllUsuariosAsync
2024-05-28 16:49:23.415 -05:00 [INF] FIN | Database - ExecuteReaderAsync
2024-05-28 16:49:23.415 -05:00 [INF] FIN | UsuarioRepository - GetAllUsuariosAsync
2024-05-28 16:49:46.834 -05:00 [INF] INICIO | UsuarioRepository - GetAllUsuariosAsync
2024-05-28 16:49:46.854 -05:00 [INF] FIN | Database - ExecuteReaderAsync
2024-05-28 16:49:46.854 -05:00 [INF] FIN | UsuarioRepository - GetAllUsuariosAsync
2024-05-28 16:50:22.063 -05:00 [INF] INICIO | UsuarioRepository - GetAllUsuariosAsync
2024-05-28 16:50:22.083 -05:00 [INF] FIN | Database - ExecuteReaderAsync
2024-05-28 16:50:22.083 -05:00 [INF] FIN | UsuarioRepository - GetAllUsuariosAsync
2024-05-28 16:51:16.667 -05:00 [INF] INICIO | UsuarioRepository - GetAllUsuariosAsync
2024-05-28 16:51:16.690 -05:00 [INF] FIN | Database - ExecuteReaderAsync
2024-05-28 16:51:16.690 -05:00 [INF] FIN | UsuarioRepository - GetAllUsuariosAsync
2024-05-28 17:02:13.886 -05:00 [INF] INICIO | UsuarioRepository - GetAllUsuariosAsync
2024-05-28 17:02:13.939 -05:00 [INF] FIN | Database - ExecuteReaderAsync
2024-05-28 17:02:13.939 -05:00 [INF] FIN | UsuarioRepository - GetAllUsuariosAsync
2024-05-28 17:14:36.201 -05:00 [INF] INICIO | UsuarioRepository - GetAllUsuariosAsync
2024-05-28 17:14:36.260 -05:00 [INF] FIN | Database - ExecuteReaderAsync
2024-05-28 17:14:36.260 -05:00 [INF] FIN | UsuarioRepository - GetAllUsuariosAsync
2024-05-28 18:18:03.862 -05:00 [INF] INICIO | UsuarioRepository - GetAllUsuariosAsync
2024-05-28 18:18:05.201 -05:00 [INF] FIN | Database - ExecuteReaderAsync
2024-05-28 18:18:05.202 -05:00 [INF] FIN | UsuarioRepository - GetAllUsuariosAsync
2024-05-28 18:18:38.396 -05:00 [INF] INICIO | UsuarioRepository - GetAllUsuariosAsync
2024-05-28 18:18:38.398 -05:00 [INF] FIN | Database - ExecuteReaderAsync
2024-05-28 18:18:38.398 -05:00 [INF] FIN | UsuarioRepository - GetAllUsuariosAsync
2024-05-28 18:22:16.824 -05:00 [INF] INICIO | UsuarioRepository - GetAllUsuariosAsync
2024-05-28 18:22:16.901 -05:00 [INF] FIN | Database - ExecuteReaderAsync
2024-05-28 18:22:16.901 -05:00 [INF] FIN | UsuarioRepository - GetAllUsuariosAsync
2024-05-28 18:22:27.258 -05:00 [INF] INICIO | UsuarioRepository - GetAllUsuariosAsync
2024-05-28 18:22:27.260 -05:00 [INF] FIN | Database - ExecuteReaderAsync
2024-05-28 18:22:27.260 -05:00 [INF] FIN | UsuarioRepository - GetAllUsuariosAsync
2024-05-28 18:22:32.313 -05:00 [INF] INICIO | UsuarioRepository - GetAllUsuariosAsync
2024-05-28 18:22:32.314 -05:00 [INF] FIN | Database - ExecuteReaderAsync
2024-05-28 18:22:32.314 -05:00 [INF] FIN | UsuarioRepository - GetAllUsuariosAsync
2024-05-28 18:22:52.126 -05:00 [INF] INICIO | UsuarioRepository - GetAllUsuariosAsync
2024-05-28 18:22:52.141 -05:00 [INF] FIN | Database - ExecuteReaderAsync
2024-05-28 18:22:52.141 -05:00 [INF] FIN | UsuarioRepository - GetAllUsuariosAsync
2024-05-28 18:22:58.534 -05:00 [INF] INICIO | UsuarioRepository - GetAllUsuariosAsync
2024-05-28 18:22:58.553 -05:00 [INF] FIN | Database - ExecuteReaderAsync
2024-05-28 18:22:58.553 -05:00 [INF] FIN | UsuarioRepository - GetAllUsuariosAsync
2024-05-28 18:24:04.081 -05:00 [INF] INICIO | UsuarioRepository - GetAllUsuariosAsync
2024-05-28 18:24:04.097 -05:00 [INF] FIN | Database - ExecuteReaderAsync
2024-05-28 18:24:04.097 -05:00 [INF] FIN | UsuarioRepository - GetAllUsuariosAsync
2024-05-28 18:24:23.061 -05:00 [INF] INICIO | UsuarioRepository - GetAllUsuariosAsync
2024-05-28 18:24:23.063 -05:00 [INF] FIN | Database - ExecuteReaderAsync
2024-05-28 18:24:23.063 -05:00 [INF] FIN | UsuarioRepository - GetAllUsuariosAsync
2024-05-28 18:24:38.847 -05:00 [INF] INICIO | UsuarioRepository - GetAllUsuariosAsync
2024-05-28 18:24:38.862 -05:00 [INF] FIN | Database - ExecuteReaderAsync
2024-05-28 18:24:38.862 -05:00 [INF] FIN | UsuarioRepository - GetAllUsuariosAsync
2024-05-28 18:25:15.143 -05:00 [INF] INICIO | UsuarioRepository - GetAllUsuariosAsync
2024-05-28 18:25:15.175 -05:00 [INF] FIN | Database - ExecuteReaderAsync
2024-05-28 18:25:15.175 -05:00 [INF] FIN | UsuarioRepository - GetAllUsuariosAsync
2024-05-28 18:25:33.216 -05:00 [INF] INICIO | UsuarioRepository - GetAllUsuariosAsync
2024-05-28 18:25:33.217 -05:00 [INF] FIN | Database - ExecuteReaderAsync
2024-05-28 18:25:33.217 -05:00 [INF] FIN | UsuarioRepository - GetAllUsuariosAsync
2024-05-28 18:26:11.677 -05:00 [INF] INICIO | UsuarioRepository - GetAllUsuariosAsync
2024-05-28 18:26:11.689 -05:00 [INF] FIN | Database - ExecuteReaderAsync
2024-05-28 18:26:11.689 -05:00 [INF] FIN | UsuarioRepository - GetAllUsuariosAsync
2024-05-28 18:26:58.806 -05:00 [INF] INICIO | UsuarioRepository - GetAllUsuariosAsync
2024-05-28 18:26:58.858 -05:00 [INF] FIN | Database - ExecuteReaderAsync
2024-05-28 18:26:58.858 -05:00 [INF] FIN | UsuarioRepository - GetAllUsuariosAsync
2024-05-28 18:27:09.834 -05:00 [INF] INICIO | UsuarioRepository - GetAllUsuariosAsync
2024-05-28 18:27:09.836 -05:00 [INF] FIN | Database - ExecuteReaderAsync
2024-05-28 18:27:09.836 -05:00 [INF] FIN | UsuarioRepository - GetAllUsuariosAsync
2024-05-28 19:05:05.890 -05:00 [INF] INICIO | UsuarioRepository - GetAllUsuariosAsync
2024-05-28 19:05:05.963 -05:00 [INF] FIN | Database - ExecuteReaderAsync
2024-05-28 19:05:05.963 -05:00 [INF] FIN | UsuarioRepository - GetAllUsuariosAsync
2024-05-28 19:05:15.740 -05:00 [INF] INICIO | UsuarioRepository - GetAllUsuariosAsync
2024-05-28 19:05:15.760 -05:00 [INF] FIN | Database - ExecuteReaderAsync
2024-05-28 19:05:15.760 -05:00 [INF] FIN | UsuarioRepository - GetAllUsuariosAsync
2024-05-28 19:05:45.101 -05:00 [INF] INICIO | UsuarioRepository - GetAllUsuariosAsync
2024-05-28 19:05:45.171 -05:00 [INF] FIN | Database - ExecuteReaderAsync
2024-05-28 19:05:45.171 -05:00 [INF] FIN | UsuarioRepository - GetAllUsuariosAsync
2024-05-28 19:06:48.724 -05:00 [INF] INICIO | UsuarioRepository - GetAllUsuariosAsync
2024-05-28 19:06:48.781 -05:00 [INF] FIN | Database - ExecuteReaderAsync
2024-05-28 19:06:48.781 -05:00 [INF] FIN | UsuarioRepository - GetAllUsuariosAsync
2024-05-28 19:16:42.268 -05:00 [INF] INICIO | UsuarioRepository - GetAllUsuariosAsync
2024-05-28 19:16:43.659 -05:00 [INF] FIN | Database - ExecuteReaderAsync
2024-05-28 19:16:43.659 -05:00 [INF] FIN | UsuarioRepository - GetAllUsuariosAsync
2024-05-28 19:18:44.908 -05:00 [INF] INICIO | UsuarioRepository - GetAllUsuariosAsync
2024-05-28 19:18:44.947 -05:00 [INF] FIN | Database - ExecuteReaderAsync
2024-05-28 19:18:44.947 -05:00 [INF] FIN | UsuarioRepository - GetAllUsuariosAsync
2024-05-28 19:19:02.467 -05:00 [INF] INICIO | UsuarioRepository - GetAllUsuariosAsync
2024-05-28 19:19:02.489 -05:00 [INF] FIN | Database - ExecuteReaderAsync
2024-05-28 19:19:02.489 -05:00 [INF] FIN | UsuarioRepository - GetAllUsuariosAsync
2024-05-28 20:10:54.760 -05:00 [INF] INICIO | UsuarioRepository - GetAllUsuariosAsync
2024-05-28 20:10:56.178 -05:00 [INF] FIN | Database - ExecuteReaderAsync
2024-05-28 20:10:56.178 -05:00 [INF] FIN | UsuarioRepository - GetAllUsuariosAsync
2024-05-28 20:11:41.650 -05:00 [INF] INICIO | UsuarioRepository - GetAllUsuariosAsync
2024-05-28 20:11:41.669 -05:00 [INF] FIN | Database - ExecuteReaderAsync
2024-05-28 20:11:41.669 -05:00 [INF] FIN | UsuarioRepository - GetAllUsuariosAsync
2024-05-28 20:13:10.386 -05:00 [INF] INICIO | UsuarioRepository - GetAllUsuariosAsync
2024-05-28 20:13:10.559 -05:00 [INF] FIN | Database - ExecuteReaderAsync
2024-05-28 20:13:10.559 -05:00 [INF] FIN | UsuarioRepository - GetAllUsuariosAsync
2024-05-28 20:13:38.453 -05:00 [INF] INICIO | UsuarioRepository - GetAllUsuariosAsync
2024-05-28 20:13:38.507 -05:00 [INF] FIN | Database - ExecuteReaderAsync
2024-05-28 20:13:38.507 -05:00 [INF] FIN | UsuarioRepository - GetAllUsuariosAsync
2024-05-28 20:13:48.552 -05:00 [INF] INICIO | UsuarioRepository - GetAllUsuariosAsync
2024-05-28 20:13:48.567 -05:00 [INF] FIN | Database - ExecuteReaderAsync
2024-05-28 20:13:48.567 -05:00 [INF] FIN | UsuarioRepository - GetAllUsuariosAsync
2024-05-28 20:13:56.278 -05:00 [INF] INICIO | UsuarioRepository - GetAllUsuariosAsync
2024-05-28 20:13:56.292 -05:00 [INF] FIN | Database - ExecuteReaderAsync
2024-05-28 20:13:56.292 -05:00 [INF] FIN | UsuarioRepository - GetAllUsuariosAsync
2024-05-28 20:14:28.582 -05:00 [INF] INICIO | UsuarioRepository - GetAllUsuariosAsync
2024-05-28 20:14:28.600 -05:00 [INF] FIN | Database - ExecuteReaderAsync
2024-05-28 20:14:28.600 -05:00 [INF] FIN | UsuarioRepository - GetAllUsuariosAsync
2024-05-28 20:18:41.850 -05:00 [INF] INICIO | UsuarioRepository - GetAllUsuariosAsync
2024-05-28 20:18:46.425 -05:00 [INF] FIN | Database - ExecuteReaderAsync
2024-05-28 20:18:46.425 -05:00 [INF] FIN | UsuarioRepository - GetAllUsuariosAsync
2024-05-28 20:19:23.754 -05:00 [INF] INICIO | UsuarioRepository - GetAllUsuariosAsync
2024-05-28 20:19:23.770 -05:00 [INF] FIN | Database - ExecuteReaderAsync
2024-05-28 20:19:23.770 -05:00 [INF] FIN | UsuarioRepository - GetAllUsuariosAsync
2024-05-28 20:21:10.897 -05:00 [INF] INICIO | UsuarioRepository - GetAllUsuariosAsync
2024-05-28 20:21:10.941 -05:00 [INF] FIN | Database - ExecuteReaderAsync
2024-05-28 20:21:10.941 -05:00 [INF] FIN | UsuarioRepository - GetAllUsuariosAsync
2024-05-28 20:22:16.269 -05:00 [INF] INICIO | UsuarioRepository - GetAllUsuariosAsync
2024-05-28 20:22:16.314 -05:00 [INF] FIN | Database - ExecuteReaderAsync
2024-05-28 20:22:16.314 -05:00 [INF] FIN | UsuarioRepository - GetAllUsuariosAsync
2024-05-28 20:23:00.459 -05:00 [INF] INICIO | UsuarioRepository - GetAllUsuariosAsync
2024-05-28 20:23:00.477 -05:00 [INF] FIN | Database - ExecuteReaderAsync
2024-05-28 20:23:00.477 -05:00 [INF] FIN | UsuarioRepository - GetAllUsuariosAsync
2024-05-28 20:23:20.116 -05:00 [INF] INICIO | UsuarioRepository - GetAllUsuariosAsync
2024-05-28 20:23:20.136 -05:00 [INF] FIN | Database - ExecuteReaderAsync
2024-05-28 20:23:20.136 -05:00 [INF] FIN | UsuarioRepository - GetAllUsuariosAsync
2024-05-28 20:23:38.875 -05:00 [INF] INICIO | UsuarioRepository - GetAllUsuariosAsync
2024-05-28 20:23:38.887 -05:00 [INF] FIN | Database - ExecuteReaderAsync
2024-05-28 20:23:38.887 -05:00 [INF] FIN | UsuarioRepository - GetAllUsuariosAsync
2024-05-28 20:24:01.558 -05:00 [INF] INICIO | UsuarioRepository - GetAllUsuariosAsync
2024-05-28 20:24:01.577 -05:00 [INF] FIN | Database - ExecuteReaderAsync
2024-05-28 20:24:01.577 -05:00 [INF] FIN | UsuarioRepository - GetAllUsuariosAsync
2024-05-28 20:24:05.072 -05:00 [INF] INICIO | UsuarioRepository - GetAllUsuariosAsync
2024-05-28 20:24:05.126 -05:00 [INF] FIN | Database - ExecuteReaderAsync
2024-05-28 20:24:05.126 -05:00 [INF] FIN | UsuarioRepository - GetAllUsuariosAsync
2024-05-28 20:24:19.761 -05:00 [INF] INICIO | UsuarioRepository - GetAllUsuariosAsync
2024-05-28 20:24:19.783 -05:00 [INF] FIN | Database - ExecuteReaderAsync
2024-05-28 20:24:19.784 -05:00 [INF] FIN | UsuarioRepository - GetAllUsuariosAsync
2024-05-28 20:24:32.652 -05:00 [INF] INICIO | UsuarioRepository - GetAllUsuariosAsync
2024-05-28 20:24:32.664 -05:00 [INF] FIN | Database - ExecuteReaderAsync
2024-05-28 20:24:32.664 -05:00 [INF] FIN | UsuarioRepository - GetAllUsuariosAsync
2024-05-28 20:24:50.850 -05:00 [INF] INICIO | UsuarioRepository - GetAllUsuariosAsync
2024-05-28 20:24:50.850 -05:00 [INF] FIN | Database - ExecuteReaderAsync
2024-05-28 20:24:50.850 -05:00 [INF] FIN | UsuarioRepository - GetAllUsuariosAsync
2024-05-28 20:24:59.096 -05:00 [INF] INICIO | UsuarioRepository - GetAllUsuariosAsync
2024-05-28 20:24:59.108 -05:00 [INF] FIN | Database - ExecuteReaderAsync
2024-05-28 20:24:59.108 -05:00 [INF] FIN | UsuarioRepository - GetAllUsuariosAsync
2024-05-28 20:25:07.215 -05:00 [INF] INICIO | UsuarioRepository - GetAllUsuariosAsync
2024-05-28 20:25:07.230 -05:00 [INF] FIN | Database - ExecuteReaderAsync
2024-05-28 20:25:07.230 -05:00 [INF] FIN | UsuarioRepository - GetAllUsuariosAsync
2024-05-28 20:27:33.503 -05:00 [INF] INICIO | UsuarioRepository - GetAllUsuariosAsync
2024-05-28 20:27:33.519 -05:00 [INF] FIN | Database - ExecuteReaderAsync
2024-05-28 20:27:33.519 -05:00 [INF] FIN | UsuarioRepository - GetAllUsuariosAsync
2024-05-28 20:28:10.710 -05:00 [INF] INICIO | UsuarioRepository - GetAllUsuariosAsync
2024-05-28 20:28:10.731 -05:00 [INF] FIN | Database - ExecuteReaderAsync
2024-05-28 20:28:10.731 -05:00 [INF] FIN | UsuarioRepository - GetAllUsuariosAsync
2024-05-28 20:31:29.292 -05:00 [INF] INICIO | UsuarioRepository - GetAllUsuariosAsync
2024-05-28 20:31:29.349 -05:00 [INF] FIN | Database - ExecuteReaderAsync
2024-05-28 20:31:29.349 -05:00 [INF] FIN | UsuarioRepository - GetAllUsuariosAsync
2024-05-28 20:32:15.557 -05:00 [INF] INICIO | UsuarioRepository - DeleteUsuarioAsync
2024-05-28 20:32:15.559 -05:00 [INF] INICIO | Database - ExecuteNonQueryAsync
2024-05-28 20:32:15.629 -05:00 [INF] FIN | Database - ExecuteNonQueryAsync
2024-05-28 20:32:15.629 -05:00 [INF] FIN | UsuarioRepository - DeleteUsuarioAsync
2024-05-28 20:32:15.637 -05:00 [INF] INICIO | UsuarioRepository - GetAllUsuariosAsync
2024-05-28 20:32:15.640 -05:00 [INF] FIN | Database - ExecuteReaderAsync
2024-05-28 20:32:15.640 -05:00 [INF] FIN | UsuarioRepository - GetAllUsuariosAsync
2024-05-28 20:32:22.314 -05:00 [INF] INICIO | UsuarioRepository - GetAllUsuariosAsync
2024-05-28 20:32:22.330 -05:00 [INF] FIN | Database - ExecuteReaderAsync
2024-05-28 20:32:22.330 -05:00 [INF] FIN | UsuarioRepository - GetAllUsuariosAsync
2024-05-28 20:32:55.188 -05:00 [INF] INICIO | UsuarioRepository - GetAllUsuariosAsync
2024-05-28 20:32:55.232 -05:00 [INF] FIN | Database - ExecuteReaderAsync
2024-05-28 20:32:55.232 -05:00 [INF] FIN | UsuarioRepository - GetAllUsuariosAsync
2024-05-28 20:34:09.498 -05:00 [INF] INICIO | UsuarioRepository - GetAllUsuariosAsync
2024-05-28 20:34:09.635 -05:00 [INF] FIN | Database - ExecuteReaderAsync
2024-05-28 20:34:09.635 -05:00 [INF] FIN | UsuarioRepository - GetAllUsuariosAsync
2024-05-28 20:34:36.664 -05:00 [INF] INICIO | UsuarioRepository - GetAllUsuariosAsync
2024-05-28 20:34:36.677 -05:00 [INF] FIN | Database - ExecuteReaderAsync
2024-05-28 20:34:36.677 -05:00 [INF] FIN | UsuarioRepository - GetAllUsuariosAsync
2024-05-28 20:35:28.312 -05:00 [INF] INICIO | UsuarioRepository - GetAllUsuariosAsync
2024-05-28 20:35:28.327 -05:00 [INF] FIN | Database - ExecuteReaderAsync
2024-05-28 20:35:28.327 -05:00 [INF] FIN | UsuarioRepository - GetAllUsuariosAsync
2024-05-28 20:36:23.779 -05:00 [INF] INICIO | UsuarioRepository - GetAllUsuariosAsync
2024-05-28 20:36:23.826 -05:00 [INF] FIN | Database - ExecuteReaderAsync
2024-05-28 20:36:23.826 -05:00 [INF] FIN | UsuarioRepository - GetAllUsuariosAsync
2024-05-28 21:41:09.057 -05:00 [INF] INICIO | UsuarioRepository - GetAllUsuariosAsync
2024-05-28 21:41:09.461 -05:00 [INF] FIN | Database - ExecuteReaderAsync
2024-05-28 21:41:09.461 -05:00 [INF] FIN | UsuarioRepository - GetAllUsuariosAsync
2024-05-28 21:41:19.235 -05:00 [INF] INICIO | UsuarioRepository - GetAllUsuariosAsync
2024-05-28 21:41:19.236 -05:00 [INF] FIN | Database - ExecuteReaderAsync
2024-05-28 21:41:19.237 -05:00 [INF] FIN | UsuarioRepository - GetAllUsuariosAsync
2024-05-28 21:44:01.181 -05:00 [INF] INICIO | UsuarioRepository - GetAllUsuariosAsync
2024-05-28 21:44:01.227 -05:00 [INF] FIN | Database - ExecuteReaderAsync
2024-05-28 21:44:01.227 -05:00 [INF] FIN | UsuarioRepository - GetAllUsuariosAsync
2024-05-28 21:44:08.713 -05:00 [INF] INICIO | UsuarioRepository - GetAllUsuariosAsync
2024-05-28 21:44:08.714 -05:00 [INF] FIN | Database - ExecuteReaderAsync
2024-05-28 21:44:08.714 -05:00 [INF] FIN | UsuarioRepository - GetAllUsuariosAsync
2024-05-28 21:44:37.741 -05:00 [INF] INICIO | UsuarioRepository - GetAllUsuariosAsync
2024-05-28 21:44:37.794 -05:00 [INF] FIN | Database - ExecuteReaderAsync
2024-05-28 21:44:37.794 -05:00 [INF] FIN | UsuarioRepository - GetAllUsuariosAsync
2024-05-28 21:44:41.057 -05:00 [INF] INICIO | UsuarioRepository - DeleteUsuarioAsync
2024-05-28 21:44:41.057 -05:00 [INF] INICIO | Database - ExecuteNonQueryAsync
2024-05-28 21:44:41.061 -05:00 [INF] FIN | Database - ExecuteNonQueryAsync
2024-05-28 21:44:41.061 -05:00 [INF] FIN | UsuarioRepository - DeleteUsuarioAsync
2024-05-28 21:44:41.064 -05:00 [INF] INICIO | UsuarioRepository - GetAllUsuariosAsync
2024-05-28 21:44:41.065 -05:00 [INF] FIN | Database - ExecuteReaderAsync
2024-05-28 21:44:41.065 -05:00 [INF] FIN | UsuarioRepository - GetAllUsuariosAsync
2024-05-28 21:44:42.840 -05:00 [INF] INICIO | UsuarioRepository - DeleteUsuarioAsync
2024-05-28 21:44:42.840 -05:00 [INF] INICIO | Database - ExecuteNonQueryAsync
2024-05-28 21:44:42.841 -05:00 [INF] FIN | Database - ExecuteNonQueryAsync
2024-05-28 21:44:42.841 -05:00 [INF] FIN | UsuarioRepository - DeleteUsuarioAsync
2024-05-28 21:44:42.850 -05:00 [INF] INICIO | UsuarioRepository - GetAllUsuariosAsync
2024-05-28 21:44:42.851 -05:00 [INF] FIN | Database - ExecuteReaderAsync
2024-05-28 21:44:42.851 -05:00 [INF] FIN | UsuarioRepository - GetAllUsuariosAsync
2024-05-28 21:45:07.706 -05:00 [INF] INICIO | UsuarioRepository - GetAllUsuariosAsync
2024-05-28 21:45:07.709 -05:00 [INF] FIN | Database - ExecuteReaderAsync
2024-05-28 21:45:07.710 -05:00 [INF] FIN | UsuarioRepository - GetAllUsuariosAsync
2024-05-28 21:45:47.264 -05:00 [INF] INICIO | UsuarioRepository - GetAllUsuariosAsync
2024-05-28 21:45:47.311 -05:00 [INF] FIN | Database - ExecuteReaderAsync
2024-05-28 21:45:47.312 -05:00 [INF] FIN | UsuarioRepository - GetAllUsuariosAsync
2024-05-28 21:45:55.680 -05:00 [INF] INICIO | UsuarioRepository - GetAllUsuariosAsync
2024-05-28 21:45:55.681 -05:00 [INF] FIN | Database - ExecuteReaderAsync
2024-05-28 21:45:55.681 -05:00 [INF] FIN | UsuarioRepository - GetAllUsuariosAsync
2024-05-28 21:49:07.509 -05:00 [INF] INICIO | UsuarioRepository - GetAllUsuariosAsync
2024-05-28 21:49:07.549 -05:00 [INF] FIN | Database - ExecuteReaderAsync
2024-05-28 21:49:07.550 -05:00 [INF] FIN | UsuarioRepository - GetAllUsuariosAsync
2024-05-28 21:50:27.256 -05:00 [INF] INICIO | UsuarioRepository - GetAllUsuariosAsync
2024-05-28 21:50:27.285 -05:00 [INF] FIN | Database - ExecuteReaderAsync
2024-05-28 21:50:27.285 -05:00 [INF] FIN | UsuarioRepository - GetAllUsuariosAsync
2024-05-28 21:51:45.888 -05:00 [INF] INICIO | UsuarioRepository - GetAllUsuariosAsync
2024-05-28 21:51:45.961 -05:00 [INF] FIN | Database - ExecuteReaderAsync
2024-05-28 21:51:45.961 -05:00 [INF] FIN | UsuarioRepository - GetAllUsuariosAsync
2024-05-28 22:09:31.244 -05:00 [INF] INICIO | UsuarioRepository - GetAllUsuariosAsync
2024-05-28 22:09:33.228 -05:00 [INF] FIN | Database - ExecuteReaderAsync
2024-05-28 22:09:33.228 -05:00 [INF] FIN | UsuarioRepository - GetAllUsuariosAsync
2024-05-28 22:10:28.856 -05:00 [INF] INICIO | UsuarioRepository - GetAllUsuariosAsync
2024-05-28 22:10:28.858 -05:00 [INF] FIN | Database - ExecuteReaderAsync
2024-05-28 22:10:28.859 -05:00 [INF] FIN | UsuarioRepository - GetAllUsuariosAsync
2024-05-28 22:14:05.516 -05:00 [INF] INICIO | UsuarioRepository - GetAllUsuariosAsync
2024-05-28 22:14:05.560 -05:00 [INF] FIN | Database - ExecuteReaderAsync
2024-05-28 22:14:05.560 -05:00 [INF] FIN | UsuarioRepository - GetAllUsuariosAsync
2024-05-28 22:14:10.507 -05:00 [INF] INICIO | UsuarioRepository - DeleteUsuarioAsync
2024-05-28 22:14:10.507 -05:00 [INF] INICIO | Database - ExecuteNonQueryAsync
2024-05-28 22:14:10.515 -05:00 [INF] FIN | Database - ExecuteNonQueryAsync
2024-05-28 22:14:10.515 -05:00 [INF] FIN | UsuarioRepository - DeleteUsuarioAsync
2024-05-28 22:14:10.520 -05:00 [INF] INICIO | UsuarioRepository - GetAllUsuariosAsync
2024-05-28 22:14:10.521 -05:00 [INF] FIN | Database - ExecuteReaderAsync
2024-05-28 22:14:10.521 -05:00 [INF] FIN | UsuarioRepository - GetAllUsuariosAsync
2024-05-28 22:14:17.218 -05:00 [INF] INICIO | UsuarioRepository - GetAllUsuariosAsync
2024-05-28 22:14:17.219 -05:00 [INF] FIN | Database - ExecuteReaderAsync
2024-05-28 22:14:17.219 -05:00 [INF] FIN | UsuarioRepository - GetAllUsuariosAsync
2024-05-28 22:15:45.359 -05:00 [INF] INICIO | UsuarioRepository - GetAllUsuariosAsync
2024-05-28 22:15:45.404 -05:00 [INF] FIN | Database - ExecuteReaderAsync
2024-05-28 22:15:45.404 -05:00 [INF] FIN | UsuarioRepository - GetAllUsuariosAsync
2024-05-28 22:16:13.768 -05:00 [INF] INICIO | UsuarioRepository - GetAllUsuariosAsync
2024-05-28 22:16:13.782 -05:00 [INF] FIN | Database - ExecuteReaderAsync
2024-05-28 22:16:13.782 -05:00 [INF] FIN | UsuarioRepository - GetAllUsuariosAsync
2024-05-28 22:16:25.518 -05:00 [INF] INICIO | UsuarioRepository - GetAllUsuariosAsync
2024-05-28 22:16:25.520 -05:00 [INF] FIN | Database - ExecuteReaderAsync
2024-05-28 22:16:25.520 -05:00 [INF] FIN | UsuarioRepository - GetAllUsuariosAsync
2024-05-28 22:25:55.719 -05:00 [INF] INICIO | UsuarioRepository - GetAllUsuariosAsync
2024-05-28 22:25:55.767 -05:00 [INF] FIN | Database - ExecuteReaderAsync
2024-05-28 22:25:55.767 -05:00 [INF] FIN | UsuarioRepository - GetAllUsuariosAsync
2024-05-28 22:25:59.637 -05:00 [INF] INICIO | UsuarioRepository - GetAllUsuariosAsync
2024-05-28 22:25:59.653 -05:00 [INF] FIN | Database - ExecuteReaderAsync
2024-05-28 22:25:59.653 -05:00 [INF] FIN | UsuarioRepository - GetAllUsuariosAsync
2024-05-28 22:37:51.830 -05:00 [INF] INICIO | UsuarioRepository - GetAllUsuariosAsync
2024-05-28 22:37:53.298 -05:00 [INF] FIN | Database - ExecuteReaderAsync
2024-05-28 22:37:53.299 -05:00 [INF] FIN | UsuarioRepository - GetAllUsuariosAsync
