2024-06-16 00:00:09.240 -05:00 [INF] INICIO | RegularizacionRepository - GetRegularizacionesAsync
2024-06-16 00:00:09.268 -05:00 [INF] FIN | Database - ExecuteReaderAsync
2024-06-16 00:00:09.268 -05:00 [INF] FIN | RegularizacionRepository - GetRegularizacionesAsync
2024-06-16 00:00:09.356 -05:00 [INF] INICIO | RegularizacionRepository - GetRegularizacionesAsync
2024-06-16 00:00:09.361 -05:00 [INF] FIN | Database - ExecuteReaderAsync
2024-06-16 00:00:09.361 -05:00 [INF] FIN | RegularizacionRepository - GetRegularizacionesAsync
2024-06-16 00:00:59.419 -05:00 [INF] INICIO | RegularizacionRepository - GetRegularizacionesAsync
2024-06-16 00:00:59.426 -05:00 [INF] FIN | Database - ExecuteReaderAsync
2024-06-16 00:00:59.426 -05:00 [INF] FIN | RegularizacionRepository - GetRegularizacionesAsync
2024-06-16 00:00:59.528 -05:00 [INF] INICIO | RegularizacionRepository - GetRegularizacionesAsync
2024-06-16 00:00:59.535 -05:00 [INF] FIN | Database - ExecuteReaderAsync
2024-06-16 00:00:59.535 -05:00 [INF] FIN | RegularizacionRepository - GetRegularizacionesAsync
2024-06-16 00:01:58.146 -05:00 [INF] INICIO | RegularizacionRepository - GetRegularizacionesAsync
2024-06-16 00:01:58.158 -05:00 [INF] FIN | Database - ExecuteReaderAsync
2024-06-16 00:01:58.158 -05:00 [INF] FIN | RegularizacionRepository - GetRegularizacionesAsync
2024-06-16 00:01:58.242 -05:00 [INF] INICIO | RegularizacionRepository - GetRegularizacionesAsync
2024-06-16 00:01:58.246 -05:00 [INF] FIN | Database - ExecuteReaderAsync
2024-06-16 00:01:58.246 -05:00 [INF] FIN | RegularizacionRepository - GetRegularizacionesAsync
2024-06-16 00:02:25.317 -05:00 [INF] INICIO | RegularizacionRepository - GetRegularizacionesAsync
2024-06-16 00:02:25.322 -05:00 [INF] FIN | Database - ExecuteReaderAsync
2024-06-16 00:02:25.322 -05:00 [INF] FIN | RegularizacionRepository - GetRegularizacionesAsync
2024-06-16 00:02:25.401 -05:00 [INF] INICIO | RegularizacionRepository - GetRegularizacionesAsync
2024-06-16 00:02:25.404 -05:00 [INF] FIN | Database - ExecuteReaderAsync
2024-06-16 00:02:25.404 -05:00 [INF] FIN | RegularizacionRepository - GetRegularizacionesAsync
2024-06-16 00:03:15.841 -05:00 [INF] INICIO | RegularizacionRepository - GetRegularizacionesAsync
2024-06-16 00:03:15.847 -05:00 [INF] FIN | Database - ExecuteReaderAsync
2024-06-16 00:03:15.847 -05:00 [INF] FIN | RegularizacionRepository - GetRegularizacionesAsync
2024-06-16 00:03:15.964 -05:00 [INF] INICIO | RegularizacionRepository - GetRegularizacionesAsync
2024-06-16 00:03:15.967 -05:00 [INF] FIN | Database - ExecuteReaderAsync
2024-06-16 00:03:15.967 -05:00 [INF] FIN | RegularizacionRepository - GetRegularizacionesAsync
2024-06-16 00:05:17.864 -05:00 [INF] INICIO | RegularizacionRepository - GetRegularizacionesAsync
2024-06-16 00:05:17.869 -05:00 [INF] FIN | Database - ExecuteReaderAsync
2024-06-16 00:05:17.869 -05:00 [INF] FIN | RegularizacionRepository - GetRegularizacionesAsync
2024-06-16 00:05:17.966 -05:00 [INF] INICIO | RegularizacionRepository - GetRegularizacionesAsync
2024-06-16 00:05:17.969 -05:00 [INF] FIN | Database - ExecuteReaderAsync
2024-06-16 00:05:17.969 -05:00 [INF] FIN | RegularizacionRepository - GetRegularizacionesAsync
2024-06-16 00:17:21.680 -05:00 [INF] INICIO | RegularizacionRepository - GetRegularizacionesAsync
2024-06-16 00:17:21.706 -05:00 [INF] FIN | Database - ExecuteReaderAsync
2024-06-16 00:17:21.706 -05:00 [INF] FIN | RegularizacionRepository - GetRegularizacionesAsync
2024-06-16 00:17:21.796 -05:00 [INF] INICIO | RegularizacionRepository - GetRegularizacionesAsync
2024-06-16 00:17:21.811 -05:00 [INF] FIN | Database - ExecuteReaderAsync
2024-06-16 00:17:21.811 -05:00 [INF] FIN | RegularizacionRepository - GetRegularizacionesAsync
2024-06-16 00:17:44.272 -05:00 [INF] INICIO | RegularizacionRepository - GetRegularizacionesAsync
2024-06-16 00:17:44.278 -05:00 [INF] FIN | Database - ExecuteReaderAsync
2024-06-16 00:17:44.278 -05:00 [INF] FIN | RegularizacionRepository - GetRegularizacionesAsync
2024-06-16 00:17:44.376 -05:00 [INF] INICIO | RegularizacionRepository - GetRegularizacionesAsync
2024-06-16 00:17:44.381 -05:00 [INF] FIN | Database - ExecuteReaderAsync
2024-06-16 00:17:44.381 -05:00 [INF] FIN | RegularizacionRepository - GetRegularizacionesAsync
2024-06-16 00:18:14.159 -05:00 [INF] INICIO | RegularizacionRepository - GetRegularizacionesAsync
2024-06-16 00:18:14.163 -05:00 [INF] FIN | Database - ExecuteReaderAsync
2024-06-16 00:18:14.163 -05:00 [INF] FIN | RegularizacionRepository - GetRegularizacionesAsync
2024-06-16 00:18:14.266 -05:00 [INF] INICIO | RegularizacionRepository - GetRegularizacionesAsync
2024-06-16 00:18:14.279 -05:00 [INF] FIN | Database - ExecuteReaderAsync
2024-06-16 00:18:14.279 -05:00 [INF] FIN | RegularizacionRepository - GetRegularizacionesAsync
2024-06-16 00:19:15.961 -05:00 [INF] INICIO | RegularizacionRepository - GetRegularizacionesAsync
2024-06-16 00:19:15.971 -05:00 [INF] FIN | Database - ExecuteReaderAsync
2024-06-16 00:19:15.971 -05:00 [INF] FIN | RegularizacionRepository - GetRegularizacionesAsync
2024-06-16 00:19:16.064 -05:00 [INF] INICIO | RegularizacionRepository - GetRegularizacionesAsync
2024-06-16 00:19:16.067 -05:00 [INF] FIN | Database - ExecuteReaderAsync
2024-06-16 00:19:16.067 -05:00 [INF] FIN | RegularizacionRepository - GetRegularizacionesAsync
2024-06-16 00:19:32.792 -05:00 [INF] INICIO | RegularizacionRepository - GetRegularizacionesAsync
2024-06-16 00:19:32.796 -05:00 [INF] FIN | Database - ExecuteReaderAsync
2024-06-16 00:19:32.796 -05:00 [INF] FIN | RegularizacionRepository - GetRegularizacionesAsync
2024-06-16 00:19:32.872 -05:00 [INF] INICIO | RegularizacionRepository - GetRegularizacionesAsync
2024-06-16 00:19:32.875 -05:00 [INF] FIN | Database - ExecuteReaderAsync
2024-06-16 00:19:32.875 -05:00 [INF] FIN | RegularizacionRepository - GetRegularizacionesAsync
2024-06-16 00:19:48.387 -05:00 [INF] INICIO | RegularizacionRepository - GetRegularizacionesAsync
2024-06-16 00:19:48.396 -05:00 [INF] FIN | Database - ExecuteReaderAsync
2024-06-16 00:19:48.396 -05:00 [INF] FIN | RegularizacionRepository - GetRegularizacionesAsync
2024-06-16 00:19:48.512 -05:00 [INF] INICIO | RegularizacionRepository - GetRegularizacionesAsync
2024-06-16 00:19:48.526 -05:00 [INF] FIN | Database - ExecuteReaderAsync
2024-06-16 00:19:48.526 -05:00 [INF] FIN | RegularizacionRepository - GetRegularizacionesAsync
2024-06-16 00:19:54.131 -05:00 [INF] INICIO | RegularizacionRepository - GetRegularizacionesAsync
2024-06-16 00:19:54.136 -05:00 [INF] FIN | Database - ExecuteReaderAsync
2024-06-16 00:19:54.136 -05:00 [INF] FIN | RegularizacionRepository - GetRegularizacionesAsync
2024-06-16 00:19:54.954 -05:00 [INF] INICIO | RegularizacionRepository - GetRegularizacionesAsync
2024-06-16 00:19:54.958 -05:00 [INF] FIN | Database - ExecuteReaderAsync
2024-06-16 00:19:54.958 -05:00 [INF] FIN | RegularizacionRepository - GetRegularizacionesAsync
2024-06-16 00:20:31.376 -05:00 [INF] INICIO | RegularizacionRepository - GetRegularizacionesAsync
2024-06-16 00:20:31.380 -05:00 [INF] FIN | Database - ExecuteReaderAsync
2024-06-16 00:20:31.380 -05:00 [INF] FIN | RegularizacionRepository - GetRegularizacionesAsync
2024-06-16 00:20:31.483 -05:00 [INF] INICIO | RegularizacionRepository - GetRegularizacionesAsync
2024-06-16 00:20:31.499 -05:00 [INF] FIN | Database - ExecuteReaderAsync
2024-06-16 00:20:31.499 -05:00 [INF] FIN | RegularizacionRepository - GetRegularizacionesAsync
2024-06-16 00:20:36.868 -05:00 [INF] INICIO | RegularizacionRepository - GetRegularizacionesAsync
2024-06-16 00:20:36.875 -05:00 [INF] FIN | Database - ExecuteReaderAsync
2024-06-16 00:20:36.875 -05:00 [INF] FIN | RegularizacionRepository - GetRegularizacionesAsync
2024-06-16 00:20:37.853 -05:00 [INF] INICIO | RegularizacionRepository - GetRegularizacionesAsync
2024-06-16 00:20:37.856 -05:00 [INF] FIN | Database - ExecuteReaderAsync
2024-06-16 00:20:37.856 -05:00 [INF] FIN | RegularizacionRepository - GetRegularizacionesAsync
2024-06-16 00:21:27.927 -05:00 [INF] INICIO | RegularizacionRepository - GetRegularizacionesAsync
2024-06-16 00:21:27.934 -05:00 [INF] FIN | Database - ExecuteReaderAsync
2024-06-16 00:21:27.934 -05:00 [INF] FIN | RegularizacionRepository - GetRegularizacionesAsync
2024-06-16 00:21:28.037 -05:00 [INF] INICIO | RegularizacionRepository - GetRegularizacionesAsync
2024-06-16 00:21:28.042 -05:00 [INF] FIN | Database - ExecuteReaderAsync
2024-06-16 00:21:28.043 -05:00 [INF] FIN | RegularizacionRepository - GetRegularizacionesAsync
2024-06-16 00:21:57.901 -05:00 [INF] INICIO | RegularizacionRepository - GetRegularizacionesAsync
2024-06-16 00:21:57.909 -05:00 [INF] FIN | Database - ExecuteReaderAsync
2024-06-16 00:21:57.909 -05:00 [INF] FIN | RegularizacionRepository - GetRegularizacionesAsync
2024-06-16 00:21:58.004 -05:00 [INF] INICIO | RegularizacionRepository - GetRegularizacionesAsync
2024-06-16 00:21:58.008 -05:00 [INF] FIN | Database - ExecuteReaderAsync
2024-06-16 00:21:58.008 -05:00 [INF] FIN | RegularizacionRepository - GetRegularizacionesAsync
2024-06-16 00:22:06.202 -05:00 [INF] INICIO | RegularizacionRepository - GetRegularizacionesAsync
2024-06-16 00:22:06.206 -05:00 [INF] FIN | Database - ExecuteReaderAsync
2024-06-16 00:22:06.207 -05:00 [INF] FIN | RegularizacionRepository - GetRegularizacionesAsync
2024-06-16 00:22:06.313 -05:00 [INF] INICIO | RegularizacionRepository - GetRegularizacionesAsync
2024-06-16 00:22:06.316 -05:00 [INF] FIN | Database - ExecuteReaderAsync
2024-06-16 00:22:06.316 -05:00 [INF] FIN | RegularizacionRepository - GetRegularizacionesAsync
2024-06-16 00:22:11.942 -05:00 [INF] INICIO | RegularizacionRepository - GetRegularizacionesAsync
2024-06-16 00:22:11.946 -05:00 [INF] FIN | Database - ExecuteReaderAsync
2024-06-16 00:22:11.946 -05:00 [INF] FIN | RegularizacionRepository - GetRegularizacionesAsync
2024-06-16 00:22:12.026 -05:00 [INF] INICIO | RegularizacionRepository - GetRegularizacionesAsync
2024-06-16 00:22:12.031 -05:00 [INF] FIN | Database - ExecuteReaderAsync
2024-06-16 00:22:12.031 -05:00 [INF] FIN | RegularizacionRepository - GetRegularizacionesAsync
2024-06-16 01:11:43.704 -05:00 [INF] INICIO | RegularizacionRepository - GetRegularizacionesAsync
2024-06-16 01:11:43.724 -05:00 [INF] FIN | Database - ExecuteReaderAsync
2024-06-16 01:11:43.724 -05:00 [INF] FIN | RegularizacionRepository - GetRegularizacionesAsync
2024-06-16 01:11:43.812 -05:00 [INF] INICIO | RegularizacionRepository - GetRegularizacionesAsync
2024-06-16 01:11:43.825 -05:00 [INF] FIN | Database - ExecuteReaderAsync
2024-06-16 01:11:43.825 -05:00 [INF] FIN | RegularizacionRepository - GetRegularizacionesAsync
2024-06-16 01:11:58.544 -05:00 [INF] INICIO | RegularizacionRepository - GetRegularizacionesAsync
2024-06-16 01:11:58.549 -05:00 [INF] FIN | Database - ExecuteReaderAsync
2024-06-16 01:11:58.549 -05:00 [INF] FIN | RegularizacionRepository - GetRegularizacionesAsync
2024-06-16 01:11:58.638 -05:00 [INF] INICIO | RegularizacionRepository - GetRegularizacionesAsync
2024-06-16 01:11:58.645 -05:00 [INF] FIN | Database - ExecuteReaderAsync
2024-06-16 01:11:58.645 -05:00 [INF] FIN | RegularizacionRepository - GetRegularizacionesAsync
2024-06-16 01:12:26.429 -05:00 [INF] INICIO | RegularizacionRepository - GetRegularizacionesAsync
2024-06-16 01:12:26.435 -05:00 [INF] FIN | Database - ExecuteReaderAsync
2024-06-16 01:12:26.435 -05:00 [INF] FIN | RegularizacionRepository - GetRegularizacionesAsync
2024-06-16 01:12:26.504 -05:00 [INF] INICIO | RegularizacionRepository - GetRegularizacionesAsync
2024-06-16 01:12:26.510 -05:00 [INF] FIN | Database - ExecuteReaderAsync
2024-06-16 01:12:26.510 -05:00 [INF] FIN | RegularizacionRepository - GetRegularizacionesAsync
2024-06-16 01:13:09.952 -05:00 [INF] INICIO | RegularizacionRepository - GetRegularizacionesAsync
2024-06-16 01:13:09.957 -05:00 [INF] FIN | Database - ExecuteReaderAsync
2024-06-16 01:13:09.957 -05:00 [INF] FIN | RegularizacionRepository - GetRegularizacionesAsync
2024-06-16 01:13:10.044 -05:00 [INF] INICIO | RegularizacionRepository - GetRegularizacionesAsync
2024-06-16 01:13:10.048 -05:00 [INF] FIN | Database - ExecuteReaderAsync
2024-06-16 01:13:10.048 -05:00 [INF] FIN | RegularizacionRepository - GetRegularizacionesAsync
2024-06-16 01:14:05.039 -05:00 [INF] INICIO | RegularizacionRepository - GetRegularizacionesAsync
2024-06-16 01:14:05.049 -05:00 [INF] FIN | Database - ExecuteReaderAsync
2024-06-16 01:14:05.049 -05:00 [INF] FIN | RegularizacionRepository - GetRegularizacionesAsync
2024-06-16 01:14:05.146 -05:00 [INF] INICIO | RegularizacionRepository - GetRegularizacionesAsync
2024-06-16 01:14:05.149 -05:00 [INF] FIN | Database - ExecuteReaderAsync
2024-06-16 01:14:05.149 -05:00 [INF] FIN | RegularizacionRepository - GetRegularizacionesAsync
2024-06-16 01:14:34.117 -05:00 [INF] INICIO | RegularizacionRepository - GetRegularizacionesAsync
2024-06-16 01:14:34.120 -05:00 [INF] FIN | Database - ExecuteReaderAsync
2024-06-16 01:14:34.120 -05:00 [INF] FIN | RegularizacionRepository - GetRegularizacionesAsync
2024-06-16 01:14:34.206 -05:00 [INF] INICIO | RegularizacionRepository - GetRegularizacionesAsync
2024-06-16 01:14:34.211 -05:00 [INF] FIN | Database - ExecuteReaderAsync
2024-06-16 01:14:34.211 -05:00 [INF] FIN | RegularizacionRepository - GetRegularizacionesAsync
2024-06-16 01:16:36.783 -05:00 [INF] INICIO | RegularizacionRepository - GetRegularizacionesAsync
2024-06-16 01:16:36.787 -05:00 [INF] FIN | Database - ExecuteReaderAsync
2024-06-16 01:16:36.787 -05:00 [INF] FIN | RegularizacionRepository - GetRegularizacionesAsync
2024-06-16 01:16:36.881 -05:00 [INF] INICIO | RegularizacionRepository - GetRegularizacionesAsync
2024-06-16 01:16:36.885 -05:00 [INF] FIN | Database - ExecuteReaderAsync
2024-06-16 01:16:36.885 -05:00 [INF] FIN | RegularizacionRepository - GetRegularizacionesAsync
2024-06-16 01:16:59.279 -05:00 [INF] INICIO | RegularizacionRepository - GetRegularizacionesAsync
2024-06-16 01:16:59.284 -05:00 [INF] FIN | Database - ExecuteReaderAsync
2024-06-16 01:16:59.284 -05:00 [INF] FIN | RegularizacionRepository - GetRegularizacionesAsync
2024-06-16 01:16:59.369 -05:00 [INF] INICIO | RegularizacionRepository - GetRegularizacionesAsync
2024-06-16 01:16:59.372 -05:00 [INF] FIN | Database - ExecuteReaderAsync
2024-06-16 01:16:59.372 -05:00 [INF] FIN | RegularizacionRepository - GetRegularizacionesAsync
2024-06-16 01:17:50.966 -05:00 [INF] INICIO | RegularizacionRepository - GetRegularizacionesAsync
2024-06-16 01:17:50.972 -05:00 [INF] FIN | Database - ExecuteReaderAsync
2024-06-16 01:17:50.972 -05:00 [INF] FIN | RegularizacionRepository - GetRegularizacionesAsync
2024-06-16 01:17:51.065 -05:00 [INF] INICIO | RegularizacionRepository - GetRegularizacionesAsync
2024-06-16 01:17:51.069 -05:00 [INF] FIN | Database - ExecuteReaderAsync
2024-06-16 01:17:51.069 -05:00 [INF] FIN | RegularizacionRepository - GetRegularizacionesAsync
2024-06-16 01:18:07.883 -05:00 [INF] INICIO | RegularizacionRepository - GetRegularizacionesAsync
2024-06-16 01:18:07.890 -05:00 [INF] FIN | Database - ExecuteReaderAsync
2024-06-16 01:18:07.890 -05:00 [INF] FIN | RegularizacionRepository - GetRegularizacionesAsync
2024-06-16 01:18:07.964 -05:00 [INF] INICIO | RegularizacionRepository - GetRegularizacionesAsync
2024-06-16 01:18:07.967 -05:00 [INF] FIN | Database - ExecuteReaderAsync
2024-06-16 01:18:07.967 -05:00 [INF] FIN | RegularizacionRepository - GetRegularizacionesAsync
2024-06-16 01:18:35.958 -05:00 [INF] INICIO | RegularizacionRepository - GetRegularizacionesAsync
2024-06-16 01:18:35.963 -05:00 [INF] FIN | Database - ExecuteReaderAsync
2024-06-16 01:18:35.963 -05:00 [INF] FIN | RegularizacionRepository - GetRegularizacionesAsync
2024-06-16 01:18:36.047 -05:00 [INF] INICIO | RegularizacionRepository - GetRegularizacionesAsync
2024-06-16 01:18:36.051 -05:00 [INF] FIN | Database - ExecuteReaderAsync
2024-06-16 01:18:36.051 -05:00 [INF] FIN | RegularizacionRepository - GetRegularizacionesAsync
2024-06-16 01:19:02.285 -05:00 [INF] INICIO | RegularizacionRepository - GetRegularizacionesAsync
2024-06-16 01:19:02.305 -05:00 [INF] FIN | Database - ExecuteReaderAsync
2024-06-16 01:19:02.305 -05:00 [INF] FIN | RegularizacionRepository - GetRegularizacionesAsync
2024-06-16 01:19:02.394 -05:00 [INF] INICIO | RegularizacionRepository - GetRegularizacionesAsync
2024-06-16 01:19:02.404 -05:00 [INF] FIN | Database - ExecuteReaderAsync
2024-06-16 01:19:02.404 -05:00 [INF] FIN | RegularizacionRepository - GetRegularizacionesAsync
2024-06-16 01:20:12.935 -05:00 [INF] INICIO | RegularizacionRepository - GetRegularizacionesAsync
2024-06-16 01:20:12.941 -05:00 [INF] FIN | Database - ExecuteReaderAsync
2024-06-16 01:20:12.941 -05:00 [INF] FIN | RegularizacionRepository - GetRegularizacionesAsync
2024-06-16 01:20:13.015 -05:00 [INF] INICIO | RegularizacionRepository - GetRegularizacionesAsync
2024-06-16 01:20:13.019 -05:00 [INF] FIN | Database - ExecuteReaderAsync
2024-06-16 01:20:13.019 -05:00 [INF] FIN | RegularizacionRepository - GetRegularizacionesAsync
2024-06-16 01:20:20.821 -05:00 [INF] INICIO | RegularizacionRepository - GetRegularizacionesAsync
2024-06-16 01:20:20.825 -05:00 [INF] FIN | Database - ExecuteReaderAsync
2024-06-16 01:20:20.825 -05:00 [INF] FIN | RegularizacionRepository - GetRegularizacionesAsync
2024-06-16 01:20:20.936 -05:00 [INF] INICIO | RegularizacionRepository - GetRegularizacionesAsync
2024-06-16 01:20:20.964 -05:00 [INF] FIN | Database - ExecuteReaderAsync
2024-06-16 01:20:20.964 -05:00 [INF] FIN | RegularizacionRepository - GetRegularizacionesAsync
2024-06-16 01:20:55.998 -05:00 [INF] INICIO | RegularizacionRepository - GetRegularizacionesAsync
2024-06-16 01:20:56.002 -05:00 [INF] FIN | Database - ExecuteReaderAsync
2024-06-16 01:20:56.002 -05:00 [INF] FIN | RegularizacionRepository - GetRegularizacionesAsync
2024-06-16 01:20:56.079 -05:00 [INF] INICIO | RegularizacionRepository - GetRegularizacionesAsync
2024-06-16 01:20:56.083 -05:00 [INF] FIN | Database - ExecuteReaderAsync
2024-06-16 01:20:56.083 -05:00 [INF] FIN | RegularizacionRepository - GetRegularizacionesAsync
2024-06-16 01:21:09.018 -05:00 [INF] INICIO | RegularizacionRepository - GetRegularizacionesAsync
2024-06-16 01:21:09.021 -05:00 [INF] FIN | Database - ExecuteReaderAsync
2024-06-16 01:21:09.021 -05:00 [INF] FIN | RegularizacionRepository - GetRegularizacionesAsync
2024-06-16 01:21:09.095 -05:00 [INF] INICIO | RegularizacionRepository - GetRegularizacionesAsync
2024-06-16 01:21:09.098 -05:00 [INF] FIN | Database - ExecuteReaderAsync
2024-06-16 01:21:09.098 -05:00 [INF] FIN | RegularizacionRepository - GetRegularizacionesAsync
2024-06-16 01:21:44.018 -05:00 [INF] INICIO | RegularizacionRepository - GetRegularizacionesAsync
2024-06-16 01:21:44.025 -05:00 [INF] FIN | Database - ExecuteReaderAsync
2024-06-16 01:21:44.025 -05:00 [INF] FIN | RegularizacionRepository - GetRegularizacionesAsync
2024-06-16 01:21:44.098 -05:00 [INF] INICIO | RegularizacionRepository - GetRegularizacionesAsync
2024-06-16 01:21:44.103 -05:00 [INF] FIN | Database - ExecuteReaderAsync
2024-06-16 01:21:44.103 -05:00 [INF] FIN | RegularizacionRepository - GetRegularizacionesAsync
2024-06-16 01:22:22.109 -05:00 [INF] INICIO | RegularizacionRepository - GetRegularizacionesAsync
2024-06-16 01:22:22.120 -05:00 [INF] FIN | Database - ExecuteReaderAsync
2024-06-16 01:22:22.120 -05:00 [INF] FIN | RegularizacionRepository - GetRegularizacionesAsync
2024-06-16 01:22:22.195 -05:00 [INF] INICIO | RegularizacionRepository - GetRegularizacionesAsync
2024-06-16 01:22:22.199 -05:00 [INF] FIN | Database - ExecuteReaderAsync
2024-06-16 01:22:22.199 -05:00 [INF] FIN | RegularizacionRepository - GetRegularizacionesAsync
2024-06-16 01:23:03.164 -05:00 [INF] INICIO | RegularizacionRepository - GetRegularizacionesAsync
2024-06-16 01:23:03.185 -05:00 [INF] FIN | Database - ExecuteReaderAsync
2024-06-16 01:23:03.185 -05:00 [INF] FIN | RegularizacionRepository - GetRegularizacionesAsync
2024-06-16 01:23:03.264 -05:00 [INF] INICIO | RegularizacionRepository - GetRegularizacionesAsync
2024-06-16 01:23:03.270 -05:00 [INF] FIN | Database - ExecuteReaderAsync
2024-06-16 01:23:03.270 -05:00 [INF] FIN | RegularizacionRepository - GetRegularizacionesAsync
2024-06-16 01:23:08.833 -05:00 [INF] INICIO | RegularizacionRepository - GetRegularizacionesAsync
2024-06-16 01:23:08.837 -05:00 [INF] FIN | Database - ExecuteReaderAsync
2024-06-16 01:23:08.837 -05:00 [INF] FIN | RegularizacionRepository - GetRegularizacionesAsync
2024-06-16 01:23:08.932 -05:00 [INF] INICIO | RegularizacionRepository - GetRegularizacionesAsync
2024-06-16 01:23:08.938 -05:00 [INF] FIN | Database - ExecuteReaderAsync
2024-06-16 01:23:08.938 -05:00 [INF] FIN | RegularizacionRepository - GetRegularizacionesAsync
2024-06-16 01:24:01.025 -05:00 [INF] INICIO | RegularizacionRepository - GetRegularizacionesAsync
2024-06-16 01:24:01.030 -05:00 [INF] FIN | Database - ExecuteReaderAsync
2024-06-16 01:24:01.030 -05:00 [INF] FIN | RegularizacionRepository - GetRegularizacionesAsync
2024-06-16 01:24:01.124 -05:00 [INF] INICIO | RegularizacionRepository - GetRegularizacionesAsync
2024-06-16 01:24:01.134 -05:00 [INF] FIN | Database - ExecuteReaderAsync
2024-06-16 01:24:01.134 -05:00 [INF] FIN | RegularizacionRepository - GetRegularizacionesAsync
2024-06-16 01:24:07.613 -05:00 [INF] INICIO | RegularizacionRepository - GetRegularizacionesAsync
2024-06-16 01:24:07.616 -05:00 [INF] FIN | Database - ExecuteReaderAsync
2024-06-16 01:24:07.616 -05:00 [INF] FIN | RegularizacionRepository - GetRegularizacionesAsync
2024-06-16 01:24:07.687 -05:00 [INF] INICIO | RegularizacionRepository - GetRegularizacionesAsync
2024-06-16 01:24:07.690 -05:00 [INF] FIN | Database - ExecuteReaderAsync
2024-06-16 01:24:07.690 -05:00 [INF] FIN | RegularizacionRepository - GetRegularizacionesAsync
2024-06-16 01:25:23.928 -05:00 [INF] INICIO | RegularizacionRepository - GetRegularizacionesAsync
2024-06-16 01:25:23.932 -05:00 [INF] FIN | Database - ExecuteReaderAsync
2024-06-16 01:25:23.932 -05:00 [INF] FIN | RegularizacionRepository - GetRegularizacionesAsync
2024-06-16 01:25:24.012 -05:00 [INF] INICIO | RegularizacionRepository - GetRegularizacionesAsync
2024-06-16 01:25:24.016 -05:00 [INF] FIN | Database - ExecuteReaderAsync
2024-06-16 01:25:24.016 -05:00 [INF] FIN | RegularizacionRepository - GetRegularizacionesAsync
2024-06-16 01:25:30.510 -05:00 [INF] INICIO | RegularizacionRepository - GetRegularizacionesAsync
2024-06-16 01:25:30.521 -05:00 [INF] FIN | Database - ExecuteReaderAsync
2024-06-16 01:25:30.521 -05:00 [INF] FIN | RegularizacionRepository - GetRegularizacionesAsync
2024-06-16 01:25:30.592 -05:00 [INF] INICIO | RegularizacionRepository - GetRegularizacionesAsync
2024-06-16 01:25:30.597 -05:00 [INF] FIN | Database - ExecuteReaderAsync
2024-06-16 01:25:30.597 -05:00 [INF] FIN | RegularizacionRepository - GetRegularizacionesAsync
2024-06-16 01:25:46.487 -05:00 [INF] INICIO | RegularizacionRepository - GetRegularizacionesAsync
2024-06-16 01:25:46.490 -05:00 [INF] FIN | Database - ExecuteReaderAsync
2024-06-16 01:25:46.490 -05:00 [INF] FIN | RegularizacionRepository - GetRegularizacionesAsync
2024-06-16 01:25:46.558 -05:00 [INF] INICIO | RegularizacionRepository - GetRegularizacionesAsync
2024-06-16 01:25:46.562 -05:00 [INF] FIN | Database - ExecuteReaderAsync
2024-06-16 01:25:46.562 -05:00 [INF] FIN | RegularizacionRepository - GetRegularizacionesAsync
2024-06-16 01:25:54.950 -05:00 [INF] INICIO | RegularizacionRepository - GetRegularizacionesAsync
2024-06-16 01:25:54.970 -05:00 [INF] FIN | Database - ExecuteReaderAsync
2024-06-16 01:25:54.971 -05:00 [INF] FIN | RegularizacionRepository - GetRegularizacionesAsync
2024-06-16 01:25:55.040 -05:00 [INF] INICIO | RegularizacionRepository - GetRegularizacionesAsync
2024-06-16 01:25:55.044 -05:00 [INF] FIN | Database - ExecuteReaderAsync
2024-06-16 01:25:55.044 -05:00 [INF] FIN | RegularizacionRepository - GetRegularizacionesAsync
2024-06-16 01:27:18.947 -05:00 [INF] INICIO | RegularizacionRepository - GetRegularizacionesAsync
2024-06-16 01:27:18.954 -05:00 [INF] FIN | Database - ExecuteReaderAsync
2024-06-16 01:27:18.954 -05:00 [INF] FIN | RegularizacionRepository - GetRegularizacionesAsync
2024-06-16 01:27:19.039 -05:00 [INF] INICIO | RegularizacionRepository - GetRegularizacionesAsync
2024-06-16 01:27:19.043 -05:00 [INF] FIN | Database - ExecuteReaderAsync
2024-06-16 01:27:19.043 -05:00 [INF] FIN | RegularizacionRepository - GetRegularizacionesAsync
2024-06-16 01:28:36.015 -05:00 [INF] INICIO | RegularizacionRepository - GetRegularizacionesAsync
2024-06-16 01:28:36.020 -05:00 [INF] FIN | Database - ExecuteReaderAsync
2024-06-16 01:28:36.020 -05:00 [INF] FIN | RegularizacionRepository - GetRegularizacionesAsync
2024-06-16 01:28:36.109 -05:00 [INF] INICIO | RegularizacionRepository - GetRegularizacionesAsync
2024-06-16 01:28:36.119 -05:00 [INF] FIN | Database - ExecuteReaderAsync
2024-06-16 01:28:36.119 -05:00 [INF] FIN | RegularizacionRepository - GetRegularizacionesAsync
2024-06-16 01:28:52.207 -05:00 [INF] INICIO | RegularizacionRepository - GetRegularizacionesAsync
2024-06-16 01:28:52.210 -05:00 [INF] FIN | Database - ExecuteReaderAsync
2024-06-16 01:28:52.210 -05:00 [INF] FIN | RegularizacionRepository - GetRegularizacionesAsync
2024-06-16 01:28:52.302 -05:00 [INF] INICIO | RegularizacionRepository - GetRegularizacionesAsync
2024-06-16 01:28:52.305 -05:00 [INF] FIN | Database - ExecuteReaderAsync
2024-06-16 01:28:52.305 -05:00 [INF] FIN | RegularizacionRepository - GetRegularizacionesAsync
2024-06-16 01:33:22.377 -05:00 [INF] INICIO | RegularizacionRepository - GetRegularizacionesAsync
2024-06-16 01:33:22.382 -05:00 [INF] FIN | Database - ExecuteReaderAsync
2024-06-16 01:33:22.382 -05:00 [INF] FIN | RegularizacionRepository - GetRegularizacionesAsync
2024-06-16 01:33:22.480 -05:00 [INF] INICIO | RegularizacionRepository - GetRegularizacionesAsync
2024-06-16 01:33:22.489 -05:00 [INF] FIN | Database - ExecuteReaderAsync
2024-06-16 01:33:22.489 -05:00 [INF] FIN | RegularizacionRepository - GetRegularizacionesAsync
2024-06-16 01:33:39.869 -05:00 [INF] INICIO | RegularizacionRepository - GetRegularizacionesAsync
2024-06-16 01:33:39.873 -05:00 [INF] FIN | Database - ExecuteReaderAsync
2024-06-16 01:33:39.873 -05:00 [INF] FIN | RegularizacionRepository - GetRegularizacionesAsync
2024-06-16 01:33:39.968 -05:00 [INF] INICIO | RegularizacionRepository - GetRegularizacionesAsync
2024-06-16 01:33:39.972 -05:00 [INF] FIN | Database - ExecuteReaderAsync
2024-06-16 01:33:39.972 -05:00 [INF] FIN | RegularizacionRepository - GetRegularizacionesAsync
2024-06-16 01:34:15.089 -05:00 [INF] INICIO | RegularizacionRepository - GetRegularizacionesAsync
2024-06-16 01:34:15.092 -05:00 [INF] FIN | Database - ExecuteReaderAsync
2024-06-16 01:34:15.092 -05:00 [INF] FIN | RegularizacionRepository - GetRegularizacionesAsync
2024-06-16 01:34:15.169 -05:00 [INF] INICIO | RegularizacionRepository - GetRegularizacionesAsync
2024-06-16 01:34:15.173 -05:00 [INF] FIN | Database - ExecuteReaderAsync
2024-06-16 01:34:15.173 -05:00 [INF] FIN | RegularizacionRepository - GetRegularizacionesAsync
2024-06-16 01:34:39.332 -05:00 [INF] INICIO | RegularizacionRepository - GetRegularizacionesAsync
2024-06-16 01:34:39.340 -05:00 [INF] FIN | Database - ExecuteReaderAsync
2024-06-16 01:34:39.340 -05:00 [INF] FIN | RegularizacionRepository - GetRegularizacionesAsync
2024-06-16 01:34:39.416 -05:00 [INF] INICIO | RegularizacionRepository - GetRegularizacionesAsync
2024-06-16 01:34:39.422 -05:00 [INF] FIN | Database - ExecuteReaderAsync
2024-06-16 01:34:39.422 -05:00 [INF] FIN | RegularizacionRepository - GetRegularizacionesAsync
2024-06-16 01:34:51.820 -05:00 [INF] INICIO | RegularizacionRepository - GetRegularizacionesAsync
2024-06-16 01:34:51.825 -05:00 [INF] FIN | Database - ExecuteReaderAsync
2024-06-16 01:34:51.825 -05:00 [INF] FIN | RegularizacionRepository - GetRegularizacionesAsync
2024-06-16 01:34:51.911 -05:00 [INF] INICIO | RegularizacionRepository - GetRegularizacionesAsync
2024-06-16 01:34:51.915 -05:00 [INF] FIN | Database - ExecuteReaderAsync
2024-06-16 01:34:51.915 -05:00 [INF] FIN | RegularizacionRepository - GetRegularizacionesAsync
2024-06-16 01:35:02.861 -05:00 [INF] INICIO | RegularizacionRepository - GetRegularizacionesAsync
2024-06-16 01:35:02.866 -05:00 [INF] FIN | Database - ExecuteReaderAsync
2024-06-16 01:35:02.866 -05:00 [INF] FIN | RegularizacionRepository - GetRegularizacionesAsync
2024-06-16 01:35:02.943 -05:00 [INF] INICIO | RegularizacionRepository - GetRegularizacionesAsync
2024-06-16 01:35:02.950 -05:00 [INF] FIN | Database - ExecuteReaderAsync
2024-06-16 01:35:02.950 -05:00 [INF] FIN | RegularizacionRepository - GetRegularizacionesAsync
2024-06-16 01:35:43.577 -05:00 [INF] INICIO | RegularizacionRepository - GetRegularizacionesAsync
2024-06-16 01:35:43.580 -05:00 [INF] FIN | Database - ExecuteReaderAsync
2024-06-16 01:35:43.580 -05:00 [INF] FIN | RegularizacionRepository - GetRegularizacionesAsync
2024-06-16 01:35:43.675 -05:00 [INF] INICIO | RegularizacionRepository - GetRegularizacionesAsync
2024-06-16 01:35:43.680 -05:00 [INF] FIN | Database - ExecuteReaderAsync
2024-06-16 01:35:43.680 -05:00 [INF] FIN | RegularizacionRepository - GetRegularizacionesAsync
2024-06-16 01:35:54.478 -05:00 [INF] INICIO | RegularizacionRepository - GetRegularizacionesAsync
2024-06-16 01:35:54.482 -05:00 [INF] FIN | Database - ExecuteReaderAsync
2024-06-16 01:35:54.482 -05:00 [INF] FIN | RegularizacionRepository - GetRegularizacionesAsync
2024-06-16 01:35:54.552 -05:00 [INF] INICIO | RegularizacionRepository - GetRegularizacionesAsync
2024-06-16 01:35:54.556 -05:00 [INF] FIN | Database - ExecuteReaderAsync
2024-06-16 01:35:54.556 -05:00 [INF] FIN | RegularizacionRepository - GetRegularizacionesAsync
2024-06-16 01:36:01.320 -05:00 [INF] INICIO | RegularizacionRepository - GetRegularizacionesAsync
2024-06-16 01:36:01.327 -05:00 [INF] FIN | Database - ExecuteReaderAsync
2024-06-16 01:36:01.327 -05:00 [INF] FIN | RegularizacionRepository - GetRegularizacionesAsync
2024-06-16 01:36:01.394 -05:00 [INF] INICIO | RegularizacionRepository - GetRegularizacionesAsync
2024-06-16 01:36:01.397 -05:00 [INF] FIN | Database - ExecuteReaderAsync
2024-06-16 01:36:01.397 -05:00 [INF] FIN | RegularizacionRepository - GetRegularizacionesAsync
2024-06-16 01:37:17.031 -05:00 [INF] INICIO | RegularizacionRepository - GetRegularizacionesAsync
2024-06-16 01:37:17.037 -05:00 [INF] FIN | Database - ExecuteReaderAsync
2024-06-16 01:37:17.037 -05:00 [INF] FIN | RegularizacionRepository - GetRegularizacionesAsync
2024-06-16 01:37:17.134 -05:00 [INF] INICIO | RegularizacionRepository - GetRegularizacionesAsync
2024-06-16 01:37:17.140 -05:00 [INF] FIN | Database - ExecuteReaderAsync
2024-06-16 01:37:17.140 -05:00 [INF] FIN | RegularizacionRepository - GetRegularizacionesAsync
2024-06-16 01:37:28.426 -05:00 [INF] INICIO | RegularizacionRepository - GetRegularizacionesAsync
2024-06-16 01:37:28.441 -05:00 [INF] FIN | Database - ExecuteReaderAsync
2024-06-16 01:37:28.441 -05:00 [INF] FIN | RegularizacionRepository - GetRegularizacionesAsync
2024-06-16 01:37:28.514 -05:00 [INF] INICIO | RegularizacionRepository - GetRegularizacionesAsync
2024-06-16 01:37:28.519 -05:00 [INF] FIN | Database - ExecuteReaderAsync
2024-06-16 01:37:28.519 -05:00 [INF] FIN | RegularizacionRepository - GetRegularizacionesAsync
2024-06-16 01:37:41.780 -05:00 [INF] INICIO | RegularizacionRepository - GetRegularizacionesAsync
2024-06-16 01:37:41.784 -05:00 [INF] FIN | Database - ExecuteReaderAsync
2024-06-16 01:37:41.784 -05:00 [INF] FIN | RegularizacionRepository - GetRegularizacionesAsync
2024-06-16 01:37:41.868 -05:00 [INF] INICIO | RegularizacionRepository - GetRegularizacionesAsync
2024-06-16 01:37:41.873 -05:00 [INF] FIN | Database - ExecuteReaderAsync
2024-06-16 01:37:41.873 -05:00 [INF] FIN | RegularizacionRepository - GetRegularizacionesAsync
2024-06-16 01:38:10.226 -05:00 [INF] INICIO | RegularizacionRepository - GetRegularizacionesAsync
2024-06-16 01:38:10.230 -05:00 [INF] FIN | Database - ExecuteReaderAsync
2024-06-16 01:38:10.230 -05:00 [INF] FIN | RegularizacionRepository - GetRegularizacionesAsync
2024-06-16 01:38:10.314 -05:00 [INF] INICIO | RegularizacionRepository - GetRegularizacionesAsync
2024-06-16 01:38:10.333 -05:00 [INF] FIN | Database - ExecuteReaderAsync
2024-06-16 01:38:10.333 -05:00 [INF] FIN | RegularizacionRepository - GetRegularizacionesAsync
2024-06-16 01:38:40.879 -05:00 [INF] INICIO | RegularizacionRepository - GetRegularizacionesAsync
2024-06-16 01:38:40.884 -05:00 [INF] FIN | Database - ExecuteReaderAsync
2024-06-16 01:38:40.884 -05:00 [INF] FIN | RegularizacionRepository - GetRegularizacionesAsync
2024-06-16 01:38:40.966 -05:00 [INF] INICIO | RegularizacionRepository - GetRegularizacionesAsync
2024-06-16 01:38:40.970 -05:00 [INF] FIN | Database - ExecuteReaderAsync
2024-06-16 01:38:40.970 -05:00 [INF] FIN | RegularizacionRepository - GetRegularizacionesAsync
2024-06-16 01:39:03.955 -05:00 [INF] INICIO | RegularizacionRepository - GetRegularizacionesAsync
2024-06-16 01:39:03.961 -05:00 [INF] FIN | Database - ExecuteReaderAsync
2024-06-16 01:39:03.961 -05:00 [INF] FIN | RegularizacionRepository - GetRegularizacionesAsync
2024-06-16 01:39:04.041 -05:00 [INF] INICIO | RegularizacionRepository - GetRegularizacionesAsync
2024-06-16 01:39:04.046 -05:00 [INF] FIN | Database - ExecuteReaderAsync
2024-06-16 01:39:04.046 -05:00 [INF] FIN | RegularizacionRepository - GetRegularizacionesAsync
2024-06-16 01:39:07.202 -05:00 [INF] INICIO | RegularizacionRepository - GetRegularizacionesAsync
2024-06-16 01:39:07.206 -05:00 [INF] FIN | Database - ExecuteReaderAsync
2024-06-16 01:39:07.206 -05:00 [INF] FIN | RegularizacionRepository - GetRegularizacionesAsync
2024-06-16 01:39:07.283 -05:00 [INF] INICIO | RegularizacionRepository - GetRegularizacionesAsync
2024-06-16 01:39:07.307 -05:00 [INF] FIN | Database - ExecuteReaderAsync
2024-06-16 01:39:07.308 -05:00 [INF] FIN | RegularizacionRepository - GetRegularizacionesAsync
2024-06-16 11:22:21.640 -05:00 [INF] INICIO | RegularizacionRepository - GetRegularizacionesAsync
2024-06-16 11:22:21.724 -05:00 [INF] FIN | Database - ExecuteReaderAsync
2024-06-16 11:22:21.724 -05:00 [INF] FIN | RegularizacionRepository - GetRegularizacionesAsync
2024-06-16 11:22:24.819 -05:00 [INF] INICIO | RegularizacionRepository - GetRegularizacionesAsync
2024-06-16 11:22:24.823 -05:00 [INF] FIN | Database - ExecuteReaderAsync
2024-06-16 11:22:24.823 -05:00 [INF] FIN | RegularizacionRepository - GetRegularizacionesAsync
2024-06-16 11:25:07.246 -05:00 [INF] INICIO | RegularizacionRepository - GetRegularizacionesAsync
2024-06-16 11:25:07.283 -05:00 [INF] FIN | Database - ExecuteReaderAsync
2024-06-16 11:25:07.283 -05:00 [INF] FIN | RegularizacionRepository - GetRegularizacionesAsync
2024-06-16 11:25:08.736 -05:00 [INF] INICIO | RegularizacionRepository - GetRegularizacionesAsync
2024-06-16 11:25:08.741 -05:00 [INF] FIN | Database - ExecuteReaderAsync
2024-06-16 11:25:08.741 -05:00 [INF] FIN | RegularizacionRepository - GetRegularizacionesAsync
2024-06-16 11:25:09.473 -05:00 [INF] INICIO | RegularizacionRepository - GetRegularizacionesAsync
2024-06-16 11:25:09.477 -05:00 [INF] FIN | Database - ExecuteReaderAsync
2024-06-16 11:25:09.477 -05:00 [INF] FIN | RegularizacionRepository - GetRegularizacionesAsync
2024-06-16 12:58:21.293 -05:00 [INF] INICIO | RegularizacionRepository - GetRegularizacionesAsync
2024-06-16 12:58:21.883 -05:00 [INF] FIN | Database - ExecuteReaderAsync
2024-06-16 12:58:21.883 -05:00 [INF] FIN | RegularizacionRepository - GetRegularizacionesAsync
2024-06-16 12:58:21.912 -05:00 [INF] INICIO | RegularizacionRepository - GetRegularizacionesAsync
2024-06-16 12:58:21.934 -05:00 [INF] FIN | Database - ExecuteReaderAsync
2024-06-16 12:58:21.934 -05:00 [INF] FIN | RegularizacionRepository - GetRegularizacionesAsync
2024-06-16 12:58:51.766 -05:00 [INF] INICIO | RegularizacionRepository - GetRegularizacionesAsync
2024-06-16 12:58:51.797 -05:00 [INF] FIN | Database - ExecuteReaderAsync
2024-06-16 12:58:51.797 -05:00 [INF] FIN | RegularizacionRepository - GetRegularizacionesAsync
2024-06-16 12:59:40.981 -05:00 [INF] INICIO | RegularizacionRepository - GetRegularizacionesAsync
2024-06-16 12:59:41.017 -05:00 [INF] FIN | Database - ExecuteReaderAsync
2024-06-16 12:59:41.017 -05:00 [INF] FIN | RegularizacionRepository - GetRegularizacionesAsync
2024-06-16 13:00:09.539 -05:00 [INF] INICIO | RegularizacionRepository - GetRegularizacionesAsync
2024-06-16 13:00:09.558 -05:00 [INF] FIN | Database - ExecuteReaderAsync
2024-06-16 13:00:09.558 -05:00 [INF] FIN | RegularizacionRepository - GetRegularizacionesAsync
2024-06-16 13:00:11.104 -05:00 [INF] INICIO | RegularizacionRepository - GetRegularizacionesAsync
2024-06-16 13:00:11.109 -05:00 [INF] FIN | Database - ExecuteReaderAsync
2024-06-16 13:00:11.109 -05:00 [INF] FIN | RegularizacionRepository - GetRegularizacionesAsync
2024-06-16 13:00:22.204 -05:00 [INF] INICIO | RegularizacionRepository - GetRegularizacionesAsync
2024-06-16 13:00:22.209 -05:00 [INF] FIN | Database - ExecuteReaderAsync
2024-06-16 13:00:22.209 -05:00 [INF] FIN | RegularizacionRepository - GetRegularizacionesAsync
2024-06-16 13:04:58.737 -05:00 [INF] INICIO | RegularizacionRepository - AddRegularizacionAsync
2024-06-16 13:04:58.749 -05:00 [INF] INICIO | Database - ExecuteScalarAsync
2024-06-16 13:04:58.775 -05:00 [INF] FIN | Database - ExecuteScalarAsync
2024-06-16 13:04:58.775 -05:00 [INF] FIN | RegularizacionRepository - AddRegularizacionAsync
2024-06-16 13:05:02.724 -05:00 [INF] INICIO | RegularizacionRepository - GetRegularizacionesAsync
2024-06-16 13:05:02.747 -05:00 [INF] FIN | Database - ExecuteReaderAsync
2024-06-16 13:05:02.747 -05:00 [INF] FIN | RegularizacionRepository - GetRegularizacionesAsync
2024-06-16 13:05:19.911 -05:00 [INF] INICIO | RegularizacionRepository - GetRegularizacionesAsync
2024-06-16 13:05:19.920 -05:00 [INF] FIN | Database - ExecuteReaderAsync
2024-06-16 13:05:19.921 -05:00 [INF] FIN | RegularizacionRepository - GetRegularizacionesAsync
2024-06-16 13:05:20.002 -05:00 [INF] INICIO | RegularizacionRepository - GetRegularizacionesAsync
2024-06-16 13:05:20.009 -05:00 [INF] FIN | Database - ExecuteReaderAsync
2024-06-16 13:05:20.009 -05:00 [INF] FIN | RegularizacionRepository - GetRegularizacionesAsync
2024-06-16 13:05:47.008 -05:00 [INF] INICIO | RegularizacionRepository - GetRegularizacionesAsync
2024-06-16 13:05:47.037 -05:00 [INF] FIN | Database - ExecuteReaderAsync
2024-06-16 13:05:47.037 -05:00 [INF] FIN | RegularizacionRepository - GetRegularizacionesAsync
2024-06-16 13:05:47.109 -05:00 [INF] INICIO | RegularizacionRepository - GetRegularizacionesAsync
2024-06-16 13:05:47.125 -05:00 [INF] FIN | Database - ExecuteReaderAsync
2024-06-16 13:05:47.125 -05:00 [INF] FIN | RegularizacionRepository - GetRegularizacionesAsync
2024-06-16 13:08:06.987 -05:00 [INF] INICIO | RegularizacionRepository - GetRegularizacionesAsync
2024-06-16 13:08:07.005 -05:00 [INF] FIN | Database - ExecuteReaderAsync
2024-06-16 13:08:07.005 -05:00 [INF] FIN | RegularizacionRepository - GetRegularizacionesAsync
2024-06-16 13:08:19.630 -05:00 [INF] INICIO | RegularizacionRepository - GetRegularizacionesAsync
2024-06-16 13:08:19.644 -05:00 [INF] FIN | Database - ExecuteReaderAsync
2024-06-16 13:08:19.644 -05:00 [INF] FIN | RegularizacionRepository - GetRegularizacionesAsync
2024-06-16 13:09:14.729 -05:00 [INF] INICIO | RegularizacionRepository - GetRegularizacionesAsync
2024-06-16 13:09:14.736 -05:00 [INF] FIN | Database - ExecuteReaderAsync
2024-06-16 13:09:14.736 -05:00 [INF] FIN | RegularizacionRepository - GetRegularizacionesAsync
2024-06-16 13:09:28.520 -05:00 [INF] INICIO | RegularizacionRepository - GetRegularizacionesAsync
2024-06-16 13:09:28.529 -05:00 [INF] FIN | Database - ExecuteReaderAsync
2024-06-16 13:09:28.529 -05:00 [INF] FIN | RegularizacionRepository - GetRegularizacionesAsync
2024-06-16 13:16:01.046 -05:00 [INF] INICIO | RegularizacionRepository - GetRegularizacionesAsync
2024-06-16 13:16:01.064 -05:00 [INF] FIN | Database - ExecuteReaderAsync
2024-06-16 13:16:01.064 -05:00 [INF] FIN | RegularizacionRepository - GetRegularizacionesAsync
2024-06-16 13:16:41.703 -05:00 [INF] INICIO | RegularizacionRepository - GetRegularizacionesAsync
2024-06-16 13:16:41.716 -05:00 [INF] FIN | Database - ExecuteReaderAsync
2024-06-16 13:16:41.716 -05:00 [INF] FIN | RegularizacionRepository - GetRegularizacionesAsync
2024-06-16 13:17:21.065 -05:00 [INF] INICIO | RegularizacionRepository - GetRegularizacionesAsync
2024-06-16 13:17:21.072 -05:00 [INF] FIN | Database - ExecuteReaderAsync
2024-06-16 13:17:21.072 -05:00 [INF] FIN | RegularizacionRepository - GetRegularizacionesAsync
2024-06-16 13:17:55.953 -05:00 [INF] INICIO | RegularizacionRepository - GetRegularizacionesAsync
2024-06-16 13:17:55.961 -05:00 [INF] FIN | Database - ExecuteReaderAsync
2024-06-16 13:17:55.961 -05:00 [INF] FIN | RegularizacionRepository - GetRegularizacionesAsync
2024-06-16 13:24:51.985 -05:00 [INF] INICIO | RegularizacionRepository - GetRegularizacionesAsync
2024-06-16 13:24:52.037 -05:00 [INF] FIN | Database - ExecuteReaderAsync
2024-06-16 13:24:52.037 -05:00 [INF] FIN | RegularizacionRepository - GetRegularizacionesAsync
2024-06-16 13:24:52.073 -05:00 [INF] INICIO | RegularizacionRepository - GetRegularizacionesAsync
2024-06-16 13:24:52.083 -05:00 [INF] FIN | Database - ExecuteReaderAsync
2024-06-16 13:24:52.083 -05:00 [INF] FIN | RegularizacionRepository - GetRegularizacionesAsync
2024-06-16 13:25:01.990 -05:00 [INF] INICIO | RegularizacionRepository - GetRegularizacionesAsync
2024-06-16 13:25:02.014 -05:00 [INF] FIN | Database - ExecuteReaderAsync
2024-06-16 13:25:02.014 -05:00 [INF] FIN | RegularizacionRepository - GetRegularizacionesAsync
2024-06-16 13:25:02.081 -05:00 [INF] INICIO | RegularizacionRepository - GetRegularizacionesAsync
2024-06-16 13:25:02.095 -05:00 [INF] FIN | Database - ExecuteReaderAsync
2024-06-16 13:25:02.095 -05:00 [INF] FIN | RegularizacionRepository - GetRegularizacionesAsync
2024-06-16 13:25:12.227 -05:00 [INF] INICIO | RegularizacionRepository - GetRegularizacionesAsync
2024-06-16 13:25:12.246 -05:00 [INF] FIN | Database - ExecuteReaderAsync
2024-06-16 13:25:12.246 -05:00 [INF] FIN | RegularizacionRepository - GetRegularizacionesAsync
2024-06-16 13:25:12.320 -05:00 [INF] INICIO | RegularizacionRepository - GetRegularizacionesAsync
2024-06-16 13:25:12.326 -05:00 [INF] FIN | Database - ExecuteReaderAsync
2024-06-16 13:25:12.326 -05:00 [INF] FIN | RegularizacionRepository - GetRegularizacionesAsync
2024-06-16 14:35:54.944 -05:00 [INF] INICIO | RegularizacionRepository - GetRegularizacionesAsync
2024-06-16 14:35:54.977 -05:00 [INF] FIN | Database - ExecuteReaderAsync
2024-06-16 14:35:54.977 -05:00 [INF] FIN | RegularizacionRepository - GetRegularizacionesAsync
2024-06-16 14:37:46.304 -05:00 [INF] INICIO | RegularizacionRepository - GetRegularizacionesAsync
2024-06-16 14:37:46.309 -05:00 [INF] FIN | Database - ExecuteReaderAsync
2024-06-16 14:37:46.309 -05:00 [INF] FIN | RegularizacionRepository - GetRegularizacionesAsync
2024-06-16 14:37:46.394 -05:00 [INF] INICIO | RegularizacionRepository - GetRegularizacionesAsync
2024-06-16 14:37:46.422 -05:00 [INF] FIN | Database - ExecuteReaderAsync
2024-06-16 14:37:46.422 -05:00 [INF] FIN | RegularizacionRepository - GetRegularizacionesAsync
2024-06-16 14:38:23.689 -05:00 [INF] INICIO | RegularizacionRepository - GetRegularizacionesAsync
2024-06-16 14:38:23.694 -05:00 [INF] FIN | Database - ExecuteReaderAsync
2024-06-16 14:38:23.694 -05:00 [INF] FIN | RegularizacionRepository - GetRegularizacionesAsync
2024-06-16 14:38:23.801 -05:00 [INF] INICIO | RegularizacionRepository - GetRegularizacionesAsync
2024-06-16 14:38:23.816 -05:00 [INF] FIN | Database - ExecuteReaderAsync
2024-06-16 14:38:23.816 -05:00 [INF] FIN | RegularizacionRepository - GetRegularizacionesAsync
2024-06-16 14:38:25.577 -05:00 [INF] INICIO | RegularizacionRepository - GetRegularizacionesAsync
2024-06-16 14:38:25.582 -05:00 [INF] FIN | Database - ExecuteReaderAsync
2024-06-16 14:38:25.582 -05:00 [INF] FIN | RegularizacionRepository - GetRegularizacionesAsync
2024-06-16 14:39:27.670 -05:00 [INF] INICIO | RegularizacionRepository - GetRegularizacionesAsync
2024-06-16 14:39:27.675 -05:00 [INF] FIN | Database - ExecuteReaderAsync
2024-06-16 14:39:27.675 -05:00 [INF] FIN | RegularizacionRepository - GetRegularizacionesAsync
2024-06-16 14:39:27.766 -05:00 [INF] INICIO | RegularizacionRepository - GetRegularizacionesAsync
2024-06-16 14:39:27.777 -05:00 [INF] FIN | Database - ExecuteReaderAsync
2024-06-16 14:39:27.777 -05:00 [INF] FIN | RegularizacionRepository - GetRegularizacionesAsync
2024-06-16 14:39:29.934 -05:00 [INF] INICIO | RegularizacionRepository - GetRegularizacionesAsync
2024-06-16 14:39:29.939 -05:00 [INF] FIN | Database - ExecuteReaderAsync
2024-06-16 14:39:29.939 -05:00 [INF] FIN | RegularizacionRepository - GetRegularizacionesAsync
2024-06-16 14:39:54.800 -05:00 [INF] INICIO | RegularizacionRepository - GetRegularizacionesAsync
2024-06-16 14:39:54.807 -05:00 [INF] FIN | Database - ExecuteReaderAsync
2024-06-16 14:39:54.807 -05:00 [INF] FIN | RegularizacionRepository - GetRegularizacionesAsync
2024-06-16 14:39:57.782 -05:00 [INF] INICIO | RegularizacionRepository - GetRegularizacionesAsync
2024-06-16 14:39:57.785 -05:00 [INF] FIN | Database - ExecuteReaderAsync
2024-06-16 14:39:57.785 -05:00 [INF] FIN | RegularizacionRepository - GetRegularizacionesAsync
2024-06-16 14:43:23.274 -05:00 [INF] INICIO | RegularizacionRepository - GetRegularizacionesAsync
2024-06-16 14:43:23.289 -05:00 [INF] FIN | Database - ExecuteReaderAsync
2024-06-16 14:43:23.289 -05:00 [INF] FIN | RegularizacionRepository - GetRegularizacionesAsync
2024-06-16 14:43:23.374 -05:00 [INF] INICIO | RegularizacionRepository - GetRegularizacionesAsync
2024-06-16 14:43:23.378 -05:00 [INF] FIN | Database - ExecuteReaderAsync
2024-06-16 14:43:23.378 -05:00 [INF] FIN | RegularizacionRepository - GetRegularizacionesAsync
2024-06-16 14:43:25.661 -05:00 [INF] INICIO | RegularizacionRepository - GetRegularizacionesAsync
2024-06-16 14:43:25.664 -05:00 [INF] FIN | Database - ExecuteReaderAsync
2024-06-16 14:43:25.664 -05:00 [INF] FIN | RegularizacionRepository - GetRegularizacionesAsync
2024-06-16 14:44:27.564 -05:00 [INF] INICIO | RegularizacionRepository - GetRegularizacionesAsync
2024-06-16 14:44:27.570 -05:00 [INF] FIN | Database - ExecuteReaderAsync
2024-06-16 14:44:27.570 -05:00 [INF] FIN | RegularizacionRepository - GetRegularizacionesAsync
2024-06-16 14:44:27.657 -05:00 [INF] INICIO | RegularizacionRepository - GetRegularizacionesAsync
2024-06-16 14:44:27.664 -05:00 [INF] FIN | Database - ExecuteReaderAsync
2024-06-16 14:44:27.664 -05:00 [INF] FIN | RegularizacionRepository - GetRegularizacionesAsync
2024-06-16 14:44:28.857 -05:00 [INF] INICIO | RegularizacionRepository - GetRegularizacionesAsync
2024-06-16 14:44:28.862 -05:00 [INF] FIN | Database - ExecuteReaderAsync
2024-06-16 14:44:28.862 -05:00 [INF] FIN | RegularizacionRepository - GetRegularizacionesAsync
2024-06-16 14:44:47.593 -05:00 [INF] INICIO | RegularizacionRepository - GetRegularizacionesAsync
2024-06-16 14:44:47.597 -05:00 [INF] FIN | Database - ExecuteReaderAsync
2024-06-16 14:44:47.597 -05:00 [INF] FIN | RegularizacionRepository - GetRegularizacionesAsync
2024-06-16 14:44:47.670 -05:00 [INF] INICIO | RegularizacionRepository - GetRegularizacionesAsync
2024-06-16 14:44:47.674 -05:00 [INF] FIN | Database - ExecuteReaderAsync
2024-06-16 14:44:47.674 -05:00 [INF] FIN | RegularizacionRepository - GetRegularizacionesAsync
2024-06-16 14:44:49.608 -05:00 [INF] INICIO | RegularizacionRepository - GetRegularizacionesAsync
2024-06-16 14:44:49.612 -05:00 [INF] FIN | Database - ExecuteReaderAsync
2024-06-16 14:44:49.612 -05:00 [INF] FIN | RegularizacionRepository - GetRegularizacionesAsync
2024-06-16 14:45:20.631 -05:00 [INF] INICIO | RegularizacionRepository - GetRegularizacionesAsync
2024-06-16 14:45:20.636 -05:00 [INF] FIN | Database - ExecuteReaderAsync
2024-06-16 14:45:20.636 -05:00 [INF] FIN | RegularizacionRepository - GetRegularizacionesAsync
2024-06-16 14:45:20.719 -05:00 [INF] INICIO | RegularizacionRepository - GetRegularizacionesAsync
2024-06-16 14:45:20.723 -05:00 [INF] FIN | Database - ExecuteReaderAsync
2024-06-16 14:45:20.723 -05:00 [INF] FIN | RegularizacionRepository - GetRegularizacionesAsync
2024-06-16 14:45:22.365 -05:00 [INF] INICIO | RegularizacionRepository - GetRegularizacionesAsync
2024-06-16 14:45:22.370 -05:00 [INF] FIN | Database - ExecuteReaderAsync
2024-06-16 14:45:22.370 -05:00 [INF] FIN | RegularizacionRepository - GetRegularizacionesAsync
2024-06-16 14:48:07.343 -05:00 [INF] INICIO | RegularizacionRepository - GetRegularizacionesAsync
2024-06-16 14:48:07.348 -05:00 [INF] FIN | Database - ExecuteReaderAsync
2024-06-16 14:48:07.348 -05:00 [INF] FIN | RegularizacionRepository - GetRegularizacionesAsync
2024-06-16 14:48:07.442 -05:00 [INF] INICIO | RegularizacionRepository - GetRegularizacionesAsync
2024-06-16 14:48:07.447 -05:00 [INF] FIN | Database - ExecuteReaderAsync
2024-06-16 14:48:07.447 -05:00 [INF] FIN | RegularizacionRepository - GetRegularizacionesAsync
2024-06-16 14:48:52.355 -05:00 [INF] INICIO | RegularizacionRepository - GetRegularizacionesAsync
2024-06-16 14:48:52.360 -05:00 [INF] FIN | Database - ExecuteReaderAsync
2024-06-16 14:48:52.360 -05:00 [INF] FIN | RegularizacionRepository - GetRegularizacionesAsync
2024-06-16 14:48:52.452 -05:00 [INF] INICIO | RegularizacionRepository - GetRegularizacionesAsync
2024-06-16 14:48:52.456 -05:00 [INF] FIN | Database - ExecuteReaderAsync
2024-06-16 14:48:52.456 -05:00 [INF] FIN | RegularizacionRepository - GetRegularizacionesAsync
2024-06-16 14:49:08.665 -05:00 [INF] INICIO | RegularizacionRepository - GetRegularizacionesAsync
2024-06-16 14:49:08.668 -05:00 [INF] FIN | Database - ExecuteReaderAsync
2024-06-16 14:49:08.668 -05:00 [INF] FIN | RegularizacionRepository - GetRegularizacionesAsync
2024-06-16 14:49:08.747 -05:00 [INF] INICIO | RegularizacionRepository - GetRegularizacionesAsync
2024-06-16 14:49:08.751 -05:00 [INF] FIN | Database - ExecuteReaderAsync
2024-06-16 14:49:08.751 -05:00 [INF] FIN | RegularizacionRepository - GetRegularizacionesAsync
2024-06-16 14:49:10.036 -05:00 [INF] INICIO | RegularizacionRepository - GetRegularizacionesAsync
2024-06-16 14:49:10.045 -05:00 [INF] FIN | Database - ExecuteReaderAsync
2024-06-16 14:49:10.045 -05:00 [INF] FIN | RegularizacionRepository - GetRegularizacionesAsync
2024-06-16 15:01:13.501 -05:00 [INF] INICIO | RegularizacionRepository - GetRegularizacionesAsync
2024-06-16 15:01:13.520 -05:00 [INF] FIN | Database - ExecuteReaderAsync
2024-06-16 15:01:13.520 -05:00 [INF] FIN | RegularizacionRepository - GetRegularizacionesAsync
2024-06-16 15:01:13.599 -05:00 [INF] INICIO | RegularizacionRepository - GetRegularizacionesAsync
2024-06-16 15:01:13.625 -05:00 [INF] FIN | Database - ExecuteReaderAsync
2024-06-16 15:01:13.625 -05:00 [INF] FIN | RegularizacionRepository - GetRegularizacionesAsync
2024-06-16 15:01:15.957 -05:00 [INF] INICIO | RegularizacionRepository - GetRegularizacionesAsync
2024-06-16 15:01:15.961 -05:00 [INF] FIN | Database - ExecuteReaderAsync
2024-06-16 15:01:15.961 -05:00 [INF] FIN | RegularizacionRepository - GetRegularizacionesAsync
2024-06-16 15:02:18.240 -05:00 [INF] INICIO | RegularizacionRepository - GetRegularizacionesAsync
2024-06-16 15:02:18.251 -05:00 [INF] FIN | Database - ExecuteReaderAsync
2024-06-16 15:02:18.251 -05:00 [INF] FIN | RegularizacionRepository - GetRegularizacionesAsync
2024-06-16 15:02:18.338 -05:00 [INF] INICIO | RegularizacionRepository - GetRegularizacionesAsync
2024-06-16 15:02:18.347 -05:00 [INF] FIN | Database - ExecuteReaderAsync
2024-06-16 15:02:18.347 -05:00 [INF] FIN | RegularizacionRepository - GetRegularizacionesAsync
2024-06-16 15:02:19.684 -05:00 [INF] INICIO | RegularizacionRepository - GetRegularizacionesAsync
2024-06-16 15:02:19.688 -05:00 [INF] FIN | Database - ExecuteReaderAsync
2024-06-16 15:02:19.688 -05:00 [INF] FIN | RegularizacionRepository - GetRegularizacionesAsync
2024-06-16 15:04:44.690 -05:00 [INF] INICIO | RegularizacionRepository - GetRegularizacionesAsync
2024-06-16 15:04:44.695 -05:00 [INF] FIN | Database - ExecuteReaderAsync
2024-06-16 15:04:44.695 -05:00 [INF] FIN | RegularizacionRepository - GetRegularizacionesAsync
2024-06-16 15:04:51.398 -05:00 [INF] INICIO | RegularizacionRepository - GetRegularizacionesAsync
2024-06-16 15:04:51.403 -05:00 [INF] FIN | Database - ExecuteReaderAsync
2024-06-16 15:04:51.403 -05:00 [INF] FIN | RegularizacionRepository - GetRegularizacionesAsync
2024-06-16 15:04:55.194 -05:00 [INF] INICIO | RegularizacionRepository - GetRegularizacionesAsync
2024-06-16 15:04:55.198 -05:00 [INF] FIN | Database - ExecuteReaderAsync
2024-06-16 15:04:55.198 -05:00 [INF] FIN | RegularizacionRepository - GetRegularizacionesAsync
2024-06-16 15:11:06.601 -05:00 [INF] INICIO | RegularizacionRepository - GetRegularizacionesAsync
2024-06-16 15:11:06.613 -05:00 [INF] FIN | Database - ExecuteReaderAsync
2024-06-16 15:11:06.614 -05:00 [INF] FIN | RegularizacionRepository - GetRegularizacionesAsync
2024-06-16 15:11:06.694 -05:00 [INF] INICIO | RegularizacionRepository - GetRegularizacionesAsync
2024-06-16 15:11:06.700 -05:00 [INF] FIN | Database - ExecuteReaderAsync
2024-06-16 15:11:06.701 -05:00 [INF] FIN | RegularizacionRepository - GetRegularizacionesAsync
2024-06-16 15:11:09.363 -05:00 [INF] INICIO | RegularizacionRepository - GetRegularizacionesAsync
2024-06-16 15:11:09.367 -05:00 [INF] FIN | Database - ExecuteReaderAsync
2024-06-16 15:11:09.367 -05:00 [INF] FIN | RegularizacionRepository - GetRegularizacionesAsync
2024-06-16 15:15:11.980 -05:00 [INF] INICIO | RegularizacionRepository - GetRegularizacionesAsync
2024-06-16 15:15:12.014 -05:00 [INF] FIN | Database - ExecuteReaderAsync
2024-06-16 15:15:12.015 -05:00 [INF] FIN | RegularizacionRepository - GetRegularizacionesAsync
2024-06-16 15:15:12.094 -05:00 [INF] INICIO | RegularizacionRepository - GetRegularizacionesAsync
2024-06-16 15:15:12.098 -05:00 [INF] FIN | Database - ExecuteReaderAsync
2024-06-16 15:15:12.098 -05:00 [INF] FIN | RegularizacionRepository - GetRegularizacionesAsync
2024-06-16 15:15:32.724 -05:00 [INF] INICIO | RegularizacionRepository - GetRegularizacionesAsync
2024-06-16 15:15:32.730 -05:00 [INF] FIN | Database - ExecuteReaderAsync
2024-06-16 15:15:32.730 -05:00 [INF] FIN | RegularizacionRepository - GetRegularizacionesAsync
2024-06-16 15:15:57.085 -05:00 [INF] INICIO | RegularizacionRepository - GetRegularizacionesAsync
2024-06-16 15:15:57.090 -05:00 [INF] FIN | Database - ExecuteReaderAsync
2024-06-16 15:15:57.090 -05:00 [INF] FIN | RegularizacionRepository - GetRegularizacionesAsync
2024-06-16 15:16:58.629 -05:00 [INF] INICIO | RegularizacionRepository - GetRegularizacionesAsync
2024-06-16 15:16:58.639 -05:00 [INF] FIN | Database - ExecuteReaderAsync
2024-06-16 15:16:58.639 -05:00 [INF] FIN | RegularizacionRepository - GetRegularizacionesAsync
2024-06-16 15:16:58.718 -05:00 [INF] INICIO | RegularizacionRepository - GetRegularizacionesAsync
2024-06-16 15:16:58.722 -05:00 [INF] FIN | Database - ExecuteReaderAsync
2024-06-16 15:16:58.722 -05:00 [INF] FIN | RegularizacionRepository - GetRegularizacionesAsync
2024-06-16 15:17:00.654 -05:00 [INF] INICIO | RegularizacionRepository - GetRegularizacionesAsync
2024-06-16 15:17:00.657 -05:00 [INF] FIN | Database - ExecuteReaderAsync
2024-06-16 15:17:00.657 -05:00 [INF] FIN | RegularizacionRepository - GetRegularizacionesAsync
2024-06-16 15:17:00.749 -05:00 [INF] INICIO | RegularizacionRepository - GetRegularizacionesAsync
2024-06-16 15:17:00.756 -05:00 [INF] FIN | Database - ExecuteReaderAsync
2024-06-16 15:17:00.756 -05:00 [INF] FIN | RegularizacionRepository - GetRegularizacionesAsync
2024-06-16 15:17:03.321 -05:00 [INF] INICIO | RegularizacionRepository - GetRegularizacionesAsync
2024-06-16 15:17:03.325 -05:00 [INF] FIN | Database - ExecuteReaderAsync
2024-06-16 15:17:03.325 -05:00 [INF] FIN | RegularizacionRepository - GetRegularizacionesAsync
2024-06-16 15:18:42.685 -05:00 [INF] INICIO | RegularizacionRepository - GetRegularizacionesAsync
2024-06-16 15:18:42.696 -05:00 [INF] FIN | Database - ExecuteReaderAsync
2024-06-16 15:18:42.696 -05:00 [INF] FIN | RegularizacionRepository - GetRegularizacionesAsync
2024-06-16 15:24:07.912 -05:00 [INF] INICIO | RegularizacionRepository - GetRegularizacionesAsync
2024-06-16 15:24:07.925 -05:00 [INF] FIN | Database - ExecuteReaderAsync
2024-06-16 15:24:07.926 -05:00 [INF] FIN | RegularizacionRepository - GetRegularizacionesAsync
2024-06-16 15:24:18.819 -05:00 [INF] INICIO | RegularizacionRepository - GetRegularizacionesAsync
2024-06-16 15:24:18.822 -05:00 [INF] FIN | Database - ExecuteReaderAsync
2024-06-16 15:24:18.822 -05:00 [INF] FIN | RegularizacionRepository - GetRegularizacionesAsync
2024-06-16 15:24:18.906 -05:00 [INF] INICIO | RegularizacionRepository - GetRegularizacionesAsync
2024-06-16 15:24:18.914 -05:00 [INF] FIN | Database - ExecuteReaderAsync
2024-06-16 15:24:18.914 -05:00 [INF] FIN | RegularizacionRepository - GetRegularizacionesAsync
2024-06-16 15:24:20.463 -05:00 [INF] INICIO | RegularizacionRepository - GetRegularizacionesAsync
2024-06-16 15:24:20.467 -05:00 [INF] FIN | Database - ExecuteReaderAsync
2024-06-16 15:24:20.467 -05:00 [INF] FIN | RegularizacionRepository - GetRegularizacionesAsync
2024-06-16 15:35:52.154 -05:00 [INF] INICIO | RegularizacionRepository - GetRegularizacionesAsync
2024-06-16 15:35:52.202 -05:00 [INF] FIN | Database - ExecuteReaderAsync
2024-06-16 15:35:52.202 -05:00 [INF] FIN | RegularizacionRepository - GetRegularizacionesAsync
2024-06-16 15:35:52.249 -05:00 [INF] INICIO | RegularizacionRepository - GetRegularizacionesAsync
2024-06-16 15:35:52.253 -05:00 [INF] FIN | Database - ExecuteReaderAsync
2024-06-16 15:35:52.253 -05:00 [INF] FIN | RegularizacionRepository - GetRegularizacionesAsync
2024-06-16 15:35:54.207 -05:00 [INF] INICIO | RegularizacionRepository - GetRegularizacionesAsync
2024-06-16 15:35:54.211 -05:00 [INF] FIN | Database - ExecuteReaderAsync
2024-06-16 15:35:54.211 -05:00 [INF] FIN | RegularizacionRepository - GetRegularizacionesAsync
2024-06-16 15:36:59.943 -05:00 [INF] INICIO | RegularizacionRepository - GetRegularizacionesAsync
2024-06-16 15:36:59.953 -05:00 [INF] FIN | Database - ExecuteReaderAsync
2024-06-16 15:36:59.954 -05:00 [INF] FIN | RegularizacionRepository - GetRegularizacionesAsync
2024-06-16 15:37:00.037 -05:00 [INF] INICIO | RegularizacionRepository - GetRegularizacionesAsync
2024-06-16 15:37:00.045 -05:00 [INF] FIN | Database - ExecuteReaderAsync
2024-06-16 15:37:00.045 -05:00 [INF] FIN | RegularizacionRepository - GetRegularizacionesAsync
2024-06-16 15:37:01.337 -05:00 [INF] INICIO | RegularizacionRepository - GetRegularizacionesAsync
2024-06-16 15:37:01.341 -05:00 [INF] FIN | Database - ExecuteReaderAsync
2024-06-16 15:37:01.341 -05:00 [INF] FIN | RegularizacionRepository - GetRegularizacionesAsync
2024-06-16 15:38:55.081 -05:00 [INF] INICIO | RegularizacionRepository - GetRegularizacionesAsync
2024-06-16 15:38:55.326 -05:00 [INF] FIN | Database - ExecuteReaderAsync
2024-06-16 15:38:55.327 -05:00 [INF] FIN | RegularizacionRepository - GetRegularizacionesAsync
2024-06-16 15:38:55.350 -05:00 [INF] INICIO | RegularizacionRepository - GetRegularizacionesAsync
2024-06-16 15:38:55.362 -05:00 [INF] FIN | Database - ExecuteReaderAsync
2024-06-16 15:38:55.362 -05:00 [INF] FIN | RegularizacionRepository - GetRegularizacionesAsync
2024-06-16 15:39:16.919 -05:00 [INF] INICIO | RegularizacionRepository - GetRegularizacionesAsync
2024-06-16 15:39:16.924 -05:00 [INF] FIN | Database - ExecuteReaderAsync
2024-06-16 15:39:16.924 -05:00 [INF] FIN | RegularizacionRepository - GetRegularizacionesAsync
2024-06-16 15:40:06.965 -05:00 [INF] INICIO | RegularizacionRepository - GetRegularizacionesAsync
2024-06-16 15:40:06.970 -05:00 [INF] FIN | Database - ExecuteReaderAsync
2024-06-16 15:40:06.970 -05:00 [INF] FIN | RegularizacionRepository - GetRegularizacionesAsync
2024-06-16 15:40:07.056 -05:00 [INF] INICIO | RegularizacionRepository - GetRegularizacionesAsync
2024-06-16 15:40:07.091 -05:00 [INF] FIN | Database - ExecuteReaderAsync
2024-06-16 15:40:07.091 -05:00 [INF] FIN | RegularizacionRepository - GetRegularizacionesAsync
2024-06-16 15:40:08.823 -05:00 [INF] INICIO | RegularizacionRepository - GetRegularizacionesAsync
2024-06-16 15:40:08.829 -05:00 [INF] FIN | Database - ExecuteReaderAsync
2024-06-16 15:40:08.829 -05:00 [INF] FIN | RegularizacionRepository - GetRegularizacionesAsync
2024-06-16 15:41:25.693 -05:00 [INF] INICIO | RegularizacionRepository - GetRegularizacionesAsync
2024-06-16 15:41:25.698 -05:00 [INF] FIN | Database - ExecuteReaderAsync
2024-06-16 15:41:25.698 -05:00 [INF] FIN | RegularizacionRepository - GetRegularizacionesAsync
2024-06-16 15:41:25.782 -05:00 [INF] INICIO | RegularizacionRepository - GetRegularizacionesAsync
2024-06-16 15:41:25.788 -05:00 [INF] FIN | Database - ExecuteReaderAsync
2024-06-16 15:41:25.788 -05:00 [INF] FIN | RegularizacionRepository - GetRegularizacionesAsync
2024-06-16 15:41:27.402 -05:00 [INF] INICIO | RegularizacionRepository - GetRegularizacionesAsync
2024-06-16 15:41:27.412 -05:00 [INF] FIN | Database - ExecuteReaderAsync
2024-06-16 15:41:27.412 -05:00 [INF] FIN | RegularizacionRepository - GetRegularizacionesAsync
2024-06-16 15:43:04.869 -05:00 [INF] INICIO | RegularizacionRepository - GetRegularizacionesAsync
2024-06-16 15:43:04.874 -05:00 [INF] FIN | Database - ExecuteReaderAsync
2024-06-16 15:43:04.874 -05:00 [INF] FIN | RegularizacionRepository - GetRegularizacionesAsync
2024-06-16 15:43:04.954 -05:00 [INF] INICIO | RegularizacionRepository - GetRegularizacionesAsync
2024-06-16 15:43:04.958 -05:00 [INF] FIN | Database - ExecuteReaderAsync
2024-06-16 15:43:04.958 -05:00 [INF] FIN | RegularizacionRepository - GetRegularizacionesAsync
2024-06-16 15:43:06.578 -05:00 [INF] INICIO | RegularizacionRepository - GetRegularizacionesAsync
2024-06-16 15:43:06.592 -05:00 [INF] FIN | Database - ExecuteReaderAsync
2024-06-16 15:43:06.592 -05:00 [INF] FIN | RegularizacionRepository - GetRegularizacionesAsync
2024-06-16 15:44:30.150 -05:00 [INF] INICIO | RegularizacionRepository - GetRegularizacionesAsync
2024-06-16 15:44:30.162 -05:00 [INF] FIN | Database - ExecuteReaderAsync
2024-06-16 15:44:30.162 -05:00 [INF] FIN | RegularizacionRepository - GetRegularizacionesAsync
2024-06-16 15:44:30.254 -05:00 [INF] INICIO | RegularizacionRepository - GetRegularizacionesAsync
2024-06-16 15:44:30.261 -05:00 [INF] FIN | Database - ExecuteReaderAsync
2024-06-16 15:44:30.261 -05:00 [INF] FIN | RegularizacionRepository - GetRegularizacionesAsync
2024-06-16 15:44:33.133 -05:00 [INF] INICIO | RegularizacionRepository - GetRegularizacionesAsync
2024-06-16 15:44:33.137 -05:00 [INF] FIN | Database - ExecuteReaderAsync
2024-06-16 15:44:33.137 -05:00 [INF] FIN | RegularizacionRepository - GetRegularizacionesAsync
2024-06-16 15:46:00.801 -05:00 [INF] INICIO | RegularizacionRepository - GetRegularizacionesAsync
2024-06-16 15:46:00.830 -05:00 [INF] FIN | Database - ExecuteReaderAsync
2024-06-16 15:46:00.831 -05:00 [INF] FIN | RegularizacionRepository - GetRegularizacionesAsync
2024-06-16 15:46:00.848 -05:00 [INF] INICIO | RegularizacionRepository - GetRegularizacionesAsync
2024-06-16 15:46:00.857 -05:00 [INF] FIN | Database - ExecuteReaderAsync
2024-06-16 15:46:00.857 -05:00 [INF] FIN | RegularizacionRepository - GetRegularizacionesAsync
2024-06-16 15:46:02.622 -05:00 [INF] INICIO | RegularizacionRepository - GetRegularizacionesAsync
2024-06-16 15:46:02.633 -05:00 [INF] FIN | Database - ExecuteReaderAsync
2024-06-16 15:46:02.633 -05:00 [INF] FIN | RegularizacionRepository - GetRegularizacionesAsync
2024-06-16 15:55:51.953 -05:00 [INF] INICIO | RegularizacionRepository - GetRegularizacionesAsync
2024-06-16 15:55:52.017 -05:00 [INF] FIN | Database - ExecuteReaderAsync
2024-06-16 15:55:52.017 -05:00 [INF] FIN | RegularizacionRepository - GetRegularizacionesAsync
2024-06-16 15:55:52.033 -05:00 [INF] INICIO | RegularizacionRepository - GetRegularizacionesAsync
2024-06-16 15:55:52.040 -05:00 [INF] FIN | Database - ExecuteReaderAsync
2024-06-16 15:55:52.040 -05:00 [INF] FIN | RegularizacionRepository - GetRegularizacionesAsync
2024-06-16 15:56:02.553 -05:00 [INF] INICIO | RegularizacionRepository - GetRegularizacionesAsync
2024-06-16 15:56:02.558 -05:00 [INF] FIN | Database - ExecuteReaderAsync
2024-06-16 15:56:02.558 -05:00 [INF] FIN | RegularizacionRepository - GetRegularizacionesAsync
2024-06-16 15:57:02.437 -05:00 [INF] INICIO | RegularizacionRepository - GetRegularizacionesAsync
2024-06-16 15:57:02.510 -05:00 [INF] FIN | Database - ExecuteReaderAsync
2024-06-16 15:57:02.511 -05:00 [INF] FIN | RegularizacionRepository - GetRegularizacionesAsync
2024-06-16 15:57:02.532 -05:00 [INF] INICIO | RegularizacionRepository - GetRegularizacionesAsync
2024-06-16 15:57:02.537 -05:00 [INF] FIN | Database - ExecuteReaderAsync
2024-06-16 15:57:02.537 -05:00 [INF] FIN | RegularizacionRepository - GetRegularizacionesAsync
2024-06-16 15:57:04.911 -05:00 [INF] INICIO | RegularizacionRepository - GetRegularizacionesAsync
2024-06-16 15:57:04.915 -05:00 [INF] FIN | Database - ExecuteReaderAsync
2024-06-16 15:57:04.916 -05:00 [INF] FIN | RegularizacionRepository - GetRegularizacionesAsync
2024-06-16 15:58:36.461 -05:00 [INF] INICIO | RegularizacionRepository - GetRegularizacionesAsync
2024-06-16 15:58:36.509 -05:00 [INF] FIN | Database - ExecuteReaderAsync
2024-06-16 15:58:36.509 -05:00 [INF] FIN | RegularizacionRepository - GetRegularizacionesAsync
2024-06-16 15:58:36.546 -05:00 [INF] INICIO | RegularizacionRepository - GetRegularizacionesAsync
2024-06-16 15:58:36.559 -05:00 [INF] FIN | Database - ExecuteReaderAsync
2024-06-16 15:58:36.559 -05:00 [INF] FIN | RegularizacionRepository - GetRegularizacionesAsync
2024-06-16 15:58:46.153 -05:00 [INF] INICIO | RegularizacionRepository - GetRegularizacionesAsync
2024-06-16 15:58:46.157 -05:00 [INF] FIN | Database - ExecuteReaderAsync
2024-06-16 15:58:46.157 -05:00 [INF] FIN | RegularizacionRepository - GetRegularizacionesAsync
2024-06-16 15:59:51.590 -05:00 [INF] INICIO | RegularizacionRepository - GetRegularizacionesAsync
2024-06-16 15:59:51.642 -05:00 [INF] FIN | Database - ExecuteReaderAsync
2024-06-16 15:59:51.642 -05:00 [INF] FIN | RegularizacionRepository - GetRegularizacionesAsync
2024-06-16 15:59:51.668 -05:00 [INF] INICIO | RegularizacionRepository - GetRegularizacionesAsync
2024-06-16 15:59:51.673 -05:00 [INF] FIN | Database - ExecuteReaderAsync
2024-06-16 15:59:51.673 -05:00 [INF] FIN | RegularizacionRepository - GetRegularizacionesAsync
2024-06-16 15:59:57.446 -05:00 [INF] INICIO | RegularizacionRepository - GetRegularizacionesAsync
2024-06-16 15:59:57.451 -05:00 [INF] FIN | Database - ExecuteReaderAsync
2024-06-16 15:59:57.451 -05:00 [INF] FIN | RegularizacionRepository - GetRegularizacionesAsync
2024-06-16 16:02:15.763 -05:00 [INF] INICIO | RegularizacionRepository - GetRegularizacionesAsync
2024-06-16 16:02:15.839 -05:00 [INF] FIN | Database - ExecuteReaderAsync
2024-06-16 16:02:15.839 -05:00 [INF] FIN | RegularizacionRepository - GetRegularizacionesAsync
2024-06-16 16:02:15.850 -05:00 [INF] INICIO | RegularizacionRepository - GetRegularizacionesAsync
2024-06-16 16:02:15.862 -05:00 [INF] FIN | Database - ExecuteReaderAsync
2024-06-16 16:02:15.862 -05:00 [INF] FIN | RegularizacionRepository - GetRegularizacionesAsync
2024-06-16 16:02:17.663 -05:00 [INF] INICIO | RegularizacionRepository - GetRegularizacionesAsync
2024-06-16 16:02:17.668 -05:00 [INF] FIN | Database - ExecuteReaderAsync
2024-06-16 16:02:17.668 -05:00 [INF] FIN | RegularizacionRepository - GetRegularizacionesAsync
2024-06-16 16:03:41.456 -05:00 [INF] INICIO | RegularizacionRepository - GetRegularizacionesAsync
2024-06-16 16:03:41.527 -05:00 [INF] FIN | Database - ExecuteReaderAsync
2024-06-16 16:03:41.527 -05:00 [INF] FIN | RegularizacionRepository - GetRegularizacionesAsync
2024-06-16 16:03:41.535 -05:00 [INF] INICIO | RegularizacionRepository - GetRegularizacionesAsync
2024-06-16 16:03:41.549 -05:00 [INF] FIN | Database - ExecuteReaderAsync
2024-06-16 16:03:41.549 -05:00 [INF] FIN | RegularizacionRepository - GetRegularizacionesAsync
2024-06-16 16:03:44.415 -05:00 [INF] INICIO | RegularizacionRepository - GetRegularizacionesAsync
2024-06-16 16:03:44.420 -05:00 [INF] FIN | Database - ExecuteReaderAsync
2024-06-16 16:03:44.420 -05:00 [INF] FIN | RegularizacionRepository - GetRegularizacionesAsync
2024-06-16 16:04:23.149 -05:00 [INF] INICIO | RegularizacionRepository - GetRegularizacionesAsync
2024-06-16 16:04:23.227 -05:00 [INF] FIN | Database - ExecuteReaderAsync
2024-06-16 16:04:23.227 -05:00 [INF] FIN | RegularizacionRepository - GetRegularizacionesAsync
2024-06-16 16:04:23.230 -05:00 [INF] INICIO | RegularizacionRepository - GetRegularizacionesAsync
2024-06-16 16:04:23.235 -05:00 [INF] FIN | Database - ExecuteReaderAsync
2024-06-16 16:04:23.235 -05:00 [INF] FIN | RegularizacionRepository - GetRegularizacionesAsync
2024-06-16 16:04:24.284 -05:00 [INF] INICIO | RegularizacionRepository - GetRegularizacionesAsync
2024-06-16 16:04:24.288 -05:00 [INF] FIN | Database - ExecuteReaderAsync
2024-06-16 16:04:24.288 -05:00 [INF] FIN | RegularizacionRepository - GetRegularizacionesAsync
2024-06-16 16:05:13.513 -05:00 [INF] INICIO | RegularizacionRepository - GetRegularizacionesAsync
2024-06-16 16:05:13.575 -05:00 [INF] FIN | Database - ExecuteReaderAsync
2024-06-16 16:05:13.575 -05:00 [INF] FIN | RegularizacionRepository - GetRegularizacionesAsync
2024-06-16 16:05:13.590 -05:00 [INF] INICIO | RegularizacionRepository - GetRegularizacionesAsync
2024-06-16 16:05:13.594 -05:00 [INF] FIN | Database - ExecuteReaderAsync
2024-06-16 16:05:13.594 -05:00 [INF] FIN | RegularizacionRepository - GetRegularizacionesAsync
2024-06-16 16:05:19.526 -05:00 [INF] INICIO | RegularizacionRepository - GetRegularizacionesAsync
2024-06-16 16:05:19.530 -05:00 [INF] FIN | Database - ExecuteReaderAsync
2024-06-16 16:05:19.530 -05:00 [INF] FIN | RegularizacionRepository - GetRegularizacionesAsync
2024-06-16 16:05:19.624 -05:00 [INF] INICIO | RegularizacionRepository - GetRegularizacionesAsync
2024-06-16 16:05:19.628 -05:00 [INF] FIN | Database - ExecuteReaderAsync
2024-06-16 16:05:19.628 -05:00 [INF] FIN | RegularizacionRepository - GetRegularizacionesAsync
2024-06-16 16:05:20.618 -05:00 [INF] INICIO | RegularizacionRepository - GetRegularizacionesAsync
2024-06-16 16:05:20.621 -05:00 [INF] FIN | Database - ExecuteReaderAsync
2024-06-16 16:05:20.621 -05:00 [INF] FIN | RegularizacionRepository - GetRegularizacionesAsync
2024-06-16 16:05:50.369 -05:00 [INF] INICIO | RegularizacionRepository - GetRegularizacionesAsync
2024-06-16 16:05:50.427 -05:00 [INF] FIN | Database - ExecuteReaderAsync
2024-06-16 16:05:50.427 -05:00 [INF] FIN | RegularizacionRepository - GetRegularizacionesAsync
2024-06-16 16:05:50.467 -05:00 [INF] INICIO | RegularizacionRepository - GetRegularizacionesAsync
2024-06-16 16:05:50.476 -05:00 [INF] FIN | Database - ExecuteReaderAsync
2024-06-16 16:05:50.476 -05:00 [INF] FIN | RegularizacionRepository - GetRegularizacionesAsync
2024-06-16 16:05:51.918 -05:00 [INF] INICIO | RegularizacionRepository - GetRegularizacionesAsync
2024-06-16 16:05:51.922 -05:00 [INF] FIN | Database - ExecuteReaderAsync
2024-06-16 16:05:51.922 -05:00 [INF] FIN | RegularizacionRepository - GetRegularizacionesAsync
2024-06-16 16:06:23.418 -05:00 [INF] INICIO | RegularizacionRepository - GetRegularizacionesAsync
2024-06-16 16:06:23.480 -05:00 [INF] FIN | Database - ExecuteReaderAsync
2024-06-16 16:06:23.480 -05:00 [INF] FIN | RegularizacionRepository - GetRegularizacionesAsync
2024-06-16 16:06:23.503 -05:00 [INF] INICIO | RegularizacionRepository - GetRegularizacionesAsync
2024-06-16 16:06:23.521 -05:00 [INF] FIN | Database - ExecuteReaderAsync
2024-06-16 16:06:23.521 -05:00 [INF] FIN | RegularizacionRepository - GetRegularizacionesAsync
2024-06-16 16:06:24.569 -05:00 [INF] INICIO | RegularizacionRepository - GetRegularizacionesAsync
2024-06-16 16:06:24.573 -05:00 [INF] FIN | Database - ExecuteReaderAsync
2024-06-16 16:06:24.573 -05:00 [INF] FIN | RegularizacionRepository - GetRegularizacionesAsync
2024-06-16 16:06:42.423 -05:00 [INF] INICIO | RegularizacionRepository - GetRegularizacionesAsync
2024-06-16 16:06:42.427 -05:00 [INF] FIN | Database - ExecuteReaderAsync
2024-06-16 16:06:42.427 -05:00 [INF] FIN | RegularizacionRepository - GetRegularizacionesAsync
2024-06-16 16:06:42.497 -05:00 [INF] INICIO | RegularizacionRepository - GetRegularizacionesAsync
2024-06-16 16:06:42.502 -05:00 [INF] FIN | Database - ExecuteReaderAsync
2024-06-16 16:06:42.502 -05:00 [INF] FIN | RegularizacionRepository - GetRegularizacionesAsync
2024-06-16 16:06:43.843 -05:00 [INF] INICIO | RegularizacionRepository - GetRegularizacionesAsync
2024-06-16 16:06:43.847 -05:00 [INF] FIN | Database - ExecuteReaderAsync
2024-06-16 16:06:43.847 -05:00 [INF] FIN | RegularizacionRepository - GetRegularizacionesAsync
2024-06-16 16:14:33.795 -05:00 [INF] INICIO | RegularizacionRepository - GetRegularizacionesAsync
2024-06-16 16:14:33.864 -05:00 [INF] FIN | Database - ExecuteReaderAsync
2024-06-16 16:14:33.864 -05:00 [INF] FIN | RegularizacionRepository - GetRegularizacionesAsync
2024-06-16 16:14:33.876 -05:00 [INF] INICIO | RegularizacionRepository - GetRegularizacionesAsync
2024-06-16 16:14:33.884 -05:00 [INF] FIN | Database - ExecuteReaderAsync
2024-06-16 16:14:33.884 -05:00 [INF] FIN | RegularizacionRepository - GetRegularizacionesAsync
2024-06-16 16:14:35.698 -05:00 [INF] INICIO | RegularizacionRepository - GetRegularizacionesAsync
2024-06-16 16:14:35.702 -05:00 [INF] FIN | Database - ExecuteReaderAsync
2024-06-16 16:14:35.702 -05:00 [INF] FIN | RegularizacionRepository - GetRegularizacionesAsync
2024-06-16 16:16:00.024 -05:00 [INF] INICIO | RegularizacionRepository - GetRegularizacionesAsync
2024-06-16 16:16:00.074 -05:00 [INF] FIN | Database - ExecuteReaderAsync
2024-06-16 16:16:00.074 -05:00 [INF] FIN | RegularizacionRepository - GetRegularizacionesAsync
2024-06-16 16:16:00.110 -05:00 [INF] INICIO | RegularizacionRepository - GetRegularizacionesAsync
2024-06-16 16:16:00.115 -05:00 [INF] FIN | Database - ExecuteReaderAsync
2024-06-16 16:16:00.116 -05:00 [INF] FIN | RegularizacionRepository - GetRegularizacionesAsync
2024-06-16 16:16:01.330 -05:00 [INF] INICIO | RegularizacionRepository - GetRegularizacionesAsync
2024-06-16 16:16:01.374 -05:00 [INF] FIN | Database - ExecuteReaderAsync
2024-06-16 16:16:01.374 -05:00 [INF] FIN | RegularizacionRepository - GetRegularizacionesAsync
2024-06-16 16:17:03.656 -05:00 [INF] INICIO | RegularizacionRepository - GetRegularizacionesAsync
2024-06-16 16:17:03.682 -05:00 [INF] FIN | Database - ExecuteReaderAsync
2024-06-16 16:17:03.682 -05:00 [INF] FIN | RegularizacionRepository - GetRegularizacionesAsync
2024-06-16 16:17:03.733 -05:00 [INF] INICIO | RegularizacionRepository - GetRegularizacionesAsync
2024-06-16 16:17:03.738 -05:00 [INF] FIN | Database - ExecuteReaderAsync
2024-06-16 16:17:03.738 -05:00 [INF] FIN | RegularizacionRepository - GetRegularizacionesAsync
2024-06-16 16:17:05.415 -05:00 [INF] INICIO | RegularizacionRepository - GetRegularizacionesAsync
2024-06-16 16:17:05.438 -05:00 [INF] FIN | Database - ExecuteReaderAsync
2024-06-16 16:17:05.438 -05:00 [INF] FIN | RegularizacionRepository - GetRegularizacionesAsync
