2024-06-05 16:01:41.566 -05:00 [INF] INICIO | RegularizacionRepository - GetRegularizacionesAsync
2024-06-05 16:01:41.772 -05:00 [INF] FIN | Database - ExecuteReaderAsync
2024-06-05 16:01:41.772 -05:00 [INF] FIN | RegularizacionRepository - GetRegularizacionesAsync
2024-06-05 16:09:48.442 -05:00 [INF] INICIO | RegularizacionRepository - GetRegularizacionesAsync
2024-06-05 16:09:48.634 -05:00 [INF] FIN | Database - ExecuteReaderAsync
2024-06-05 16:09:48.634 -05:00 [INF] FIN | RegularizacionRepository - GetRegularizacionesAsync
2024-06-05 16:10:31.707 -05:00 [INF] INICIO | RegularizacionRepository - GetRegularizacionesAsync
2024-06-05 16:10:33.644 -05:00 [INF] FIN | Database - ExecuteReaderAsync
2024-06-05 16:10:38.057 -05:00 [INF] FIN | RegularizacionRepository - GetRegularizacionesAsync
2024-06-05 17:36:05.533 -05:00 [INF] INICIO | RegularizacionRepository - AddRegularizacionAsync
2024-06-05 17:36:09.239 -05:00 [INF] INICIO | Database - ExecuteScalarAsync
2024-06-05 17:36:09.452 -05:00 [WRN] SqlException | Database - ExecuteScalarAsync:
Procedure or function SP_REGULARIZACION has too many arguments specified.
2024-06-05 17:36:09.467 -05:00 [INF] FIN | Database - ExecuteScalarAsync
2024-06-05 17:37:34.567 -05:00 [INF] INICIO | RegularizacionRepository - AddRegularizacionAsync
2024-06-05 17:45:01.851 -05:00 [INF] INICIO | Database - ExecuteScalarAsync
2024-06-05 17:45:01.884 -05:00 [WRN] SqlException | Database - ExecuteScalarAsync:
Procedure or function SP_REGULARIZACION has too many arguments specified.
2024-06-05 17:45:01.897 -05:00 [INF] FIN | Database - ExecuteScalarAsync
2024-06-05 17:46:02.723 -05:00 [INF] INICIO | RegularizacionRepository - AddRegularizacionAsync
2024-06-05 17:46:09.562 -05:00 [INF] INICIO | Database - ExecuteScalarAsync
2024-06-05 17:46:09.598 -05:00 [WRN] SqlException | Database - ExecuteScalarAsync:
Procedure or function SP_REGULARIZACION has too many arguments specified.
2024-06-05 17:46:09.612 -05:00 [INF] FIN | Database - ExecuteScalarAsync
2024-06-05 17:46:15.283 -05:00 [INF] INICIO | RegularizacionRepository - AddRegularizacionAsync
2024-06-05 17:46:55.701 -05:00 [INF] INICIO | Database - ExecuteScalarAsync
2024-06-05 17:47:37.143 -05:00 [WRN] SqlException | Database - ExecuteScalarAsync:
Procedure or function SP_REGULARIZACION has too many arguments specified.
2024-06-05 17:47:37.158 -05:00 [INF] FIN | Database - ExecuteScalarAsync
2024-06-05 17:47:41.201 -05:00 [INF] INICIO | RegularizacionRepository - AddRegularizacionAsync
2024-06-05 17:47:41.859 -05:00 [INF] INICIO | Database - ExecuteScalarAsync
2024-06-05 17:49:50.824 -05:00 [INF] INICIO | RegularizacionRepository - AddRegularizacionAsync
2024-06-05 17:49:51.630 -05:00 [INF] INICIO | Database - ExecuteScalarAsync
2024-06-05 17:50:05.632 -05:00 [INF] FIN | Database - ExecuteScalarAsync
2024-06-05 17:50:05.632 -05:00 [INF] FIN | RegularizacionRepository - AddRegularizacionAsync
2024-06-05 17:50:28.169 -05:00 [INF] INICIO | RegularizacionRepository - GetRegularizacionesAsync
2024-06-05 17:50:28.194 -05:00 [INF] FIN | Database - ExecuteReaderAsync
2024-06-05 17:50:28.194 -05:00 [INF] FIN | RegularizacionRepository - GetRegularizacionesAsync
