2024-06-05 14:32:20.451 -05:00 [INF] INICIO | PendientesRepository - CambiarEstadoRegularizacion
2024-06-05 14:32:20.610 -05:00 [INF] INICIO | PendientesRepository - CambiarEstadoEnEspera
2024-06-05 14:32:21.177 -05:00 [INF] FIN | Database - ExecuteReaderAsync
2024-06-05 14:32:21.177 -05:00 [INF] FIN | PendientesRepository - CambiarEstadoEnEspera
2024-06-05 14:32:21.178 -05:00 [INF] INICIO | PendientesRepository - cambiarEstadoEnSubsanacion
2024-06-05 14:32:21.182 -05:00 [INF] FIN | Database - ExecuteReaderAsync
2024-06-05 14:32:21.182 -05:00 [INF] FIN | PendientesRepository - cambiarEstadoEnSubsanacion
2024-06-05 14:32:21.184 -05:00 [INF] INICIO | PendientesRepository - cambiarEstadoNegado
2024-06-05 14:32:21.185 -05:00 [INF] FIN | Database - ExecuteReaderAsync
2024-06-05 14:32:21.185 -05:00 [INF] FIN | PendientesRepository - cambiarEstadoNegado
2024-06-05 14:32:21.186 -05:00 [INF] INICIO | PendientesRepository - CambiarEstadoVueltaASubir
2024-06-05 14:32:21.186 -05:00 [INF] FIN | Database - ExecuteReaderAsync
2024-06-05 14:32:21.186 -05:00 [INF] FIN | PendientesRepository - CambiarEstadoVueltaASubir
2024-06-05 14:32:21.187 -05:00 [INF] INICIO | PendientesRepository - CambiarEstadoAprobado
2024-06-05 14:32:21.187 -05:00 [INF] FIN | Database - ExecuteReaderAsync
2024-06-05 14:32:21.187 -05:00 [INF] FIN | PendientesRepository - CambiarEstadoAprobado
2024-06-05 14:32:21.187 -05:00 [INF] FIN | PendientesRepository - CambiarEstadoRegularizacion
2024-06-05 18:21:04.076 -05:00 [INF] INICIO | PendientesRepository - CambiarEstadoRegularizacion
2024-06-05 18:21:04.162 -05:00 [INF] INICIO | PendientesRepository - CambiarEstadoEnEspera
2024-06-05 18:21:04.382 -05:00 [INF] FIN | Database - ExecuteReaderAsync
2024-06-05 18:22:31.234 -05:00 [INF] INICIO | PendientesRepository - CambiarEstadoRegularizacion
2024-06-05 18:22:31.234 -05:00 [INF] INICIO | PendientesRepository - CambiarEstadoEnEspera
2024-06-05 18:22:31.252 -05:00 [INF] FIN | Database - ExecuteReaderAsync
2024-06-05 18:32:22.881 -05:00 [INF] FIN | Database - ExecuteReaderAsync
2024-06-05 19:19:33.437 -05:00 [INF] FIN | Database - ExecuteReaderAsync
2024-06-05 21:02:04.781 -05:00 [INF] INICIO | PendientesRepository - CambiarEstadoRegularizacion
2024-06-05 21:02:04.969 -05:00 [INF] INICIO | PendientesRepository - CambiarEstadoEnEspera
2024-06-05 21:02:05.291 -05:00 [INF] FIN | Database - ExecuteReaderAsync
2024-06-05 21:02:59.476 -05:00 [INF] INICIO | PendientesRepository - CambiarEstadoRegularizacion
2024-06-05 21:02:59.476 -05:00 [INF] INICIO | PendientesRepository - CambiarEstadoEnEspera
2024-06-05 21:02:59.489 -05:00 [INF] FIN | Database - ExecuteReaderAsync
2024-06-05 21:08:07.276 -05:00 [INF] INICIO | PendientesRepository - CambiarEstadoRegularizacion
2024-06-05 21:08:07.276 -05:00 [INF] INICIO | PendientesRepository - CambiarEstadoEnEspera
2024-06-05 21:08:07.282 -05:00 [INF] FIN | Database - ExecuteReaderAsync
2024-06-05 22:32:52.765 -05:00 [INF] FIN | PendientesRepository - CambiarEstadoEnEspera
2024-06-05 22:32:52.769 -05:00 [INF] INICIO | PendientesRepository - cambiarEstadoEnSubsanacion
2024-06-05 22:32:53.079 -05:00 [INF] FIN | Database - ExecuteReaderAsync
2024-06-05 22:32:53.079 -05:00 [INF] FIN | PendientesRepository - cambiarEstadoEnSubsanacion
2024-06-05 22:32:53.080 -05:00 [INF] INICIO | PendientesRepository - cambiarEstadoNegado
2024-06-05 22:32:53.972 -05:00 [INF] FIN | Database - ExecuteReaderAsync
2024-06-05 22:32:53.972 -05:00 [INF] FIN | PendientesRepository - cambiarEstadoNegado
2024-06-05 22:32:53.973 -05:00 [INF] INICIO | PendientesRepository - CambiarEstadoVueltaASubir
2024-06-05 22:32:53.973 -05:00 [INF] FIN | Database - ExecuteReaderAsync
2024-06-05 22:32:53.973 -05:00 [INF] FIN | PendientesRepository - CambiarEstadoVueltaASubir
2024-06-05 22:32:53.974 -05:00 [INF] INICIO | PendientesRepository - CambiarEstadoAprobado
2024-06-05 22:32:53.975 -05:00 [INF] FIN | Database - ExecuteReaderAsync
2024-06-05 22:32:53.975 -05:00 [INF] FIN | PendientesRepository - CambiarEstadoAprobado
2024-06-05 22:32:53.975 -05:00 [INF] FIN | PendientesRepository - CambiarEstadoRegularizacion
2024-06-05 22:32:54.032 -05:00 [INF] INICIO | PendientesRepository - CambiarEstadoRegularizacion
2024-06-05 22:32:54.032 -05:00 [INF] INICIO | PendientesRepository - CambiarEstadoEnEspera
2024-06-05 22:32:54.034 -05:00 [INF] FIN | Database - ExecuteReaderAsync
2024-06-05 22:33:03.666 -05:00 [INF] INICIO | PendientesRepository - CambiarEstadoRegularizacion
2024-06-05 22:33:03.667 -05:00 [INF] INICIO | PendientesRepository - CambiarEstadoEnEspera
2024-06-05 22:33:04.363 -05:00 [INF] FIN | Database - ExecuteReaderAsync
2024-06-05 22:33:27.465 -05:00 [INF] FIN | PendientesRepository - CambiarEstadoEnEspera
2024-06-05 22:33:27.465 -05:00 [INF] INICIO | PendientesRepository - cambiarEstadoEnSubsanacion
2024-06-05 22:33:27.499 -05:00 [INF] FIN | Database - ExecuteReaderAsync
2024-06-05 22:33:27.499 -05:00 [INF] FIN | PendientesRepository - cambiarEstadoEnSubsanacion
2024-06-05 22:33:27.499 -05:00 [INF] INICIO | PendientesRepository - cambiarEstadoNegado
2024-06-05 22:33:27.503 -05:00 [INF] FIN | Database - ExecuteReaderAsync
2024-06-05 22:33:27.505 -05:00 [INF] FIN | PendientesRepository - cambiarEstadoNegado
2024-06-05 22:33:27.505 -05:00 [INF] INICIO | PendientesRepository - CambiarEstadoVueltaASubir
2024-06-05 22:33:27.507 -05:00 [INF] FIN | Database - ExecuteReaderAsync
2024-06-05 22:33:27.508 -05:00 [INF] FIN | PendientesRepository - CambiarEstadoVueltaASubir
2024-06-05 22:33:27.508 -05:00 [INF] INICIO | PendientesRepository - CambiarEstadoAprobado
2024-06-05 22:33:27.510 -05:00 [INF] FIN | Database - ExecuteReaderAsync
2024-06-05 22:33:27.511 -05:00 [INF] FIN | PendientesRepository - CambiarEstadoAprobado
2024-06-05 22:33:27.511 -05:00 [INF] FIN | PendientesRepository - CambiarEstadoRegularizacion
2024-06-05 22:40:40.426 -05:00 [INF] FIN | PendientesRepository - CambiarEstadoEnEspera
2024-06-05 22:40:40.427 -05:00 [INF] INICIO | PendientesRepository - cambiarEstadoEnSubsanacion
2024-06-05 22:40:40.486 -05:00 [INF] FIN | Database - ExecuteReaderAsync
2024-06-05 22:40:40.486 -05:00 [INF] FIN | PendientesRepository - cambiarEstadoEnSubsanacion
2024-06-05 22:40:40.486 -05:00 [INF] INICIO | PendientesRepository - cambiarEstadoNegado
2024-06-05 22:40:40.487 -05:00 [INF] FIN | Database - ExecuteReaderAsync
2024-06-05 22:40:40.487 -05:00 [INF] FIN | PendientesRepository - cambiarEstadoNegado
2024-06-05 22:40:40.487 -05:00 [INF] INICIO | PendientesRepository - CambiarEstadoVueltaASubir
2024-06-05 22:40:40.488 -05:00 [INF] FIN | Database - ExecuteReaderAsync
2024-06-05 22:40:40.488 -05:00 [INF] FIN | PendientesRepository - CambiarEstadoVueltaASubir
2024-06-05 22:40:40.488 -05:00 [INF] INICIO | PendientesRepository - CambiarEstadoAprobado
2024-06-05 22:40:40.489 -05:00 [INF] FIN | Database - ExecuteReaderAsync
2024-06-05 22:40:40.489 -05:00 [INF] FIN | PendientesRepository - CambiarEstadoAprobado
2024-06-05 22:40:40.489 -05:00 [INF] FIN | PendientesRepository - CambiarEstadoRegularizacion
2024-06-05 22:41:00.298 -05:00 [INF] INICIO | PendientesRepository - CambiarEstadoRegularizacion
2024-06-05 22:41:00.298 -05:00 [INF] INICIO | PendientesRepository - CambiarEstadoEnEspera
2024-06-05 22:41:00.320 -05:00 [INF] FIN | Database - ExecuteReaderAsync
2024-06-05 22:44:14.173 -05:00 [INF] FIN | PendientesRepository - CambiarEstadoEnEspera
2024-06-05 22:44:14.173 -05:00 [INF] INICIO | PendientesRepository - cambiarEstadoEnSubsanacion
2024-06-05 22:44:14.182 -05:00 [INF] INICIO | PendientesRepository - CambiarEstadoRegularizacion
2024-06-05 22:44:14.182 -05:00 [INF] INICIO | PendientesRepository - CambiarEstadoEnEspera
2024-06-05 22:44:14.197 -05:00 [INF] FIN | Database - ExecuteReaderAsync
2024-06-05 22:44:14.197 -05:00 [INF] FIN | PendientesRepository - cambiarEstadoEnSubsanacion
2024-06-05 22:44:14.197 -05:00 [INF] INICIO | PendientesRepository - cambiarEstadoNegado
2024-06-05 22:44:14.198 -05:00 [INF] FIN | Database - ExecuteReaderAsync
2024-06-05 22:44:14.198 -05:00 [INF] FIN | PendientesRepository - cambiarEstadoNegado
2024-06-05 22:44:14.198 -05:00 [INF] INICIO | PendientesRepository - CambiarEstadoVueltaASubir
2024-06-05 22:44:14.198 -05:00 [INF] FIN | Database - ExecuteReaderAsync
2024-06-05 22:44:14.198 -05:00 [INF] FIN | PendientesRepository - CambiarEstadoVueltaASubir
2024-06-05 22:44:14.198 -05:00 [INF] INICIO | PendientesRepository - CambiarEstadoAprobado
2024-06-05 22:44:14.199 -05:00 [INF] FIN | Database - ExecuteReaderAsync
2024-06-05 22:44:14.199 -05:00 [INF] FIN | PendientesRepository - CambiarEstadoAprobado
2024-06-05 22:44:14.199 -05:00 [INF] FIN | PendientesRepository - CambiarEstadoRegularizacion
2024-06-05 22:44:14.204 -05:00 [INF] FIN | Database - ExecuteReaderAsync
2024-06-05 22:44:18.659 -05:00 [INF] FIN | PendientesRepository - CambiarEstadoEnEspera
2024-06-05 22:44:18.659 -05:00 [INF] INICIO | PendientesRepository - cambiarEstadoEnSubsanacion
2024-06-05 22:44:18.661 -05:00 [INF] FIN | Database - ExecuteReaderAsync
2024-06-05 22:44:18.661 -05:00 [INF] FIN | PendientesRepository - cambiarEstadoEnSubsanacion
2024-06-05 22:44:18.661 -05:00 [INF] INICIO | PendientesRepository - cambiarEstadoNegado
2024-06-05 22:44:18.663 -05:00 [INF] FIN | Database - ExecuteReaderAsync
2024-06-05 22:44:18.664 -05:00 [INF] FIN | PendientesRepository - cambiarEstadoNegado
2024-06-05 22:44:18.664 -05:00 [INF] INICIO | PendientesRepository - CambiarEstadoVueltaASubir
2024-06-05 22:44:18.665 -05:00 [INF] FIN | Database - ExecuteReaderAsync
2024-06-05 22:44:18.665 -05:00 [INF] FIN | PendientesRepository - CambiarEstadoVueltaASubir
2024-06-05 22:44:18.665 -05:00 [INF] INICIO | PendientesRepository - CambiarEstadoAprobado
2024-06-05 22:44:18.667 -05:00 [INF] FIN | Database - ExecuteReaderAsync
2024-06-05 22:44:18.667 -05:00 [INF] FIN | PendientesRepository - CambiarEstadoAprobado
2024-06-05 22:44:18.668 -05:00 [INF] FIN | PendientesRepository - CambiarEstadoRegularizacion
2024-06-05 22:45:00.252 -05:00 [INF] INICIO | PendientesRepository - CambiarEstadoRegularizacion
2024-06-05 22:45:00.252 -05:00 [INF] INICIO | PendientesRepository - CambiarEstadoEnEspera
2024-06-05 22:45:00.254 -05:00 [INF] FIN | Database - ExecuteReaderAsync
2024-06-05 22:45:42.064 -05:00 [INF] FIN | PendientesRepository - CambiarEstadoEnEspera
2024-06-05 22:45:43.839 -05:00 [INF] INICIO | PendientesRepository - cambiarEstadoEnSubsanacion
2024-06-05 22:45:43.861 -05:00 [INF] FIN | Database - ExecuteReaderAsync
2024-06-05 22:45:43.861 -05:00 [INF] FIN | PendientesRepository - cambiarEstadoEnSubsanacion
2024-06-05 22:45:44.660 -05:00 [INF] INICIO | PendientesRepository - cambiarEstadoNegado
2024-06-05 22:45:44.661 -05:00 [INF] FIN | Database - ExecuteReaderAsync
2024-06-05 22:45:44.662 -05:00 [INF] FIN | PendientesRepository - cambiarEstadoNegado
2024-06-05 22:45:45.186 -05:00 [INF] INICIO | PendientesRepository - CambiarEstadoVueltaASubir
2024-06-05 22:45:45.187 -05:00 [INF] FIN | Database - ExecuteReaderAsync
2024-06-05 22:45:45.187 -05:00 [INF] FIN | PendientesRepository - CambiarEstadoVueltaASubir
2024-06-05 22:45:45.711 -05:00 [INF] INICIO | PendientesRepository - CambiarEstadoAprobado
2024-06-05 22:45:45.712 -05:00 [INF] FIN | Database - ExecuteReaderAsync
2024-06-05 22:45:45.712 -05:00 [INF] FIN | PendientesRepository - CambiarEstadoAprobado
2024-06-05 22:45:46.153 -05:00 [INF] FIN | PendientesRepository - CambiarEstadoRegularizacion
2024-06-05 22:45:59.773 -05:00 [INF] INICIO | PendientesRepository - CambiarEstadoRegularizacion
2024-06-05 22:45:59.773 -05:00 [INF] INICIO | PendientesRepository - CambiarEstadoEnEspera
2024-06-05 22:45:59.774 -05:00 [INF] FIN | Database - ExecuteReaderAsync
2024-06-05 22:46:07.142 -05:00 [INF] FIN | PendientesRepository - CambiarEstadoEnEspera
2024-06-05 22:46:07.142 -05:00 [INF] INICIO | PendientesRepository - cambiarEstadoEnSubsanacion
2024-06-05 22:46:07.142 -05:00 [INF] FIN | Database - ExecuteReaderAsync
2024-06-05 22:46:07.142 -05:00 [INF] FIN | PendientesRepository - cambiarEstadoEnSubsanacion
2024-06-05 22:46:07.142 -05:00 [INF] INICIO | PendientesRepository - cambiarEstadoNegado
2024-06-05 22:46:07.143 -05:00 [INF] FIN | Database - ExecuteReaderAsync
2024-06-05 22:46:07.143 -05:00 [INF] FIN | PendientesRepository - cambiarEstadoNegado
2024-06-05 22:46:07.143 -05:00 [INF] INICIO | PendientesRepository - CambiarEstadoVueltaASubir
2024-06-05 22:46:07.143 -05:00 [INF] FIN | Database - ExecuteReaderAsync
2024-06-05 22:46:07.143 -05:00 [INF] FIN | PendientesRepository - CambiarEstadoVueltaASubir
2024-06-05 22:46:07.143 -05:00 [INF] INICIO | PendientesRepository - CambiarEstadoAprobado
2024-06-05 22:46:07.144 -05:00 [INF] FIN | Database - ExecuteReaderAsync
2024-06-05 22:46:07.144 -05:00 [INF] FIN | PendientesRepository - CambiarEstadoAprobado
2024-06-05 22:46:07.144 -05:00 [INF] FIN | PendientesRepository - CambiarEstadoRegularizacion
2024-06-05 22:46:36.250 -05:00 [INF] INICIO | PendientesRepository - CambiarEstadoRegularizacion
2024-06-05 22:46:36.437 -05:00 [INF] INICIO | PendientesRepository - CambiarEstadoEnEspera
2024-06-05 22:46:36.803 -05:00 [INF] FIN | Database - ExecuteReaderAsync
2024-06-05 22:46:45.214 -05:00 [INF] FIN | PendientesRepository - CambiarEstadoEnEspera
2024-06-05 22:46:45.214 -05:00 [INF] INICIO | PendientesRepository - cambiarEstadoEnSubsanacion
2024-06-05 22:46:45.216 -05:00 [INF] FIN | Database - ExecuteReaderAsync
2024-06-05 22:46:45.217 -05:00 [INF] FIN | PendientesRepository - cambiarEstadoEnSubsanacion
2024-06-05 22:46:45.217 -05:00 [INF] INICIO | PendientesRepository - cambiarEstadoNegado
2024-06-05 22:46:45.218 -05:00 [INF] FIN | Database - ExecuteReaderAsync
2024-06-05 22:46:45.218 -05:00 [INF] FIN | PendientesRepository - cambiarEstadoNegado
2024-06-05 22:46:45.219 -05:00 [INF] INICIO | PendientesRepository - CambiarEstadoVueltaASubir
2024-06-05 22:46:45.219 -05:00 [INF] FIN | Database - ExecuteReaderAsync
2024-06-05 22:46:45.219 -05:00 [INF] FIN | PendientesRepository - CambiarEstadoVueltaASubir
2024-06-05 22:46:45.220 -05:00 [INF] INICIO | PendientesRepository - CambiarEstadoAprobado
2024-06-05 22:46:45.220 -05:00 [INF] FIN | Database - ExecuteReaderAsync
2024-06-05 22:46:45.220 -05:00 [INF] FIN | PendientesRepository - CambiarEstadoAprobado
2024-06-05 22:46:45.220 -05:00 [INF] FIN | PendientesRepository - CambiarEstadoRegularizacion
2024-06-05 22:47:44.835 -05:00 [INF] INICIO | PendientesRepository - CambiarEstadoRegularizacion
2024-06-05 22:47:44.835 -05:00 [INF] INICIO | PendientesRepository - CambiarEstadoEnEspera
2024-06-05 22:47:44.867 -05:00 [INF] FIN | Database - ExecuteReaderAsync
2024-06-05 22:57:55.208 -05:00 [INF] FIN | PendientesRepository - CambiarEstadoEnEspera
2024-06-05 22:57:55.208 -05:00 [INF] INICIO | PendientesRepository - cambiarEstadoEnSubsanacion
2024-06-05 22:57:55.258 -05:00 [INF] FIN | Database - ExecuteReaderAsync
2024-06-05 22:57:55.258 -05:00 [INF] FIN | PendientesRepository - cambiarEstadoEnSubsanacion
2024-06-05 22:57:55.258 -05:00 [INF] INICIO | PendientesRepository - cambiarEstadoNegado
2024-06-05 22:57:55.258 -05:00 [INF] FIN | Database - ExecuteReaderAsync
2024-06-05 22:57:55.258 -05:00 [INF] FIN | PendientesRepository - cambiarEstadoNegado
2024-06-05 22:57:55.258 -05:00 [INF] INICIO | PendientesRepository - CambiarEstadoVueltaASubir
2024-06-05 22:57:55.259 -05:00 [INF] FIN | Database - ExecuteReaderAsync
2024-06-05 22:57:55.259 -05:00 [INF] FIN | PendientesRepository - CambiarEstadoVueltaASubir
2024-06-05 22:57:55.259 -05:00 [INF] INICIO | PendientesRepository - CambiarEstadoAprobado
2024-06-05 22:57:55.260 -05:00 [INF] FIN | Database - ExecuteReaderAsync
2024-06-05 22:57:55.260 -05:00 [INF] FIN | PendientesRepository - CambiarEstadoAprobado
2024-06-05 22:57:55.260 -05:00 [INF] FIN | PendientesRepository - CambiarEstadoRegularizacion
2024-06-05 22:58:56.897 -05:00 [INF] INICIO | PendientesRepository - CambiarEstadoRegularizacion
2024-06-05 22:58:56.967 -05:00 [INF] INICIO | PendientesRepository - CambiarEstadoEnEspera
2024-06-05 22:58:57.201 -05:00 [INF] FIN | Database - ExecuteReaderAsync
2024-06-05 22:59:49.551 -05:00 [INF] INICIO | PendientesRepository - CambiarEstadoRegularizacion
2024-06-05 22:59:49.551 -05:00 [INF] INICIO | PendientesRepository - CambiarEstadoEnEspera
2024-06-05 22:59:49.562 -05:00 [INF] FIN | Database - ExecuteReaderAsync
2024-06-05 23:02:23.131 -05:00 [INF] INICIO | PendientesRepository - CambiarEstadoRegularizacion
2024-06-05 23:02:23.131 -05:00 [INF] INICIO | PendientesRepository - CambiarEstadoEnEspera
2024-06-05 23:02:25.873 -05:00 [INF] FIN | Database - ExecuteReaderAsync
2024-06-05 23:02:29.879 -05:00 [INF] INICIO | PendientesRepository - CambiarEstadoRegularizacion
2024-06-05 23:02:29.882 -05:00 [INF] INICIO | PendientesRepository - CambiarEstadoEnEspera
2024-06-05 23:02:29.886 -05:00 [INF] FIN | Database - ExecuteReaderAsync
2024-06-05 23:02:59.934 -05:00 [INF] INICIO | PendientesRepository - CambiarEstadoRegularizacion
2024-06-05 23:02:59.934 -05:00 [INF] INICIO | PendientesRepository - CambiarEstadoEnEspera
2024-06-05 23:02:59.944 -05:00 [INF] FIN | Database - ExecuteReaderAsync
2024-06-05 23:07:34.540 -05:00 [INF] INICIO | PendientesRepository - CambiarEstadoRegularizacion
2024-06-05 23:07:34.674 -05:00 [INF] INICIO | PendientesRepository - CambiarEstadoEnEspera
2024-06-05 23:07:35.146 -05:00 [INF] FIN | Database - ExecuteReaderAsync
2024-06-05 23:09:22.829 -05:00 [INF] INICIO | PendientesRepository - CambiarEstadoRegularizacion
2024-06-05 23:09:22.829 -05:00 [INF] INICIO | PendientesRepository - CambiarEstadoEnEspera
2024-06-05 23:09:22.839 -05:00 [INF] FIN | Database - ExecuteReaderAsync
2024-06-05 23:09:36.146 -05:00 [INF] INICIO | PendientesRepository - CambiarEstadoRegularizacion
2024-06-05 23:09:36.146 -05:00 [INF] INICIO | PendientesRepository - CambiarEstadoEnEspera
2024-06-05 23:09:36.149 -05:00 [INF] FIN | Database - ExecuteReaderAsync
2024-06-05 23:10:39.955 -05:00 [INF] INICIO | PendientesRepository - CambiarEstadoRegularizacion
2024-06-05 23:10:39.955 -05:00 [INF] INICIO | PendientesRepository - CambiarEstadoEnEspera
2024-06-05 23:10:39.965 -05:00 [INF] FIN | Database - ExecuteReaderAsync
2024-06-05 23:11:32.455 -05:00 [INF] INICIO | PendientesRepository - CambiarEstadoRegularizacion
2024-06-05 23:11:32.455 -05:00 [INF] INICIO | PendientesRepository - CambiarEstadoEnEspera
2024-06-05 23:11:32.459 -05:00 [INF] FIN | Database - ExecuteReaderAsync
2024-06-05 23:12:32.469 -05:00 [INF] INICIO | PendientesRepository - CambiarEstadoRegularizacion
2024-06-05 23:12:32.469 -05:00 [INF] INICIO | PendientesRepository - CambiarEstadoEnEspera
2024-06-05 23:12:32.471 -05:00 [INF] FIN | Database - ExecuteReaderAsync
2024-06-05 23:13:32.483 -05:00 [INF] INICIO | PendientesRepository - CambiarEstadoRegularizacion
2024-06-05 23:13:32.483 -05:00 [INF] INICIO | PendientesRepository - CambiarEstadoEnEspera
2024-06-05 23:13:32.490 -05:00 [INF] FIN | Database - ExecuteReaderAsync
2024-06-05 23:14:32.462 -05:00 [INF] INICIO | PendientesRepository - CambiarEstadoRegularizacion
2024-06-05 23:14:32.462 -05:00 [INF] INICIO | PendientesRepository - CambiarEstadoEnEspera
2024-06-05 23:14:32.464 -05:00 [INF] FIN | Database - ExecuteReaderAsync
2024-06-05 23:16:52.886 -05:00 [INF] INICIO | PendientesRepository - CambiarEstadoRegularizacion
2024-06-05 23:16:52.886 -05:00 [INF] INICIO | PendientesRepository - CambiarEstadoRegularizacion
2024-06-05 23:16:52.886 -05:00 [INF] INICIO | PendientesRepository - CambiarEstadoEnEspera
2024-06-05 23:16:52.886 -05:00 [INF] INICIO | PendientesRepository - CambiarEstadoEnEspera
2024-06-05 23:16:52.899 -05:00 [INF] FIN | Database - ExecuteReaderAsync
2024-06-05 23:16:52.901 -05:00 [INF] FIN | Database - ExecuteReaderAsync
2024-06-05 23:17:44.555 -05:00 [INF] INICIO | PendientesRepository - CambiarEstadoRegularizacion
2024-06-05 23:17:44.555 -05:00 [INF] INICIO | PendientesRepository - CambiarEstadoEnEspera
2024-06-05 23:17:45.668 -05:00 [INF] FIN | Database - ExecuteReaderAsync
2024-06-05 23:19:27.626 -05:00 [INF] INICIO | PendientesRepository - CambiarEstadoRegularizacion
2024-06-05 23:19:27.626 -05:00 [INF] INICIO | PendientesRepository - CambiarEstadoEnEspera
2024-06-05 23:19:27.630 -05:00 [INF] FIN | Database - ExecuteReaderAsync
2024-06-05 23:19:41.742 -05:00 [INF] INICIO | PendientesRepository - CambiarEstadoRegularizacion
2024-06-05 23:19:41.742 -05:00 [INF] INICIO | PendientesRepository - CambiarEstadoEnEspera
2024-06-05 23:19:41.743 -05:00 [INF] FIN | Database - ExecuteReaderAsync
2024-06-05 23:20:32.484 -05:00 [INF] INICIO | PendientesRepository - CambiarEstadoRegularizacion
2024-06-05 23:20:32.484 -05:00 [INF] INICIO | PendientesRepository - CambiarEstadoEnEspera
2024-06-05 23:20:32.487 -05:00 [INF] FIN | Database - ExecuteReaderAsync
2024-06-05 23:21:32.467 -05:00 [INF] INICIO | PendientesRepository - CambiarEstadoRegularizacion
2024-06-05 23:21:32.467 -05:00 [INF] INICIO | PendientesRepository - CambiarEstadoEnEspera
2024-06-05 23:21:32.478 -05:00 [INF] FIN | Database - ExecuteReaderAsync
